# JRE version: Java(TM) SE Runtime Environment (23.0.1+11) (build 23.0.1+11-39)
# Java VM: Java HotSpot(TM) 64-Bit Server VM (23.0.1+11-39, mixed mode, sharing, tiered, compressed oops, compressed class ptrs, g1 gc, windows-amd64)
GC Precious Log:
 CardTable entry size: 512
 Card Set container configuration: InlinePtr #cards 5 size 8 Array Of Cards #cards 10 size 36 Howl #buckets 4 coarsen threshold 1843 Howl Bitmap #cards 512 size 80 coarsen threshold 460 Card regions per heap region 1 cards per card region 2048
 CPUs: 4 total, 4 available
 Memory: 3498M
 Large Page Support: Disabled
 NUMA Support: Disabled
 Compressed Oops: Enabled (32-bit)
 Heap Region Size: 1M
 Heap Min Capacity: 8M
 Heap Initial Capacity: 56M
 Heap Max Capacity: 876M
 Pre-touch: Disabled
 Parallel Workers: 4
 Concurrent Workers: 1
 Concurrent Refinement Workers: 4
 Periodic GC: Disabled
Heap:
 garbage-first heap   total reserved 897024K, committed 89088K, used 51796K [0x00000000c9400000, 0x0000000100000000)
  region size 1024K, 10 young (10240K), 5 survivors (5120K)
 Metaspace       used 76733K, committed 77632K, reserved 1179648K
  class space    used 10651K, committed 11072K, reserved 1048576K
GC Heap History (20 events):
Event: 57.342 GC heap before
{Heap before GC invocations=25 (full 0):
 garbage-first heap   total reserved 897024K, committed 56320K, used 48580K [0x00000000c9400000, 0x0000000100000000)
  region size 1024K, 17 young (17408K), 3 survivors (3072K)
 Metaspace       used 68730K, committed 69376K, reserved 1114112K
  class space    used 9521K, committed 9792K, reserved 1048576K
}
Event: 57.355 GC heap after
{Heap after GC invocations=26 (full 0):
 garbage-first heap   total reserved 897024K, committed 56320K, used 34933K [0x00000000c9400000, 0x0000000100000000)
  region size 1024K, 3 young (3072K), 3 survivors (3072K)
 Metaspace       used 68730K, committed 69376K, reserved 1114112K
  class space    used 9521K, committed 9792K, reserved 1048576K
}
Event: 58.064 GC heap before
{Heap before GC invocations=26 (full 0):
 garbage-first heap   total reserved 897024K, committed 56320K, used 48245K [0x00000000c9400000, 0x0000000100000000)
  region size 1024K, 16 young (16384K), 3 survivors (3072K)
 Metaspace       used 69443K, committed 70144K, reserved 1114112K
  class space    used 9626K, committed 9920K, reserved 1048576K
}
Event: 58.078 GC heap after
{Heap after GC invocations=27 (full 0):
 garbage-first heap   total reserved 897024K, committed 56320K, used 36140K [0x00000000c9400000, 0x0000000100000000)
  region size 1024K, 2 young (2048K), 2 survivors (2048K)
 Metaspace       used 69443K, committed 70144K, reserved 1114112K
  class space    used 9626K, committed 9920K, reserved 1048576K
}
Event: 58.962 GC heap before
{Heap before GC invocations=28 (full 0):
 garbage-first heap   total reserved 897024K, committed 61440K, used 50476K [0x00000000c9400000, 0x0000000100000000)
  region size 1024K, 16 young (16384K), 2 survivors (2048K)
 Metaspace       used 69828K, committed 70592K, reserved 1114112K
  class space    used 9666K, committed 9984K, reserved 1048576K
}
Event: 58.972 GC heap after
{Heap after GC invocations=29 (full 0):
 garbage-first heap   total reserved 897024K, committed 61440K, used 37369K [0x00000000c9400000, 0x0000000100000000)
  region size 1024K, 2 young (2048K), 2 survivors (2048K)
 Metaspace       used 69828K, committed 70592K, reserved 1114112K
  class space    used 9666K, committed 9984K, reserved 1048576K
}
Event: 59.765 GC heap before
{Heap before GC invocations=29 (full 0):
 garbage-first heap   total reserved 897024K, committed 61440K, used 54777K [0x00000000c9400000, 0x0000000100000000)
  region size 1024K, 19 young (19456K), 2 survivors (2048K)
 Metaspace       used 70028K, committed 70784K, reserved 1114112K
  class space    used 9679K, committed 9984K, reserved 1048576K
}
Event: 59.781 GC heap after
{Heap after GC invocations=30 (full 0):
 garbage-first heap   total reserved 897024K, committed 61440K, used 38312K [0x00000000c9400000, 0x0000000100000000)
  region size 1024K, 3 young (3072K), 3 survivors (3072K)
 Metaspace       used 70028K, committed 70784K, reserved 1114112K
  class space    used 9679K, committed 9984K, reserved 1048576K
}
Event: 60.127 GC heap before
{Heap before GC invocations=30 (full 0):
 garbage-first heap   total reserved 897024K, committed 61440K, used 53672K [0x00000000c9400000, 0x0000000100000000)
  region size 1024K, 18 young (18432K), 3 survivors (3072K)
 Metaspace       used 70222K, committed 70912K, reserved 1114112K
  class space    used 9692K, committed 9984K, reserved 1048576K
}
Event: 60.139 GC heap after
{Heap after GC invocations=31 (full 0):
 garbage-first heap   total reserved 897024K, committed 61440K, used 39631K [0x00000000c9400000, 0x0000000100000000)
  region size 1024K, 3 young (3072K), 3 survivors (3072K)
 Metaspace       used 70222K, committed 70912K, reserved 1114112K
  class space    used 9692K, committed 9984K, reserved 1048576K
}
Event: 60.723 GC heap before
{Heap before GC invocations=32 (full 0):
 garbage-first heap   total reserved 897024K, committed 68608K, used 52943K [0x00000000c9400000, 0x0000000100000000)
  region size 1024K, 16 young (16384K), 3 survivors (3072K)
 Metaspace       used 70615K, committed 71360K, reserved 1114112K
  class space    used 9728K, committed 10048K, reserved 1048576K
}
Event: 60.732 GC heap after
{Heap after GC invocations=33 (full 0):
 garbage-first heap   total reserved 897024K, committed 68608K, used 40580K [0x00000000c9400000, 0x0000000100000000)
  region size 1024K, 2 young (2048K), 2 survivors (2048K)
 Metaspace       used 70615K, committed 71360K, reserved 1114112K
  class space    used 9728K, committed 10048K, reserved 1048576K
}
Event: 61.771 GC heap before
{Heap before GC invocations=33 (full 0):
 garbage-first heap   total reserved 897024K, committed 68608K, used 61060K [0x00000000c9400000, 0x0000000100000000)
  region size 1024K, 22 young (22528K), 2 survivors (2048K)
 Metaspace       used 72322K, committed 73088K, reserved 1114112K
  class space    used 9970K, committed 10304K, reserved 1048576K
}
Event: 61.783 GC heap after
{Heap after GC invocations=34 (full 0):
 garbage-first heap   total reserved 897024K, committed 68608K, used 41213K [0x00000000c9400000, 0x0000000100000000)
  region size 1024K, 3 young (3072K), 3 survivors (3072K)
 Metaspace       used 72322K, committed 73088K, reserved 1114112K
  class space    used 9970K, committed 10304K, reserved 1048576K
}
Event: 62.976 GC heap before
{Heap before GC invocations=34 (full 0):
 garbage-first heap   total reserved 897024K, committed 68608K, used 59645K [0x00000000c9400000, 0x0000000100000000)
  region size 1024K, 21 young (21504K), 3 survivors (3072K)
 Metaspace       used 73234K, committed 74048K, reserved 1114112K
  class space    used 10093K, committed 10432K, reserved 1048576K
}
Event: 62.986 GC heap after
{Heap after GC invocations=35 (full 0):
 garbage-first heap   total reserved 897024K, committed 68608K, used 42753K [0x00000000c9400000, 0x0000000100000000)
  region size 1024K, 3 young (3072K), 3 survivors (3072K)
 Metaspace       used 73234K, committed 74048K, reserved 1114112K
  class space    used 10093K, committed 10432K, reserved 1048576K
}
Event: 64.148 GC heap before
{Heap before GC invocations=36 (full 0):
 garbage-first heap   total reserved 897024K, committed 73728K, used 59137K [0x00000000c9400000, 0x0000000100000000)
  region size 1024K, 19 young (19456K), 3 survivors (3072K)
 Metaspace       used 73789K, committed 74624K, reserved 1114112K
  class space    used 10204K, committed 10560K, reserved 1048576K
}
Event: 64.165 GC heap after
{Heap after GC invocations=37 (full 0):
 garbage-first heap   total reserved 897024K, committed 73728K, used 43367K [0x00000000c9400000, 0x0000000100000000)
  region size 1024K, 2 young (2048K), 2 survivors (2048K)
 Metaspace       used 73789K, committed 74624K, reserved 1114112K
  class space    used 10204K, committed 10560K, reserved 1048576K
}
Event: 65.906 GC heap before
{Heap before GC invocations=37 (full 0):
 garbage-first heap   total reserved 897024K, committed 73728K, used 65895K [0x00000000c9400000, 0x0000000100000000)
  region size 1024K, 24 young (24576K), 2 survivors (2048K)
 Metaspace       used 74982K, committed 75776K, reserved 1114112K
  class space    used 10387K, committed 10752K, reserved 1048576K
}
Event: 65.930 GC heap after
{Heap after GC invocations=38 (full 0):
 garbage-first heap   total reserved 897024K, committed 89088K, used 45256K [0x00000000c9400000, 0x0000000100000000)
  region size 1024K, 3 young (3072K), 3 survivors (3072K)
 Metaspace       used 74982K, committed 75776K, reserved 1114112K
  class space    used 10387K, committed 10752K, reserved 1048576K
}

