# JRE version: Java(TM) SE Runtime Environment (23.0.1+11) (build 23.0.1+11-39)
# Java VM: Java HotSpot(TM) 64-Bit Server VM (23.0.1+11-39, mixed mode, sharing, tiered, compressed oops, compressed class ptrs, g1 gc, windows-amd64)
GC Precious Log:
 CardTable entry size: 512
 Card Set container configuration: InlinePtr #cards 5 size 8 Array Of Cards #cards 10 size 36 Howl #buckets 4 coarsen threshold 1843 Howl Bitmap #cards 512 size 80 coarsen threshold 460 Card regions per heap region 1 cards per card region 2048
 CPUs: 4 total, 4 available
 Memory: 3498M
 Large Page Support: Disabled
 NUMA Support: Disabled
 Compressed Oops: Enabled (32-bit)
 Heap Region Size: 1M
 Heap Min Capacity: 8M
 Heap Initial Capacity: 56M
 Heap Max Capacity: 876M
 Pre-touch: Disabled
 Parallel Workers: 4
 Concurrent Workers: 1
 Concurrent Refinement Workers: 4
 Periodic GC: Disabled
Heap:
 garbage-first heap   total reserved 897024K, committed 80896K, used 60068K [0x00000000c9400000, 0x0000000100000000)
  region size 1024K, 21 young (21504K), 1 survivors (1024K)
 Metaspace       used 81076K, committed 81792K, reserved 1179648K
  class space    used 11134K, committed 11520K, reserved 1048576K
GC Heap History (20 events):
Event: 12798.979 GC heap before
{Heap before GC invocations=78 (full 0):
 garbage-first heap   total reserved 897024K, committed 80896K, used 43287K [0x00000000c9400000, 0x0000000100000000)
  region size 1024K, 3 young (3072K), 1 survivors (1024K)
 Metaspace       used 78381K, committed 79744K, reserved 1179648K
  class space    used 10756K, committed 11328K, reserved 1048576K
}
Event: 12799.012 GC heap after
{Heap after GC invocations=79 (full 0):
 garbage-first heap   total reserved 897024K, committed 80896K, used 41053K [0x00000000c9400000, 0x0000000100000000)
  region size 1024K, 1 young (1024K), 1 survivors (1024K)
 Metaspace       used 78381K, committed 79744K, reserved 1179648K
  class space    used 10756K, committed 11328K, reserved 1048576K
}
Event: 12817.177 GC heap before
{Heap before GC invocations=79 (full 0):
 garbage-first heap   total reserved 897024K, committed 80896K, used 43101K [0x00000000c9400000, 0x0000000100000000)
  region size 1024K, 3 young (3072K), 1 survivors (1024K)
 Metaspace       used 78381K, committed 79744K, reserved 1179648K
  class space    used 10756K, committed 11328K, reserved 1048576K
}
Event: 12817.286 GC heap after
{Heap after GC invocations=80 (full 0):
 garbage-first heap   total reserved 897024K, committed 80896K, used 40922K [0x00000000c9400000, 0x0000000100000000)
  region size 1024K, 1 young (1024K), 1 survivors (1024K)
 Metaspace       used 78381K, committed 79744K, reserved 1179648K
  class space    used 10756K, committed 11328K, reserved 1048576K
}
Event: 13125.605 GC heap before
{Heap before GC invocations=80 (full 0):
 garbage-first heap   total reserved 897024K, committed 80896K, used 73690K [0x00000000c9400000, 0x0000000100000000)
  region size 1024K, 33 young (33792K), 1 survivors (1024K)
 Metaspace       used 78385K, committed 79744K, reserved 1179648K
  class space    used 10756K, committed 11328K, reserved 1048576K
}
Event: 13125.855 GC heap after
{Heap after GC invocations=81 (full 0):
 garbage-first heap   total reserved 897024K, committed 80896K, used 40917K [0x00000000c9400000, 0x0000000100000000)
  region size 1024K, 1 young (1024K), 1 survivors (1024K)
 Metaspace       used 78385K, committed 79744K, reserved 1179648K
  class space    used 10756K, committed 11328K, reserved 1048576K
}
Event: 13450.767 GC heap before
{Heap before GC invocations=82 (full 0):
 garbage-first heap   total reserved 897024K, committed 80896K, used 73685K [0x00000000c9400000, 0x0000000100000000)
  region size 1024K, 33 young (33792K), 1 survivors (1024K)
 Metaspace       used 78392K, committed 79744K, reserved 1179648K
  class space    used 10756K, committed 11328K, reserved 1048576K
}
Event: 13451.108 GC heap after
{Heap after GC invocations=83 (full 0):
 garbage-first heap   total reserved 897024K, committed 80896K, used 40937K [0x00000000c9400000, 0x0000000100000000)
  region size 1024K, 1 young (1024K), 1 survivors (1024K)
 Metaspace       used 78392K, committed 79744K, reserved 1179648K
  class space    used 10756K, committed 11328K, reserved 1048576K
}
Event: 13758.504 GC heap before
{Heap before GC invocations=83 (full 0):
 garbage-first heap   total reserved 897024K, committed 80896K, used 73705K [0x00000000c9400000, 0x0000000100000000)
  region size 1024K, 33 young (33792K), 1 survivors (1024K)
 Metaspace       used 78395K, committed 79744K, reserved 1179648K
  class space    used 10756K, committed 11328K, reserved 1048576K
}
Event: 13758.699 GC heap after
{Heap after GC invocations=84 (full 0):
 garbage-first heap   total reserved 897024K, committed 80896K, used 40780K [0x00000000c9400000, 0x0000000100000000)
  region size 1024K, 1 young (1024K), 1 survivors (1024K)
 Metaspace       used 78395K, committed 79744K, reserved 1179648K
  class space    used 10756K, committed 11328K, reserved 1048576K
}
Event: 13777.351 GC heap before
{Heap before GC invocations=84 (full 0):
 garbage-first heap   total reserved 897024K, committed 80896K, used 42828K [0x00000000c9400000, 0x0000000100000000)
  region size 1024K, 3 young (3072K), 1 survivors (1024K)
 Metaspace       used 78395K, committed 79744K, reserved 1179648K
  class space    used 10756K, committed 11328K, reserved 1048576K
}
Event: 13777.459 GC heap after
{Heap after GC invocations=85 (full 0):
 garbage-first heap   total reserved 897024K, committed 80896K, used 40613K [0x00000000c9400000, 0x0000000100000000)
  region size 1024K, 1 young (1024K), 1 survivors (1024K)
 Metaspace       used 78395K, committed 79744K, reserved 1179648K
  class space    used 10756K, committed 11328K, reserved 1048576K
}
Event: 14044.974 GC heap before
{Heap before GC invocations=85 (full 0):
 garbage-first heap   total reserved 897024K, committed 80896K, used 73381K [0x00000000c9400000, 0x0000000100000000)
  region size 1024K, 33 young (33792K), 1 survivors (1024K)
 Metaspace       used 78440K, committed 79744K, reserved 1179648K
  class space    used 10756K, committed 11328K, reserved 1048576K
}
Event: 14045.145 GC heap after
{Heap after GC invocations=86 (full 0):
 garbage-first heap   total reserved 897024K, committed 80896K, used 41246K [0x00000000c9400000, 0x0000000100000000)
  region size 1024K, 1 young (1024K), 1 survivors (1024K)
 Metaspace       used 78440K, committed 79744K, reserved 1179648K
  class space    used 10756K, committed 11328K, reserved 1048576K
}
Event: 14307.842 GC heap before
{Heap before GC invocations=87 (full 0):
 garbage-first heap   total reserved 897024K, committed 80896K, used 68894K [0x00000000c9400000, 0x0000000100000000)
  region size 1024K, 28 young (28672K), 1 survivors (1024K)
 Metaspace       used 78443K, committed 79808K, reserved 1179648K
  class space    used 10756K, committed 11328K, reserved 1048576K
}
Event: 14308.105 GC heap after
{Heap after GC invocations=88 (full 0):
 garbage-first heap   total reserved 897024K, committed 80896K, used 41255K [0x00000000c9400000, 0x0000000100000000)
  region size 1024K, 1 young (1024K), 1 survivors (1024K)
 Metaspace       used 78443K, committed 79808K, reserved 1179648K
  class space    used 10756K, committed 11328K, reserved 1048576K
}
Event: 14641.064 GC heap before
{Heap before GC invocations=88 (full 0):
 garbage-first heap   total reserved 897024K, committed 80896K, used 74023K [0x00000000c9400000, 0x0000000100000000)
  region size 1024K, 33 young (33792K), 1 survivors (1024K)
 Metaspace       used 78447K, committed 79808K, reserved 1179648K
  class space    used 10756K, committed 11328K, reserved 1048576K
}
Event: 14641.514 GC heap after
{Heap after GC invocations=89 (full 0):
 garbage-first heap   total reserved 897024K, committed 80896K, used 40721K [0x00000000c9400000, 0x0000000100000000)
  region size 1024K, 1 young (1024K), 1 survivors (1024K)
 Metaspace       used 78447K, committed 79808K, reserved 1179648K
  class space    used 10756K, committed 11328K, reserved 1048576K
}
Event: 14665.685 GC heap before
{Heap before GC invocations=89 (full 0):
 garbage-first heap   total reserved 897024K, committed 80896K, used 42769K [0x00000000c9400000, 0x0000000100000000)
  region size 1024K, 3 young (3072K), 1 survivors (1024K)
 Metaspace       used 78448K, committed 79808K, reserved 1179648K
  class space    used 10756K, committed 11328K, reserved 1048576K
}
Event: 14666.045 GC heap after
{Heap after GC invocations=90 (full 0):
 garbage-first heap   total reserved 897024K, committed 80896K, used 40612K [0x00000000c9400000, 0x0000000100000000)
  region size 1024K, 1 young (1024K), 1 survivors (1024K)
 Metaspace       used 78448K, committed 79808K, reserved 1179648K
  class space    used 10756K, committed 11328K, reserved 1048576K
}

