<?xml version="1.0" encoding="UTF-8"?>
<testsuite xmlns:xsi="http://www.w3.org/2001/XMLSchema-instance" xsi:noNamespaceSchemaLocation="https://maven.apache.org/surefire/maven-surefire-plugin/xsd/surefire-test-report-3.0.xsd" version="3.0" name="com.example.chi_daram.controller.UserControllerIntegrationTest" time="15.401" tests="5" errors="0" skipped="0" failures="0">
  <properties>
[...]
</properties>
  <testcase name="testGetAllUsers_Authenticated" classname="com.example.chi_daram.controller.UserControllerIntegrationTest" time="3.021">
    <system-out><![CDATA[2025-08-19T10:01:33.019+03:30  INFO 8692 --- [ChiDaram App] [           main] t.c.s.AnnotationConfigContextLoaderUtils : Could not detect default configuration classes for test class [com.example.chi_daram.controller.UserControllerIntegrationTest]: UserControllerIntegrationTest does not declare any static, non-private, non-final, nested classes annotated with @Configuration.
2025-08-19T10:01:33.114+03:30  INFO 8692 --- [ChiDaram App] [           main] .b.t.c.SpringBootTestContextBootstrapper : Found @SpringBootConfiguration com.example.chi_daram.ChiDaramAppApplication for test class com.example.chi_daram.controller.UserControllerIntegrationTest
2025-08-19T10:01:33.129+03:30  INFO 8692 --- [ChiDaram App] [           main] o.s.b.d.r.RestartApplicationListener     : Restart disabled due to context in which it is running

  .   ____          _            __ _ _
 /\\ / ___'_ __ _ _(_)_ __  __ _ \ \ \ \
( ( )\___ | '_ | '_| | '_ \/ _` | \ \ \ \
 \\/  ___)| |_)| | | | | || (_| |  ) ) ) )
  '  |____| .__|_| |_|_| |_\__, | / / / /
 =========|_|==============|___/=/_/_/_/

 :: Spring Boot ::                (v3.3.1)

2025-08-19T10:01:33.239+03:30  INFO 8692 --- [ChiDaram App] [           main] c.e.c.c.UserControllerIntegrationTest    : Starting UserControllerIntegrationTest using Java 23.0.1 with PID 8692 (started by Parnian in D:\ChiDaram App\chi_daram)
2025-08-19T10:01:33.239+03:30  INFO 8692 --- [ChiDaram App] [           main] c.e.c.c.UserControllerIntegrationTest    : The following 1 profile is active: "test"
2025-08-19T10:01:35.621+03:30  INFO 8692 --- [ChiDaram App] [           main] .s.d.r.c.RepositoryConfigurationDelegate : Bootstrapping Spring Data JPA repositories in DEFAULT mode.
2025-08-19T10:01:35.685+03:30  INFO 8692 --- [ChiDaram App] [           main] .s.d.r.c.RepositoryConfigurationDelegate : Finished Spring Data repository scanning in 58 ms. Found 12 JPA repository interfaces.
2025-08-19T10:01:36.741+03:30  INFO 8692 --- [ChiDaram App] [           main] o.hibernate.jpa.internal.util.LogHelper  : HHH000204: Processing PersistenceUnitInfo [name: default]
2025-08-19T10:01:36.759+03:30  INFO 8692 --- [ChiDaram App] [           main] o.h.c.internal.RegionFactoryInitiator    : HHH000026: Second-level cache disabled
2025-08-19T10:01:36.805+03:30  INFO 8692 --- [ChiDaram App] [           main] o.s.o.j.p.SpringPersistenceUnitInfo      : No LoadTimeWeaver setup: ignoring JPA class transformer
2025-08-19T10:01:36.805+03:30  INFO 8692 --- [ChiDaram App] [           main] com.zaxxer.hikari.HikariDataSource       : HikariPool-2 - Starting...
2025-08-19T10:01:37.011+03:30  INFO 8692 --- [ChiDaram App] [           main] com.zaxxer.hikari.pool.HikariPool        : HikariPool-2 - Added connection org.postgresql.jdbc.PgConnection@156b3428
2025-08-19T10:01:37.011+03:30  INFO 8692 --- [ChiDaram App] [           main] com.zaxxer.hikari.HikariDataSource       : HikariPool-2 - Start completed.
2025-08-19T10:01:37.026+03:30  WARN 8692 --- [ChiDaram App] [           main] org.hibernate.orm.deprecation            : HHH90000025: PostgreSQLDialect does not need to be specified explicitly using 'hibernate.dialect' (remove the property setting and it will be selected by default)
2025-08-19T10:01:38.514+03:30  INFO 8692 --- [ChiDaram App] [           main] o.h.e.t.j.p.i.JtaPlatformInitiator       : HHH000489: No JTA platform available (set 'hibernate.transaction.jta.platform' to enable JTA platform integration)
2025-08-19T10:01:39.204+03:30  INFO 8692 --- [ChiDaram App] [           main] j.LocalContainerEntityManagerFactoryBean : Initialized JPA EntityManagerFactory for persistence unit 'default'
2025-08-19T10:01:39.601+03:30  INFO 8692 --- [ChiDaram App] [           main] r$InitializeUserDetailsManagerConfigurer : Global AuthenticationManager configured with UserDetailsService bean with name customUserDetailsService
2025-08-19T10:01:41.404+03:30  INFO 8692 --- [ChiDaram App] [           main] o.s.b.a.e.web.EndpointLinksResolver      : Exposing 1 endpoint beneath base path '/actuator'
2025-08-19T10:01:42.582+03:30  WARN 8692 --- [ChiDaram App] [           main] ion$DefaultTemplateResolverConfiguration : Cannot find template location: classpath:/templates/ (please add some templates, check your Thymeleaf configuration, or set spring.thymeleaf.check-template-location=false)
2025-08-19T10:01:43.434+03:30  INFO 8692 --- [ChiDaram App] [           main] o.s.b.t.m.w.SpringBootMockServletContext : Initializing Spring TestDispatcherServlet ''
2025-08-19T10:01:43.434+03:30  INFO 8692 --- [ChiDaram App] [           main] o.s.t.web.servlet.TestDispatcherServlet  : Initializing Servlet ''
2025-08-19T10:01:43.434+03:30  INFO 8692 --- [ChiDaram App] [           main] o.s.t.web.servlet.TestDispatcherServlet  : Completed initialization in 0 ms
2025-08-19T10:01:43.560+03:30  INFO 8692 --- [ChiDaram App] [           main] c.e.c.c.UserControllerIntegrationTest    : Started UserControllerIntegrationTest in 10.431 seconds (process running for 66.574)
]]></system-out>
  </testcase>
  <testcase name="testUpdateUser_Authenticated" classname="com.example.chi_daram.controller.UserControllerIntegrationTest" time="0.552"/>
  <testcase name="testGetUserById_Authenticated" classname="com.example.chi_daram.controller.UserControllerIntegrationTest" time="0.367"/>
  <testcase name="testGetAllUsers_Unauthenticated" classname="com.example.chi_daram.controller.UserControllerIntegrationTest" time="0.41">
    <system-out><![CDATA[2025-08-19T10:01:47.922+03:30 ERROR 8692 --- [ChiDaram App] [           main] c.e.c.security.jwt.AuthEntryPointJwt     : Unauthorized error: Full authentication is required to access this resource
]]></system-out>
  </testcase>
  <testcase name="testDeleteUser_Authenticated" classname="com.example.chi_daram.controller.UserControllerIntegrationTest" time="0.449"/>
</testsuite>