<?xml version="1.0" encoding="UTF-8"?>
<testsuite xmlns:xsi="http://www.w3.org/2001/XMLSchema-instance" xsi:noNamespaceSchemaLocation="https://maven.apache.org/surefire/maven-surefire-plugin/xsd/surefire-test-report-3.0.xsd" version="3.0" name="com.example.chi_daram.ChiDaramAppApplicationTests" time="36.335" tests="1" errors="0" skipped="0" failures="0">
  <properties>
[...]
</properties>
  <testcase name="contextLoads" classname="com.example.chi_daram.ChiDaramAppApplicationTests" time="2.322">
    <system-out><![CDATA[11:32:12.103 [main] INFO org.springframework.test.context.support.AnnotationConfigContextLoaderUtils -- Could not detect default configuration classes for test class [com.example.chi_daram.ChiDaramAppApplicationTests]: ChiDaramAppApplicationTests does not declare any static, non-private, non-final, nested classes annotated with @Configuration.
11:32:12.577 [main] INFO org.springframework.boot.test.context.SpringBootTestContextBootstrapper -- Found @SpringBootConfiguration com.example.chi_daram.ChiDaramAppApplication for test class com.example.chi_daram.ChiDaramAppApplicationTests
11:32:13.359 [main] INFO org.springframework.boot.devtools.restart.RestartApplicationListener -- Restart disabled due to context in which it is running

  .   ____          _            __ _ _
 /\\ / ___'_ __ _ _(_)_ __  __ _ \ \ \ \
( ( )\___ | '_ | '_| | '_ \/ _` | \ \ \ \
 \\/  ___)| |_)| | | | | || (_| |  ) ) ) )
  '  |____| .__|_| |_|_| |_\__, | / / / /
 =========|_|==============|___/=/_/_/_/

 :: Spring Boot ::                (v3.3.1)

2025-08-24T11:32:14.594+03:30 DEBUG 1188 --- [ChiDaram App] [kground-preinit] o.h.v.i.xml.config.ValidationXmlParser   : Trying to load META-INF/validation.xml for XML based Validator configuration.
2025-08-24T11:32:14.603+03:30 DEBUG 1188 --- [ChiDaram App] [kground-preinit] o.h.v.i.xml.config.ResourceLoaderHelper  : Trying to load META-INF/validation.xml via TCCL
2025-08-24T11:32:14.605+03:30 DEBUG 1188 --- [ChiDaram App] [kground-preinit] o.h.v.i.xml.config.ResourceLoaderHelper  : Trying to load META-INF/validation.xml via Hibernate Validator's class loader
2025-08-24T11:32:14.606+03:30 DEBUG 1188 --- [ChiDaram App] [kground-preinit] o.h.v.i.xml.config.ValidationXmlParser   : No META-INF/validation.xml found. Using annotation based configuration only.
2025-08-24T11:32:14.626+03:30  INFO 1188 --- [ChiDaram App] [           main] c.e.c.ChiDaramAppApplicationTests        : Starting ChiDaramAppApplicationTests using Java 23.0.1 with PID 1188 (started by Parnian in D:\ChiDaram App\chi_daram)
2025-08-24T11:32:14.629+03:30  INFO 1188 --- [ChiDaram App] [           main] c.e.c.ChiDaramAppApplicationTests        : The following 1 profile is active: "prod"
2025-08-24T11:32:14.633+03:30 DEBUG 1188 --- [ChiDaram App] [kground-preinit] o.h.v.i.e.resolver.TraversableResolvers  : Found jakarta.persistence.Persistence on classpath containing 'getPersistenceUtil'. Assuming JPA 2 environment. Trying to instantiate JPA aware TraversableResolver
2025-08-24T11:32:14.637+03:30 DEBUG 1188 --- [ChiDaram App] [kground-preinit] o.h.v.i.e.resolver.TraversableResolvers  : Instantiated JPA aware TraversableResolver of type org.hibernate.validator.internal.engine.resolver.JPATraversableResolver.
2025-08-24T11:32:14.778+03:30 DEBUG 1188 --- [ChiDaram App] [kground-preinit] .h.v.m.ResourceBundleMessageInterpolator : Loaded expression factory via original TCCL
2025-08-24T11:32:15.432+03:30 DEBUG 1188 --- [ChiDaram App] [kground-preinit] .i.e.ValidatorFactoryConfigurationHelper : HV000252: Using org.hibernate.validator.internal.engine.DefaultPropertyNodeNameProvider as property node name provider.
2025-08-24T11:32:15.483+03:30 DEBUG 1188 --- [ChiDaram App] [kground-preinit] .i.e.ValidatorFactoryConfigurationHelper : HV000234: Using org.hibernate.validator.messageinterpolation.ResourceBundleMessageInterpolator as ValidatorFactory-scoped message interpolator.
2025-08-24T11:32:15.484+03:30 DEBUG 1188 --- [ChiDaram App] [kground-preinit] .i.e.ValidatorFactoryConfigurationHelper : HV000234: Using org.hibernate.validator.internal.engine.resolver.JPATraversableResolver as ValidatorFactory-scoped traversable resolver.
2025-08-24T11:32:15.486+03:30 DEBUG 1188 --- [ChiDaram App] [kground-preinit] .i.e.ValidatorFactoryConfigurationHelper : HV000234: Using org.hibernate.validator.internal.util.ExecutableParameterNameProvider as ValidatorFactory-scoped parameter name provider.
2025-08-24T11:32:15.488+03:30 DEBUG 1188 --- [ChiDaram App] [kground-preinit] .i.e.ValidatorFactoryConfigurationHelper : HV000234: Using org.hibernate.validator.internal.engine.DefaultClockProvider as ValidatorFactory-scoped clock provider.
2025-08-24T11:32:15.490+03:30 DEBUG 1188 --- [ChiDaram App] [kground-preinit] .i.e.ValidatorFactoryConfigurationHelper : HV000234: Using org.hibernate.validator.internal.engine.scripting.DefaultScriptEvaluatorFactory as ValidatorFactory-scoped script evaluator factory.
2025-08-24T11:32:24.382+03:30 DEBUG 1188 --- [ChiDaram App] [           main] j.LocalContainerEntityManagerFactoryBean : Building JPA container EntityManagerFactory for persistence unit 'default'
2025-08-24T11:32:24.458+03:30 DEBUG 1188 --- [ChiDaram App] [           main] o.hibernate.jpa.internal.util.LogHelper  : PersistenceUnitInfo [
	name: default
	persistence provider classname: null
	classloader: jdk.internal.loader.ClassLoaders$AppClassLoader@70dea4e
	excludeUnlistedClasses: true
	JTA datasource: null
	Non JTA datasource: HikariDataSource (null)
	Transaction type: RESOURCE_LOCAL
	PU root URL: file:/D:/ChiDaram%20App/chi_daram/target/test-classes/
	Shared Cache Mode: UNSPECIFIED
	Validation Mode: AUTO
	Jar files URLs []
	Managed classes names [
		com.example.chi_daram.entity.Categorylevel1
		com.example.chi_daram.entity.Categorylevel2
		com.example.chi_daram.entity.Decreasedocument
		com.example.chi_daram.entity.Decreasedocumentrow
		com.example.chi_daram.entity.Decreasedocumenttype
		com.example.chi_daram.entity.Dynamicfields
		com.example.chi_daram.entity.Increasedocument
		com.example.chi_daram.entity.Increasedocumentrow
		com.example.chi_daram.entity.Increasedocumenttype
		com.example.chi_daram.entity.Item
		com.example.chi_daram.entity.ItemStatus
		com.example.chi_daram.entity.User]
	Mapping files names []
	Properties []
2025-08-24T11:32:24.536+03:30 DEBUG 1188 --- [ChiDaram App] [           main] o.h.i.internal.IntegratorServiceImpl     : Adding Integrator [org.hibernate.boot.beanvalidation.BeanValidationIntegrator].
2025-08-24T11:32:24.544+03:30 DEBUG 1188 --- [ChiDaram App] [           main] o.h.i.internal.IntegratorServiceImpl     : Adding Integrator [org.hibernate.cache.internal.CollectionCacheInvalidator].
2025-08-24T11:32:24.874+03:30  INFO 1188 --- [ChiDaram App] [           main] org.hibernate.Version                    : HHH000412: Hibernate ORM core version 6.5.2.Final
2025-08-24T11:32:24.879+03:30 DEBUG 1188 --- [ChiDaram App] [           main] org.hibernate.cfg.Environment            : HHH000206: 'hibernate.properties' not found
2025-08-24T11:32:25.013+03:30 DEBUG 1188 --- [ChiDaram App] [           main] org.hibernate.orm.idgen.factory          : Registering IdentifierGenerator strategy [uuid2] -> [org.hibernate.id.UUIDGenerator]
2025-08-24T11:32:25.015+03:30 DEBUG 1188 --- [ChiDaram App] [           main] org.hibernate.orm.idgen.factory          : Registering IdentifierGenerator strategy [guid] -> [org.hibernate.id.GUIDGenerator]
2025-08-24T11:32:25.018+03:30 DEBUG 1188 --- [ChiDaram App] [           main] org.hibernate.orm.idgen.factory          : Registering IdentifierGenerator strategy [uuid] -> [org.hibernate.id.UUIDHexGenerator]
2025-08-24T11:32:25.019+03:30 DEBUG 1188 --- [ChiDaram App] [           main] org.hibernate.orm.idgen.factory          : Registering IdentifierGenerator strategy [uuid.hex] -> [org.hibernate.id.UUIDHexGenerator]
2025-08-24T11:32:25.021+03:30 DEBUG 1188 --- [ChiDaram App] [           main] org.hibernate.orm.idgen.factory          : Registering IdentifierGenerator strategy [assigned] -> [org.hibernate.id.Assigned]
2025-08-24T11:32:25.026+03:30 DEBUG 1188 --- [ChiDaram App] [           main] org.hibernate.orm.idgen.factory          : Registering IdentifierGenerator strategy [identity] -> [org.hibernate.id.IdentityGenerator]
2025-08-24T11:32:25.031+03:30 DEBUG 1188 --- [ChiDaram App] [           main] org.hibernate.orm.idgen.factory          : Registering IdentifierGenerator strategy [select] -> [org.hibernate.id.SelectGenerator]
2025-08-24T11:32:25.037+03:30 DEBUG 1188 --- [ChiDaram App] [           main] org.hibernate.orm.idgen.factory          : Registering IdentifierGenerator strategy [sequence] -> [org.hibernate.id.enhanced.SequenceStyleGenerator]
2025-08-24T11:32:25.040+03:30 DEBUG 1188 --- [ChiDaram App] [           main] org.hibernate.orm.idgen.factory          : Registering IdentifierGenerator strategy [increment] -> [org.hibernate.id.IncrementGenerator]
2025-08-24T11:32:25.043+03:30 DEBUG 1188 --- [ChiDaram App] [           main] org.hibernate.orm.idgen.factory          : Registering IdentifierGenerator strategy [foreign] -> [org.hibernate.id.ForeignGenerator]
2025-08-24T11:32:25.044+03:30 DEBUG 1188 --- [ChiDaram App] [           main] org.hibernate.orm.idgen.factory          : Registering IdentifierGenerator strategy [enhanced-sequence] -> [org.hibernate.id.enhanced.SequenceStyleGenerator]
2025-08-24T11:32:25.048+03:30 DEBUG 1188 --- [ChiDaram App] [           main] org.hibernate.orm.idgen.factory          : Registering IdentifierGenerator strategy [enhanced-table] -> [org.hibernate.id.enhanced.TableGenerator]
2025-08-24T11:32:25.080+03:30 DEBUG 1188 --- [ChiDaram App] [           main] o.h.c.internal.RegionFactoryInitiator    : Cannot default RegionFactory based on registered strategies as `[]` RegionFactory strategies were registered
2025-08-24T11:32:25.084+03:30  INFO 1188 --- [ChiDaram App] [           main] o.h.c.internal.RegionFactoryInitiator    : HHH000026: Second-level cache disabled
2025-08-24T11:32:25.632+03:30 DEBUG 1188 --- [ChiDaram App] [           main] org.hibernate.type.BasicTypeRegistry     : Adding type registration boolean -> org.hibernate.type.BasicTypeReference@35ab4260
2025-08-24T11:32:25.632+03:30 DEBUG 1188 --- [ChiDaram App] [           main] org.hibernate.type.BasicTypeRegistry     : Adding type registration boolean -> org.hibernate.type.BasicTypeReference@35ab4260
2025-08-24T11:32:25.633+03:30 DEBUG 1188 --- [ChiDaram App] [           main] org.hibernate.type.BasicTypeRegistry     : Adding type registration java.lang.Boolean -> org.hibernate.type.BasicTypeReference@35ab4260
2025-08-24T11:32:25.633+03:30 DEBUG 1188 --- [ChiDaram App] [           main] org.hibernate.type.BasicTypeRegistry     : Adding type registration numeric_boolean -> org.hibernate.type.BasicTypeReference@76134b9b
2025-08-24T11:32:25.634+03:30 DEBUG 1188 --- [ChiDaram App] [           main] org.hibernate.type.BasicTypeRegistry     : Adding type registration org.hibernate.type.NumericBooleanConverter -> org.hibernate.type.BasicTypeReference@76134b9b
2025-08-24T11:32:25.634+03:30 DEBUG 1188 --- [ChiDaram App] [           main] org.hibernate.type.BasicTypeRegistry     : Adding type registration true_false -> org.hibernate.type.BasicTypeReference@38667005
2025-08-24T11:32:25.634+03:30 DEBUG 1188 --- [ChiDaram App] [           main] org.hibernate.type.BasicTypeRegistry     : Adding type registration org.hibernate.type.TrueFalseConverter -> org.hibernate.type.BasicTypeReference@38667005
2025-08-24T11:32:25.635+03:30 DEBUG 1188 --- [ChiDaram App] [           main] org.hibernate.type.BasicTypeRegistry     : Adding type registration yes_no -> org.hibernate.type.BasicTypeReference@7ee64b53
2025-08-24T11:32:25.636+03:30 DEBUG 1188 --- [ChiDaram App] [           main] org.hibernate.type.BasicTypeRegistry     : Adding type registration org.hibernate.type.YesNoConverter -> org.hibernate.type.BasicTypeReference@7ee64b53
2025-08-24T11:32:25.637+03:30 DEBUG 1188 --- [ChiDaram App] [           main] org.hibernate.type.BasicTypeRegistry     : Adding type registration byte -> org.hibernate.type.BasicTypeReference@1131aead
2025-08-24T11:32:25.641+03:30 DEBUG 1188 --- [ChiDaram App] [           main] org.hibernate.type.BasicTypeRegistry     : Adding type registration byte -> org.hibernate.type.BasicTypeReference@1131aead
2025-08-24T11:32:25.643+03:30 DEBUG 1188 --- [ChiDaram App] [           main] org.hibernate.type.BasicTypeRegistry     : Adding type registration java.lang.Byte -> org.hibernate.type.BasicTypeReference@1131aead
2025-08-24T11:32:25.644+03:30 DEBUG 1188 --- [ChiDaram App] [           main] org.hibernate.type.BasicTypeRegistry     : Adding type registration binary -> org.hibernate.type.BasicTypeReference@7d126083
2025-08-24T11:32:25.646+03:30 DEBUG 1188 --- [ChiDaram App] [           main] org.hibernate.type.BasicTypeRegistry     : Adding type registration byte[] -> org.hibernate.type.BasicTypeReference@7d126083
2025-08-24T11:32:25.647+03:30 DEBUG 1188 --- [ChiDaram App] [           main] org.hibernate.type.BasicTypeRegistry     : Adding type registration [B -> org.hibernate.type.BasicTypeReference@7d126083
2025-08-24T11:32:25.648+03:30 DEBUG 1188 --- [ChiDaram App] [           main] org.hibernate.type.BasicTypeRegistry     : Adding type registration binary_wrapper -> org.hibernate.type.BasicTypeReference@76ffc17c
2025-08-24T11:32:25.649+03:30 DEBUG 1188 --- [ChiDaram App] [           main] org.hibernate.type.BasicTypeRegistry     : Adding type registration wrapper-binary -> org.hibernate.type.BasicTypeReference@76ffc17c
2025-08-24T11:32:25.649+03:30 DEBUG 1188 --- [ChiDaram App] [           main] org.hibernate.type.BasicTypeRegistry     : Adding type registration image -> org.hibernate.type.BasicTypeReference@3a8fb023
2025-08-24T11:32:25.650+03:30 DEBUG 1188 --- [ChiDaram App] [           main] org.hibernate.type.BasicTypeRegistry     : Adding type registration blob -> org.hibernate.type.BasicTypeReference@26d73519
2025-08-24T11:32:25.651+03:30 DEBUG 1188 --- [ChiDaram App] [           main] org.hibernate.type.BasicTypeRegistry     : Adding type registration java.sql.Blob -> org.hibernate.type.BasicTypeReference@26d73519
2025-08-24T11:32:25.651+03:30 DEBUG 1188 --- [ChiDaram App] [           main] org.hibernate.type.BasicTypeRegistry     : Adding type registration materialized_blob -> org.hibernate.type.BasicTypeReference@48af5f38
2025-08-24T11:32:25.652+03:30 DEBUG 1188 --- [ChiDaram App] [           main] org.hibernate.type.BasicTypeRegistry     : Adding type registration materialized_blob_wrapper -> org.hibernate.type.BasicTypeReference@40538370
2025-08-24T11:32:25.653+03:30 DEBUG 1188 --- [ChiDaram App] [           main] org.hibernate.type.BasicTypeRegistry     : Adding type registration short -> org.hibernate.type.BasicTypeReference@71a2df1
2025-08-24T11:32:25.654+03:30 DEBUG 1188 --- [ChiDaram App] [           main] org.hibernate.type.BasicTypeRegistry     : Adding type registration short -> org.hibernate.type.BasicTypeReference@71a2df1
2025-08-24T11:32:25.655+03:30 DEBUG 1188 --- [ChiDaram App] [           main] org.hibernate.type.BasicTypeRegistry     : Adding type registration java.lang.Short -> org.hibernate.type.BasicTypeReference@71a2df1
2025-08-24T11:32:25.655+03:30 DEBUG 1188 --- [ChiDaram App] [           main] org.hibernate.type.BasicTypeRegistry     : Adding type registration integer -> org.hibernate.type.BasicTypeReference@18faaff6
2025-08-24T11:32:25.656+03:30 DEBUG 1188 --- [ChiDaram App] [           main] org.hibernate.type.BasicTypeRegistry     : Adding type registration int -> org.hibernate.type.BasicTypeReference@18faaff6
2025-08-24T11:32:25.656+03:30 DEBUG 1188 --- [ChiDaram App] [           main] org.hibernate.type.BasicTypeRegistry     : Adding type registration java.lang.Integer -> org.hibernate.type.BasicTypeReference@18faaff6
2025-08-24T11:32:25.657+03:30 DEBUG 1188 --- [ChiDaram App] [           main] org.hibernate.type.BasicTypeRegistry     : Adding type registration long -> org.hibernate.type.BasicTypeReference@2a9e754e
2025-08-24T11:32:25.657+03:30 DEBUG 1188 --- [ChiDaram App] [           main] org.hibernate.type.BasicTypeRegistry     : Adding type registration long -> org.hibernate.type.BasicTypeReference@2a9e754e
2025-08-24T11:32:25.658+03:30 DEBUG 1188 --- [ChiDaram App] [           main] org.hibernate.type.BasicTypeRegistry     : Adding type registration java.lang.Long -> org.hibernate.type.BasicTypeReference@2a9e754e
2025-08-24T11:32:25.658+03:30 DEBUG 1188 --- [ChiDaram App] [           main] org.hibernate.type.BasicTypeRegistry     : Adding type registration float -> org.hibernate.type.BasicTypeReference@760a2b6e
2025-08-24T11:32:25.659+03:30 DEBUG 1188 --- [ChiDaram App] [           main] org.hibernate.type.BasicTypeRegistry     : Adding type registration float -> org.hibernate.type.BasicTypeReference@760a2b6e
2025-08-24T11:32:25.660+03:30 DEBUG 1188 --- [ChiDaram App] [           main] org.hibernate.type.BasicTypeRegistry     : Adding type registration java.lang.Float -> org.hibernate.type.BasicTypeReference@760a2b6e
2025-08-24T11:32:25.660+03:30 DEBUG 1188 --- [ChiDaram App] [           main] org.hibernate.type.BasicTypeRegistry     : Adding type registration double -> org.hibernate.type.BasicTypeReference@20a9f5fb
2025-08-24T11:32:25.661+03:30 DEBUG 1188 --- [ChiDaram App] [           main] org.hibernate.type.BasicTypeRegistry     : Adding type registration double -> org.hibernate.type.BasicTypeReference@20a9f5fb
2025-08-24T11:32:25.661+03:30 DEBUG 1188 --- [ChiDaram App] [           main] org.hibernate.type.BasicTypeRegistry     : Adding type registration java.lang.Double -> org.hibernate.type.BasicTypeReference@20a9f5fb
2025-08-24T11:32:25.661+03:30 DEBUG 1188 --- [ChiDaram App] [           main] org.hibernate.type.BasicTypeRegistry     : Adding type registration big_integer -> org.hibernate.type.BasicTypeReference@6d617b07
2025-08-24T11:32:25.661+03:30 DEBUG 1188 --- [ChiDaram App] [           main] org.hibernate.type.BasicTypeRegistry     : Adding type registration java.math.BigInteger -> org.hibernate.type.BasicTypeReference@6d617b07
2025-08-24T11:32:25.662+03:30 DEBUG 1188 --- [ChiDaram App] [           main] org.hibernate.type.BasicTypeRegistry     : Adding type registration big_decimal -> org.hibernate.type.BasicTypeReference@340c57e0
2025-08-24T11:32:25.662+03:30 DEBUG 1188 --- [ChiDaram App] [           main] org.hibernate.type.BasicTypeRegistry     : Adding type registration java.math.BigDecimal -> org.hibernate.type.BasicTypeReference@340c57e0
2025-08-24T11:32:25.662+03:30 DEBUG 1188 --- [ChiDaram App] [           main] org.hibernate.type.BasicTypeRegistry     : Adding type registration character -> org.hibernate.type.BasicTypeReference@137a4b54
2025-08-24T11:32:25.662+03:30 DEBUG 1188 --- [ChiDaram App] [           main] org.hibernate.type.BasicTypeRegistry     : Adding type registration char -> org.hibernate.type.BasicTypeReference@137a4b54
2025-08-24T11:32:25.663+03:30 DEBUG 1188 --- [ChiDaram App] [           main] org.hibernate.type.BasicTypeRegistry     : Adding type registration java.lang.Character -> org.hibernate.type.BasicTypeReference@137a4b54
2025-08-24T11:32:25.663+03:30 DEBUG 1188 --- [ChiDaram App] [           main] org.hibernate.type.BasicTypeRegistry     : Adding type registration character_nchar -> org.hibernate.type.BasicTypeReference@7c9372ed
2025-08-24T11:32:25.663+03:30 DEBUG 1188 --- [ChiDaram App] [           main] org.hibernate.type.BasicTypeRegistry     : Adding type registration string -> org.hibernate.type.BasicTypeReference@1acc873b
2025-08-24T11:32:25.663+03:30 DEBUG 1188 --- [ChiDaram App] [           main] org.hibernate.type.BasicTypeRegistry     : Adding type registration java.lang.String -> org.hibernate.type.BasicTypeReference@1acc873b
2025-08-24T11:32:25.664+03:30 DEBUG 1188 --- [ChiDaram App] [           main] org.hibernate.type.BasicTypeRegistry     : Adding type registration nstring -> org.hibernate.type.BasicTypeReference@4ca970d5
2025-08-24T11:32:25.664+03:30 DEBUG 1188 --- [ChiDaram App] [           main] org.hibernate.type.BasicTypeRegistry     : Adding type registration characters -> org.hibernate.type.BasicTypeReference@dc8b2ff
2025-08-24T11:32:25.664+03:30 DEBUG 1188 --- [ChiDaram App] [           main] org.hibernate.type.BasicTypeRegistry     : Adding type registration char[] -> org.hibernate.type.BasicTypeReference@dc8b2ff
2025-08-24T11:32:25.665+03:30 DEBUG 1188 --- [ChiDaram App] [           main] org.hibernate.type.BasicTypeRegistry     : Adding type registration [C -> org.hibernate.type.BasicTypeReference@dc8b2ff
2025-08-24T11:32:25.665+03:30 DEBUG 1188 --- [ChiDaram App] [           main] org.hibernate.type.BasicTypeRegistry     : Adding type registration wrapper-characters -> org.hibernate.type.BasicTypeReference@6a2badb1
2025-08-24T11:32:25.665+03:30 DEBUG 1188 --- [ChiDaram App] [           main] org.hibernate.type.BasicTypeRegistry     : Adding type registration text -> org.hibernate.type.BasicTypeReference@14201a90
2025-08-24T11:32:25.666+03:30 DEBUG 1188 --- [ChiDaram App] [           main] org.hibernate.type.BasicTypeRegistry     : Adding type registration ntext -> org.hibernate.type.BasicTypeReference@1308ef19
2025-08-24T11:32:25.666+03:30 DEBUG 1188 --- [ChiDaram App] [           main] org.hibernate.type.BasicTypeRegistry     : Adding type registration clob -> org.hibernate.type.BasicTypeReference@5b1ff8cd
2025-08-24T11:32:25.667+03:30 DEBUG 1188 --- [ChiDaram App] [           main] org.hibernate.type.BasicTypeRegistry     : Adding type registration java.sql.Clob -> org.hibernate.type.BasicTypeReference@5b1ff8cd
2025-08-24T11:32:25.667+03:30 DEBUG 1188 --- [ChiDaram App] [           main] org.hibernate.type.BasicTypeRegistry     : Adding type registration nclob -> org.hibernate.type.BasicTypeReference@6cee903a
2025-08-24T11:32:25.668+03:30 DEBUG 1188 --- [ChiDaram App] [           main] org.hibernate.type.BasicTypeRegistry     : Adding type registration java.sql.NClob -> org.hibernate.type.BasicTypeReference@6cee903a
2025-08-24T11:32:25.668+03:30 DEBUG 1188 --- [ChiDaram App] [           main] org.hibernate.type.BasicTypeRegistry     : Adding type registration materialized_clob -> org.hibernate.type.BasicTypeReference@780ee3ad
2025-08-24T11:32:25.669+03:30 DEBUG 1188 --- [ChiDaram App] [           main] org.hibernate.type.BasicTypeRegistry     : Adding type registration materialized_clob_char_array -> org.hibernate.type.BasicTypeReference@2c2aab92
2025-08-24T11:32:25.669+03:30 DEBUG 1188 --- [ChiDaram App] [           main] org.hibernate.type.BasicTypeRegistry     : Adding type registration materialized_clob_character_array -> org.hibernate.type.BasicTypeReference@857f74a
2025-08-24T11:32:25.669+03:30 DEBUG 1188 --- [ChiDaram App] [           main] org.hibernate.type.BasicTypeRegistry     : Adding type registration materialized_nclob -> org.hibernate.type.BasicTypeReference@10a0d93a
2025-08-24T11:32:25.669+03:30 DEBUG 1188 --- [ChiDaram App] [           main] org.hibernate.type.BasicTypeRegistry     : Adding type registration materialized_nclob_character_array -> org.hibernate.type.BasicTypeReference@1f3c5308
2025-08-24T11:32:25.669+03:30 DEBUG 1188 --- [ChiDaram App] [           main] org.hibernate.type.BasicTypeRegistry     : Adding type registration materialized_nclob_char_array -> org.hibernate.type.BasicTypeReference@66b31d46
2025-08-24T11:32:25.670+03:30 DEBUG 1188 --- [ChiDaram App] [           main] org.hibernate.type.BasicTypeRegistry     : Adding type registration Duration -> org.hibernate.type.BasicTypeReference@51e94b7d
2025-08-24T11:32:25.670+03:30 DEBUG 1188 --- [ChiDaram App] [           main] org.hibernate.type.BasicTypeRegistry     : Adding type registration java.time.Duration -> org.hibernate.type.BasicTypeReference@51e94b7d
2025-08-24T11:32:25.670+03:30 DEBUG 1188 --- [ChiDaram App] [           main] org.hibernate.type.BasicTypeRegistry     : Adding type registration LocalDateTime -> org.hibernate.type.BasicTypeReference@47162173
2025-08-24T11:32:25.670+03:30 DEBUG 1188 --- [ChiDaram App] [           main] org.hibernate.type.BasicTypeRegistry     : Adding type registration java.time.LocalDateTime -> org.hibernate.type.BasicTypeReference@47162173
2025-08-24T11:32:25.671+03:30 DEBUG 1188 --- [ChiDaram App] [           main] org.hibernate.type.BasicTypeRegistry     : Adding type registration LocalDate -> org.hibernate.type.BasicTypeReference@3a4f8e8a
2025-08-24T11:32:25.671+03:30 DEBUG 1188 --- [ChiDaram App] [           main] org.hibernate.type.BasicTypeRegistry     : Adding type registration java.time.LocalDate -> org.hibernate.type.BasicTypeReference@3a4f8e8a
2025-08-24T11:32:25.671+03:30 DEBUG 1188 --- [ChiDaram App] [           main] org.hibernate.type.BasicTypeRegistry     : Adding type registration LocalTime -> org.hibernate.type.BasicTypeReference@4468fda8
2025-08-24T11:32:25.671+03:30 DEBUG 1188 --- [ChiDaram App] [           main] org.hibernate.type.BasicTypeRegistry     : Adding type registration java.time.LocalTime -> org.hibernate.type.BasicTypeReference@4468fda8
2025-08-24T11:32:25.672+03:30 DEBUG 1188 --- [ChiDaram App] [           main] org.hibernate.type.BasicTypeRegistry     : Adding type registration OffsetDateTime -> org.hibernate.type.BasicTypeReference@5fc1e4fb
2025-08-24T11:32:25.672+03:30 DEBUG 1188 --- [ChiDaram App] [           main] org.hibernate.type.BasicTypeRegistry     : Adding type registration java.time.OffsetDateTime -> org.hibernate.type.BasicTypeReference@5fc1e4fb
2025-08-24T11:32:25.672+03:30 DEBUG 1188 --- [ChiDaram App] [           main] org.hibernate.type.BasicTypeRegistry     : Adding type registration OffsetDateTimeWithTimezone -> org.hibernate.type.BasicTypeReference@29aa4bc9
2025-08-24T11:32:25.672+03:30 DEBUG 1188 --- [ChiDaram App] [           main] org.hibernate.type.BasicTypeRegistry     : Adding type registration OffsetDateTimeWithoutTimezone -> org.hibernate.type.BasicTypeReference@6fd7aba8
2025-08-24T11:32:25.673+03:30 DEBUG 1188 --- [ChiDaram App] [           main] org.hibernate.type.BasicTypeRegistry     : Adding type registration OffsetTime -> org.hibernate.type.BasicTypeReference@6c519e47
2025-08-24T11:32:25.674+03:30 DEBUG 1188 --- [ChiDaram App] [           main] org.hibernate.type.BasicTypeRegistry     : Adding type registration java.time.OffsetTime -> org.hibernate.type.BasicTypeReference@6c519e47
2025-08-24T11:32:25.674+03:30 DEBUG 1188 --- [ChiDaram App] [           main] org.hibernate.type.BasicTypeRegistry     : Adding type registration OffsetTimeUtc -> org.hibernate.type.BasicTypeReference@3ce7490a
2025-08-24T11:32:25.675+03:30 DEBUG 1188 --- [ChiDaram App] [           main] org.hibernate.type.BasicTypeRegistry     : Adding type registration OffsetTimeWithTimezone -> org.hibernate.type.BasicTypeReference@4768b95c
2025-08-24T11:32:25.675+03:30 DEBUG 1188 --- [ChiDaram App] [           main] org.hibernate.type.BasicTypeRegistry     : Adding type registration OffsetTimeWithoutTimezone -> org.hibernate.type.BasicTypeReference@1530d0f2
2025-08-24T11:32:25.676+03:30 DEBUG 1188 --- [ChiDaram App] [           main] org.hibernate.type.BasicTypeRegistry     : Adding type registration ZonedDateTime -> org.hibernate.type.BasicTypeReference@7573c7b5
2025-08-24T11:32:25.676+03:30 DEBUG 1188 --- [ChiDaram App] [           main] org.hibernate.type.BasicTypeRegistry     : Adding type registration java.time.ZonedDateTime -> org.hibernate.type.BasicTypeReference@7573c7b5
2025-08-24T11:32:25.676+03:30 DEBUG 1188 --- [ChiDaram App] [           main] org.hibernate.type.BasicTypeRegistry     : Adding type registration ZonedDateTimeWithTimezone -> org.hibernate.type.BasicTypeReference@73da7f08
2025-08-24T11:32:25.677+03:30 DEBUG 1188 --- [ChiDaram App] [           main] org.hibernate.type.BasicTypeRegistry     : Adding type registration ZonedDateTimeWithoutTimezone -> org.hibernate.type.BasicTypeReference@717a8a76
2025-08-24T11:32:25.678+03:30 DEBUG 1188 --- [ChiDaram App] [           main] org.hibernate.type.BasicTypeRegistry     : Adding type registration date -> org.hibernate.type.BasicTypeReference@62de73eb
2025-08-24T11:32:25.678+03:30 DEBUG 1188 --- [ChiDaram App] [           main] org.hibernate.type.BasicTypeRegistry     : Adding type registration java.sql.Date -> org.hibernate.type.BasicTypeReference@62de73eb
2025-08-24T11:32:25.678+03:30 DEBUG 1188 --- [ChiDaram App] [           main] org.hibernate.type.BasicTypeRegistry     : Adding type registration time -> org.hibernate.type.BasicTypeReference@97b5e6a
2025-08-24T11:32:25.679+03:30 DEBUG 1188 --- [ChiDaram App] [           main] org.hibernate.type.BasicTypeRegistry     : Adding type registration java.sql.Time -> org.hibernate.type.BasicTypeReference@97b5e6a
2025-08-24T11:32:25.679+03:30 DEBUG 1188 --- [ChiDaram App] [           main] org.hibernate.type.BasicTypeRegistry     : Adding type registration timestamp -> org.hibernate.type.BasicTypeReference@29f95272
2025-08-24T11:32:25.680+03:30 DEBUG 1188 --- [ChiDaram App] [           main] org.hibernate.type.BasicTypeRegistry     : Adding type registration java.sql.Timestamp -> org.hibernate.type.BasicTypeReference@29f95272
2025-08-24T11:32:25.681+03:30 DEBUG 1188 --- [ChiDaram App] [           main] org.hibernate.type.BasicTypeRegistry     : Adding type registration java.util.Date -> org.hibernate.type.BasicTypeReference@29f95272
2025-08-24T11:32:25.681+03:30 DEBUG 1188 --- [ChiDaram App] [           main] org.hibernate.type.BasicTypeRegistry     : Adding type registration calendar -> org.hibernate.type.BasicTypeReference@c754401
2025-08-24T11:32:25.682+03:30 DEBUG 1188 --- [ChiDaram App] [           main] org.hibernate.type.BasicTypeRegistry     : Adding type registration java.util.Calendar -> org.hibernate.type.BasicTypeReference@c754401
2025-08-24T11:32:25.682+03:30 DEBUG 1188 --- [ChiDaram App] [           main] org.hibernate.type.BasicTypeRegistry     : Adding type registration java.util.GregorianCalendar -> org.hibernate.type.BasicTypeReference@c754401
2025-08-24T11:32:25.684+03:30 DEBUG 1188 --- [ChiDaram App] [           main] org.hibernate.type.BasicTypeRegistry     : Adding type registration calendar_date -> org.hibernate.type.BasicTypeReference@1da53f4f
2025-08-24T11:32:25.685+03:30 DEBUG 1188 --- [ChiDaram App] [           main] org.hibernate.type.BasicTypeRegistry     : Adding type registration calendar_time -> org.hibernate.type.BasicTypeReference@2df71be0
2025-08-24T11:32:25.685+03:30 DEBUG 1188 --- [ChiDaram App] [           main] org.hibernate.type.BasicTypeRegistry     : Adding type registration instant -> org.hibernate.type.BasicTypeReference@b841713
2025-08-24T11:32:25.685+03:30 DEBUG 1188 --- [ChiDaram App] [           main] org.hibernate.type.BasicTypeRegistry     : Adding type registration java.time.Instant -> org.hibernate.type.BasicTypeReference@b841713
2025-08-24T11:32:25.686+03:30 DEBUG 1188 --- [ChiDaram App] [           main] org.hibernate.type.BasicTypeRegistry     : Adding type registration uuid -> org.hibernate.type.BasicTypeReference@3fef1e6b
2025-08-24T11:32:25.686+03:30 DEBUG 1188 --- [ChiDaram App] [           main] org.hibernate.type.BasicTypeRegistry     : Adding type registration java.util.UUID -> org.hibernate.type.BasicTypeReference@3fef1e6b
2025-08-24T11:32:25.686+03:30 DEBUG 1188 --- [ChiDaram App] [           main] org.hibernate.type.BasicTypeRegistry     : Adding type registration pg-uuid -> org.hibernate.type.BasicTypeReference@3fef1e6b
2025-08-24T11:32:25.686+03:30 DEBUG 1188 --- [ChiDaram App] [           main] org.hibernate.type.BasicTypeRegistry     : Adding type registration uuid-binary -> org.hibernate.type.BasicTypeReference@4fee14b
2025-08-24T11:32:25.687+03:30 DEBUG 1188 --- [ChiDaram App] [           main] org.hibernate.type.BasicTypeRegistry     : Adding type registration uuid-char -> org.hibernate.type.BasicTypeReference@11c3d22f
2025-08-24T11:32:25.687+03:30 DEBUG 1188 --- [ChiDaram App] [           main] org.hibernate.type.BasicTypeRegistry     : Adding type registration class -> org.hibernate.type.BasicTypeReference@3a54638b
2025-08-24T11:32:25.687+03:30 DEBUG 1188 --- [ChiDaram App] [           main] org.hibernate.type.BasicTypeRegistry     : Adding type registration java.lang.Class -> org.hibernate.type.BasicTypeReference@3a54638b
2025-08-24T11:32:25.688+03:30 DEBUG 1188 --- [ChiDaram App] [           main] org.hibernate.type.BasicTypeRegistry     : Adding type registration currency -> org.hibernate.type.BasicTypeReference@7d8f2eec
2025-08-24T11:32:25.688+03:30 DEBUG 1188 --- [ChiDaram App] [           main] org.hibernate.type.BasicTypeRegistry     : Adding type registration Currency -> org.hibernate.type.BasicTypeReference@7d8f2eec
2025-08-24T11:32:25.689+03:30 DEBUG 1188 --- [ChiDaram App] [           main] org.hibernate.type.BasicTypeRegistry     : Adding type registration java.util.Currency -> org.hibernate.type.BasicTypeReference@7d8f2eec
2025-08-24T11:32:25.689+03:30 DEBUG 1188 --- [ChiDaram App] [           main] org.hibernate.type.BasicTypeRegistry     : Adding type registration locale -> org.hibernate.type.BasicTypeReference@e886caf
2025-08-24T11:32:25.689+03:30 DEBUG 1188 --- [ChiDaram App] [           main] org.hibernate.type.BasicTypeRegistry     : Adding type registration java.util.Locale -> org.hibernate.type.BasicTypeReference@e886caf
2025-08-24T11:32:25.689+03:30 DEBUG 1188 --- [ChiDaram App] [           main] org.hibernate.type.BasicTypeRegistry     : Adding type registration serializable -> org.hibernate.type.BasicTypeReference@1d585fb
2025-08-24T11:32:25.690+03:30 DEBUG 1188 --- [ChiDaram App] [           main] org.hibernate.type.BasicTypeRegistry     : Adding type registration java.io.Serializable -> org.hibernate.type.BasicTypeReference@1d585fb
2025-08-24T11:32:25.690+03:30 DEBUG 1188 --- [ChiDaram App] [           main] org.hibernate.type.BasicTypeRegistry     : Adding type registration timezone -> org.hibernate.type.BasicTypeReference@1884e671
2025-08-24T11:32:25.690+03:30 DEBUG 1188 --- [ChiDaram App] [           main] org.hibernate.type.BasicTypeRegistry     : Adding type registration java.util.TimeZone -> org.hibernate.type.BasicTypeReference@1884e671
2025-08-24T11:32:25.691+03:30 DEBUG 1188 --- [ChiDaram App] [           main] org.hibernate.type.BasicTypeRegistry     : Adding type registration ZoneOffset -> org.hibernate.type.BasicTypeReference@1c7843c3
2025-08-24T11:32:25.691+03:30 DEBUG 1188 --- [ChiDaram App] [           main] org.hibernate.type.BasicTypeRegistry     : Adding type registration java.time.ZoneOffset -> org.hibernate.type.BasicTypeReference@1c7843c3
2025-08-24T11:32:25.691+03:30 DEBUG 1188 --- [ChiDaram App] [           main] org.hibernate.type.BasicTypeRegistry     : Adding type registration url -> org.hibernate.type.BasicTypeReference@5158a9f7
2025-08-24T11:32:25.692+03:30 DEBUG 1188 --- [ChiDaram App] [           main] org.hibernate.type.BasicTypeRegistry     : Adding type registration java.net.URL -> org.hibernate.type.BasicTypeReference@5158a9f7
2025-08-24T11:32:25.693+03:30 DEBUG 1188 --- [ChiDaram App] [           main] org.hibernate.type.BasicTypeRegistry     : Adding type registration vector -> org.hibernate.type.BasicTypeReference@7c8f047a
2025-08-24T11:32:25.693+03:30 DEBUG 1188 --- [ChiDaram App] [           main] org.hibernate.type.BasicTypeRegistry     : Adding type registration row_version -> org.hibernate.type.BasicTypeReference@4387d2f4
2025-08-24T11:32:25.707+03:30 DEBUG 1188 --- [ChiDaram App] [           main] org.hibernate.type.BasicTypeRegistry     : Adding type registration object -> org.hibernate.type.JavaObjectType@4ab455e2
2025-08-24T11:32:25.707+03:30 DEBUG 1188 --- [ChiDaram App] [           main] org.hibernate.type.BasicTypeRegistry     : Adding type registration java.lang.Object -> org.hibernate.type.JavaObjectType@4ab455e2
2025-08-24T11:32:25.710+03:30 DEBUG 1188 --- [ChiDaram App] [           main] org.hibernate.type.BasicTypeRegistry     : Adding type registration null -> org.hibernate.type.NullType@e0847a9
2025-08-24T11:32:25.711+03:30 DEBUG 1188 --- [ChiDaram App] [           main] org.hibernate.type.BasicTypeRegistry     : Adding type registration imm_date -> org.hibernate.type.BasicTypeReference@51743cc0
2025-08-24T11:32:25.711+03:30 DEBUG 1188 --- [ChiDaram App] [           main] org.hibernate.type.BasicTypeRegistry     : Adding type registration imm_time -> org.hibernate.type.BasicTypeReference@92e2c93
2025-08-24T11:32:25.712+03:30 DEBUG 1188 --- [ChiDaram App] [           main] org.hibernate.type.BasicTypeRegistry     : Adding type registration imm_timestamp -> org.hibernate.type.BasicTypeReference@6697f3d
2025-08-24T11:32:25.712+03:30 DEBUG 1188 --- [ChiDaram App] [           main] org.hibernate.type.BasicTypeRegistry     : Adding type registration imm_calendar -> org.hibernate.type.BasicTypeReference@4a105556
2025-08-24T11:32:25.712+03:30 DEBUG 1188 --- [ChiDaram App] [           main] org.hibernate.type.BasicTypeRegistry     : Adding type registration imm_calendar_date -> org.hibernate.type.BasicTypeReference@3a72e2e8
2025-08-24T11:32:25.712+03:30 DEBUG 1188 --- [ChiDaram App] [           main] org.hibernate.type.BasicTypeRegistry     : Adding type registration imm_calendar_time -> org.hibernate.type.BasicTypeReference@42401b81
2025-08-24T11:32:25.712+03:30 DEBUG 1188 --- [ChiDaram App] [           main] org.hibernate.type.BasicTypeRegistry     : Adding type registration imm_binary -> org.hibernate.type.BasicTypeReference@f1d1463
2025-08-24T11:32:25.712+03:30 DEBUG 1188 --- [ChiDaram App] [           main] org.hibernate.type.BasicTypeRegistry     : Adding type registration imm_serializable -> org.hibernate.type.BasicTypeReference@47ef5a33
2025-08-24T11:32:25.727+03:30 DEBUG 1188 --- [ChiDaram App] [           main] o.h.boot.internal.BootstrapContextImpl   : Injecting JPA temp ClassLoader [org.springframework.instrument.classloading.SimpleThrowawayClassLoader@ccd000e] into BootstrapContext; was [null]
2025-08-24T11:32:25.728+03:30 DEBUG 1188 --- [ChiDaram App] [           main] o.h.boot.internal.ClassLoaderAccessImpl  : ClassLoaderAccessImpl#injectTempClassLoader(org.springframework.instrument.classloading.SimpleThrowawayClassLoader@ccd000e) [was null]
2025-08-24T11:32:25.729+03:30 DEBUG 1188 --- [ChiDaram App] [           main] o.h.boot.internal.BootstrapContextImpl   : Injecting ScanEnvironment [org.hibernate.jpa.boot.internal.StandardJpaScanEnvironmentImpl@63b4b9c6] into BootstrapContext; was [null]
2025-08-24T11:32:25.729+03:30 DEBUG 1188 --- [ChiDaram App] [           main] o.h.boot.internal.BootstrapContextImpl   : Injecting ScanOptions [org.hibernate.boot.archive.scan.internal.StandardScanOptions@6c66ddab] into BootstrapContext; was [org.hibernate.boot.archive.scan.internal.StandardScanOptions@603f4e3e]
2025-08-24T11:32:26.659+03:30  INFO 1188 --- [ChiDaram App] [           main] o.s.o.j.p.SpringPersistenceUnitInfo      : No LoadTimeWeaver setup: ignoring JPA class transformer
2025-08-24T11:32:26.660+03:30 DEBUG 1188 --- [ChiDaram App] [           main] o.h.boot.internal.BootstrapContextImpl   : Injecting JPA temp ClassLoader [null] into BootstrapContext; was [org.springframework.instrument.classloading.SimpleThrowawayClassLoader@ccd000e]
2025-08-24T11:32:26.660+03:30 DEBUG 1188 --- [ChiDaram App] [           main] o.h.boot.internal.ClassLoaderAccessImpl  : ClassLoaderAccessImpl#injectTempClassLoader(null) [was org.springframework.instrument.classloading.SimpleThrowawayClassLoader@ccd000e]
2025-08-24T11:32:27.609+03:30 DEBUG 1188 --- [ChiDaram App] [           main] o.h.e.j.e.i.JdbcEnvironmentInitiator     : Database ->
	   name : PostgreSQL
	version : 17.0
	  major : 17
	  minor : 0
2025-08-24T11:32:27.609+03:30 DEBUG 1188 --- [ChiDaram App] [           main] o.h.e.j.e.i.JdbcEnvironmentInitiator     : Driver ->
	   name : PostgreSQL JDBC Driver
	version : 42.7.3
	  major : 42
	  minor : 7
2025-08-24T11:32:27.610+03:30 DEBUG 1188 --- [ChiDaram App] [           main] o.h.e.j.e.i.JdbcEnvironmentInitiator     : JDBC version : 4.2
2025-08-24T11:32:27.733+03:30  WARN 1188 --- [ChiDaram App] [           main] org.hibernate.orm.deprecation            : HHH90000025: PostgreSQLDialect does not need to be specified explicitly using 'hibernate.dialect' (remove the property setting and it will be selected by default)
2025-08-24T11:32:27.738+03:30 DEBUG 1188 --- [ChiDaram App] [           main] org.hibernate.orm.dialect                : HHH035001: Using dialect: org.hibernate.dialect.PostgreSQLDialect, version: 17.0
2025-08-24T11:32:27.774+03:30 DEBUG 1188 --- [ChiDaram App] [           main] o.h.e.j.env.spi.IdentifierHelperBuilder  : JDBC driver metadata reported database stores quoted identifiers in neither upper, lower nor mixed case
2025-08-24T11:32:27.811+03:30 DEBUG 1188 --- [ChiDaram App] [           main] org.hibernate.orm.jdbc.lob               : HHH10010004: Disabling contextual LOB creation as Dialect reported it is not supported
2025-08-24T11:32:27.875+03:30 DEBUG 1188 --- [ChiDaram App] [           main] o.h.t.d.sql.spi.DdlTypeRegistry          : addDescriptor(2003, org.hibernate.type.descriptor.sql.internal.ArrayDdlTypeImpl@180f33b2) replaced previous registration(org.hibernate.type.descriptor.sql.internal.ArrayDdlTypeImpl@391e85df)
2025-08-24T11:32:27.876+03:30 DEBUG 1188 --- [ChiDaram App] [           main] o.h.t.d.sql.spi.DdlTypeRegistry          : addDescriptor(6, org.hibernate.type.descriptor.sql.internal.CapacityDependentDdlType@48c3a0ef) replaced previous registration(org.hibernate.type.descriptor.sql.internal.DdlTypeImpl@3b4f1eb)
2025-08-24T11:32:27.885+03:30 DEBUG 1188 --- [ChiDaram App] [           main] o.h.t.d.jdbc.spi.JdbcTypeRegistry        : addDescriptor(2004, BlobTypeDescriptor(BLOB_BINDING)) replaced previous registration(BlobTypeDescriptor(DEFAULT))
2025-08-24T11:32:27.891+03:30 DEBUG 1188 --- [ChiDaram App] [           main] o.h.t.d.jdbc.spi.JdbcTypeRegistry        : addDescriptor(2005, ClobTypeDescriptor(CLOB_BINDING)) replaced previous registration(ClobTypeDescriptor(DEFAULT))
2025-08-24T11:32:27.925+03:30 DEBUG 1188 --- [ChiDaram App] [           main] org.hibernate.type.BasicTypeRegistry     : Adding type registration JAVA_OBJECT -> org.hibernate.type.JavaObjectType@3180aee
2025-08-24T11:32:27.925+03:30 DEBUG 1188 --- [ChiDaram App] [           main] org.hibernate.type.BasicTypeRegistry     : Adding type registration java.lang.Object -> org.hibernate.type.JavaObjectType@3180aee
2025-08-24T11:32:27.926+03:30 DEBUG 1188 --- [ChiDaram App] [           main] org.hibernate.type.BasicTypeRegistry     : Type registration key [java.lang.Object] overrode previous entry : `org.hibernate.type.JavaObjectType@4ab455e2`
2025-08-24T11:32:27.948+03:30 DEBUG 1188 --- [ChiDaram App] [           main] org.hibernate.type.BasicTypeRegistry     : Adding type registration org.hibernate.type.DurationType -> basicType@1(java.time.Duration,3015)
2025-08-24T11:32:27.952+03:30 DEBUG 1188 --- [ChiDaram App] [           main] org.hibernate.type.BasicTypeRegistry     : Adding type registration Duration -> basicType@1(java.time.Duration,3015)
2025-08-24T11:32:27.952+03:30 DEBUG 1188 --- [ChiDaram App] [           main] org.hibernate.type.BasicTypeRegistry     : Adding type registration java.time.Duration -> basicType@1(java.time.Duration,3015)
2025-08-24T11:32:27.985+03:30 DEBUG 1188 --- [ChiDaram App] [           main] org.hibernate.type.BasicTypeRegistry     : Adding type registration org.hibernate.type.OffsetDateTimeType -> basicType@2(java.time.OffsetDateTime,3003)
2025-08-24T11:32:27.986+03:30 DEBUG 1188 --- [ChiDaram App] [           main] org.hibernate.type.BasicTypeRegistry     : Adding type registration OffsetDateTime -> basicType@2(java.time.OffsetDateTime,3003)
2025-08-24T11:32:27.986+03:30 DEBUG 1188 --- [ChiDaram App] [           main] org.hibernate.type.BasicTypeRegistry     : Adding type registration java.time.OffsetDateTime -> basicType@2(java.time.OffsetDateTime,3003)
2025-08-24T11:32:27.987+03:30 DEBUG 1188 --- [ChiDaram App] [           main] org.hibernate.type.BasicTypeRegistry     : Adding type registration org.hibernate.type.ZonedDateTimeType -> basicType@3(java.time.ZonedDateTime,3003)
2025-08-24T11:32:27.987+03:30 DEBUG 1188 --- [ChiDaram App] [           main] org.hibernate.type.BasicTypeRegistry     : Adding type registration ZonedDateTime -> basicType@3(java.time.ZonedDateTime,3003)
2025-08-24T11:32:27.987+03:30 DEBUG 1188 --- [ChiDaram App] [           main] org.hibernate.type.BasicTypeRegistry     : Adding type registration java.time.ZonedDateTime -> basicType@3(java.time.ZonedDateTime,3003)
2025-08-24T11:32:27.991+03:30 DEBUG 1188 --- [ChiDaram App] [           main] org.hibernate.type.BasicTypeRegistry     : Adding type registration org.hibernate.type.OffsetTimeType -> basicType@4(java.time.OffsetTime,3007)
2025-08-24T11:32:27.992+03:30 DEBUG 1188 --- [ChiDaram App] [           main] org.hibernate.type.BasicTypeRegistry     : Adding type registration OffsetTime -> basicType@4(java.time.OffsetTime,3007)
2025-08-24T11:32:27.993+03:30 DEBUG 1188 --- [ChiDaram App] [           main] org.hibernate.type.BasicTypeRegistry     : Adding type registration java.time.OffsetTime -> basicType@4(java.time.OffsetTime,3007)
2025-08-24T11:32:28.005+03:30 DEBUG 1188 --- [ChiDaram App] [           main] o.h.type.spi.TypeConfiguration$Scope     : Scoping TypeConfiguration [org.hibernate.type.spi.TypeConfiguration@75063bd0] to MetadataBuildingContext [org.hibernate.boot.internal.MetadataBuildingContextRootImpl@637506d8]
2025-08-24T11:32:28.314+03:30 DEBUG 1188 --- [ChiDaram App] [           main] o.h.boot.model.relational.Namespace      : Created database namespace [logicalName=Name{catalog=null, schema=null}, physicalName=Name{catalog=null, schema=null}]
2025-08-24T11:32:28.518+03:30 DEBUG 1188 --- [ChiDaram App] [           main] o.h.boot.model.internal.EntityBinder     : Binding entity from annotated class: com.example.chi_daram.entity.Categorylevel1
2025-08-24T11:32:28.554+03:30 DEBUG 1188 --- [ChiDaram App] [           main] o.h.boot.model.internal.EntityBinder     : Import with entity name Categorylevel1
2025-08-24T11:32:28.726+03:30 DEBUG 1188 --- [ChiDaram App] [           main] o.h.boot.model.internal.EntityBinder     : Bind entity com.example.chi_daram.entity.Categorylevel1 on table categorylevel1
2025-08-24T11:32:28.807+03:30 DEBUG 1188 --- [ChiDaram App] [           main] o.h.boot.model.internal.AnnotatedColumn  : Binding column: AnnotatedDiscriminatorColumn(column='DTYPE')
2025-08-24T11:32:28.912+03:30 DEBUG 1188 --- [ChiDaram App] [           main] o.h.boot.model.internal.AnnotatedColumn  : Binding column: AnnotatedColumn()
2025-08-24T11:32:28.926+03:30 DEBUG 1188 --- [ChiDaram App] [           main] o.h.boot.internal.ClassLoaderAccessImpl  : Not known whether passed class name [com.example.chi_daram.entity.Categorylevel1] is safe
2025-08-24T11:32:28.927+03:30 DEBUG 1188 --- [ChiDaram App] [           main] o.h.boot.internal.ClassLoaderAccessImpl  : No temp ClassLoader provided; using live ClassLoader for loading potentially unsafe class : com.example.chi_daram.entity.Categorylevel1
2025-08-24T11:32:28.940+03:30 DEBUG 1188 --- [ChiDaram App] [           main] o.h.boot.model.internal.PropertyBinder   : MetadataSourceProcessor property id with lazy=false
2025-08-24T11:32:28.954+03:30 DEBUG 1188 --- [ChiDaram App] [           main] o.h.b.m.internal.AbstractPropertyHolder  : Attempting to locate auto-apply AttributeConverter for property [com.example.chi_daram.entity.Categorylevel1:id]
2025-08-24T11:32:28.975+03:30 DEBUG 1188 --- [ChiDaram App] [           main] o.h.b.model.internal.BasicValueBinder    : building BasicValue for id
2025-08-24T11:32:28.990+03:30 DEBUG 1188 --- [ChiDaram App] [           main] org.hibernate.mapping.BasicValue         : Skipping column re-registration: categorylevel1.id
2025-08-24T11:32:28.994+03:30 DEBUG 1188 --- [ChiDaram App] [           main] o.h.boot.model.internal.PropertyBinder   : Building property id
2025-08-24T11:32:29.007+03:30 DEBUG 1188 --- [ChiDaram App] [           main] o.h.boot.model.internal.BinderHelper     : #makeIdGenerator(BasicValue([Column(id)]), id, assigned, , ...)
2025-08-24T11:32:29.011+03:30 DEBUG 1188 --- [ChiDaram App] [           main] o.h.boot.model.internal.AnnotatedColumn  : Binding column: AnnotatedColumn()
2025-08-24T11:32:29.012+03:30 DEBUG 1188 --- [ChiDaram App] [           main] o.h.boot.model.internal.PropertyBinder   : MetadataSourceProcessor property description with lazy=false
2025-08-24T11:32:29.016+03:30 DEBUG 1188 --- [ChiDaram App] [           main] o.h.b.m.internal.AbstractPropertyHolder  : Attempting to locate auto-apply AttributeConverter for property [com.example.chi_daram.entity.Categorylevel1:description]
2025-08-24T11:32:29.017+03:30 DEBUG 1188 --- [ChiDaram App] [           main] o.h.b.model.internal.BasicValueBinder    : building BasicValue for description
2025-08-24T11:32:29.017+03:30 DEBUG 1188 --- [ChiDaram App] [           main] org.hibernate.mapping.BasicValue         : Skipping column re-registration: categorylevel1.description
2025-08-24T11:32:29.017+03:30 DEBUG 1188 --- [ChiDaram App] [           main] o.h.boot.model.internal.PropertyBinder   : Building property description
2025-08-24T11:32:29.020+03:30 DEBUG 1188 --- [ChiDaram App] [           main] o.h.boot.model.internal.AnnotatedColumn  : Binding column: AnnotatedColumn()
2025-08-24T11:32:29.020+03:30 DEBUG 1188 --- [ChiDaram App] [           main] o.h.boot.model.internal.PropertyBinder   : MetadataSourceProcessor property name with lazy=false
2025-08-24T11:32:29.021+03:30 DEBUG 1188 --- [ChiDaram App] [           main] o.h.b.m.internal.AbstractPropertyHolder  : Attempting to locate auto-apply AttributeConverter for property [com.example.chi_daram.entity.Categorylevel1:name]
2025-08-24T11:32:29.021+03:30 DEBUG 1188 --- [ChiDaram App] [           main] o.h.b.model.internal.BasicValueBinder    : building BasicValue for name
2025-08-24T11:32:29.022+03:30 DEBUG 1188 --- [ChiDaram App] [           main] org.hibernate.mapping.BasicValue         : Skipping column re-registration: categorylevel1.name
2025-08-24T11:32:29.022+03:30 DEBUG 1188 --- [ChiDaram App] [           main] o.h.boot.model.internal.PropertyBinder   : Building property name
2025-08-24T11:32:29.029+03:30 DEBUG 1188 --- [ChiDaram App] [           main] o.h.b.r.c.i.ClassLoaderServiceImpl       : HHH000194: Package not found or no package-info.java: com.example.chi_daram.entity
2025-08-24T11:32:29.065+03:30 DEBUG 1188 --- [ChiDaram App] [           main] o.h.boot.model.internal.EntityBinder     : Binding entity from annotated class: com.example.chi_daram.entity.Categorylevel2
2025-08-24T11:32:29.067+03:30 DEBUG 1188 --- [ChiDaram App] [           main] o.h.boot.model.internal.EntityBinder     : Import with entity name Categorylevel2
2025-08-24T11:32:29.070+03:30 DEBUG 1188 --- [ChiDaram App] [           main] o.h.boot.model.internal.EntityBinder     : Bind entity com.example.chi_daram.entity.Categorylevel2 on table categorylevel2
2025-08-24T11:32:29.071+03:30 DEBUG 1188 --- [ChiDaram App] [           main] o.h.boot.model.internal.AnnotatedColumn  : Binding column: AnnotatedDiscriminatorColumn(column='DTYPE')
2025-08-24T11:32:29.122+03:30 DEBUG 1188 --- [ChiDaram App] [           main] o.h.boot.model.internal.AnnotatedColumn  : Binding column: AnnotatedColumn()
2025-08-24T11:32:29.123+03:30 DEBUG 1188 --- [ChiDaram App] [           main] o.h.boot.internal.ClassLoaderAccessImpl  : Not known whether passed class name [com.example.chi_daram.entity.Categorylevel2] is safe
2025-08-24T11:32:29.123+03:30 DEBUG 1188 --- [ChiDaram App] [           main] o.h.boot.internal.ClassLoaderAccessImpl  : No temp ClassLoader provided; using live ClassLoader for loading potentially unsafe class : com.example.chi_daram.entity.Categorylevel2
2025-08-24T11:32:29.123+03:30 DEBUG 1188 --- [ChiDaram App] [           main] o.h.boot.model.internal.PropertyBinder   : MetadataSourceProcessor property id with lazy=false
2025-08-24T11:32:29.124+03:30 DEBUG 1188 --- [ChiDaram App] [           main] o.h.b.m.internal.AbstractPropertyHolder  : Attempting to locate auto-apply AttributeConverter for property [com.example.chi_daram.entity.Categorylevel2:id]
2025-08-24T11:32:29.124+03:30 DEBUG 1188 --- [ChiDaram App] [           main] o.h.b.model.internal.BasicValueBinder    : building BasicValue for id
2025-08-24T11:32:29.124+03:30 DEBUG 1188 --- [ChiDaram App] [           main] org.hibernate.mapping.BasicValue         : Skipping column re-registration: categorylevel2.id
2025-08-24T11:32:29.125+03:30 DEBUG 1188 --- [ChiDaram App] [           main] o.h.boot.model.internal.PropertyBinder   : Building property id
2025-08-24T11:32:29.157+03:30 DEBUG 1188 --- [ChiDaram App] [           main] o.h.boot.model.internal.BinderHelper     : #makeIdGenerator(BasicValue([Column(id)]), id, identity, , ...)
2025-08-24T11:32:29.168+03:30 DEBUG 1188 --- [ChiDaram App] [           main] o.h.boot.model.internal.AnnotatedColumn  : Binding column: AnnotatedJoinColumn(column='categorylevel1id')
2025-08-24T11:32:29.169+03:30 DEBUG 1188 --- [ChiDaram App] [           main] o.h.boot.model.internal.AnnotatedColumn  : Binding column: AnnotatedColumn()
2025-08-24T11:32:29.201+03:30 DEBUG 1188 --- [ChiDaram App] [           main] o.h.boot.model.internal.PropertyBinder   : Building property categorylevel1
2025-08-24T11:32:29.203+03:30 DEBUG 1188 --- [ChiDaram App] [           main] o.h.boot.model.internal.AnnotatedColumn  : Binding column: AnnotatedColumn(column='description')
2025-08-24T11:32:29.203+03:30 DEBUG 1188 --- [ChiDaram App] [           main] o.h.boot.model.internal.PropertyBinder   : MetadataSourceProcessor property description with lazy=false
2025-08-24T11:32:29.204+03:30 DEBUG 1188 --- [ChiDaram App] [           main] o.h.b.m.internal.AbstractPropertyHolder  : Attempting to locate auto-apply AttributeConverter for property [com.example.chi_daram.entity.Categorylevel2:description]
2025-08-24T11:32:29.204+03:30 DEBUG 1188 --- [ChiDaram App] [           main] o.h.b.model.internal.BasicValueBinder    : building BasicValue for description
2025-08-24T11:32:29.205+03:30 DEBUG 1188 --- [ChiDaram App] [           main] org.hibernate.mapping.BasicValue         : Skipping column re-registration: categorylevel2.description
2025-08-24T11:32:29.206+03:30 DEBUG 1188 --- [ChiDaram App] [           main] o.h.boot.model.internal.PropertyBinder   : Building property description
2025-08-24T11:32:29.207+03:30 DEBUG 1188 --- [ChiDaram App] [           main] o.h.boot.model.internal.AnnotatedColumn  : Binding column: AnnotatedColumn(column='name')
2025-08-24T11:32:29.208+03:30 DEBUG 1188 --- [ChiDaram App] [           main] o.h.boot.model.internal.PropertyBinder   : MetadataSourceProcessor property name with lazy=false
2025-08-24T11:32:29.208+03:30 DEBUG 1188 --- [ChiDaram App] [           main] o.h.b.m.internal.AbstractPropertyHolder  : Attempting to locate auto-apply AttributeConverter for property [com.example.chi_daram.entity.Categorylevel2:name]
2025-08-24T11:32:29.208+03:30 DEBUG 1188 --- [ChiDaram App] [           main] o.h.b.model.internal.BasicValueBinder    : building BasicValue for name
2025-08-24T11:32:29.209+03:30 DEBUG 1188 --- [ChiDaram App] [           main] org.hibernate.mapping.BasicValue         : Skipping column re-registration: categorylevel2.name
2025-08-24T11:32:29.209+03:30 DEBUG 1188 --- [ChiDaram App] [           main] o.h.boot.model.internal.PropertyBinder   : Building property name
2025-08-24T11:32:29.211+03:30 DEBUG 1188 --- [ChiDaram App] [           main] o.h.b.r.c.i.ClassLoaderServiceImpl       : HHH000194: Package not found or no package-info.java: com.example.chi_daram.entity
2025-08-24T11:32:29.212+03:30 DEBUG 1188 --- [ChiDaram App] [           main] o.h.boot.model.internal.EntityBinder     : Binding entity from annotated class: com.example.chi_daram.entity.Decreasedocument
2025-08-24T11:32:29.214+03:30 DEBUG 1188 --- [ChiDaram App] [           main] o.h.boot.model.internal.EntityBinder     : Import with entity name Decreasedocument
2025-08-24T11:32:29.214+03:30 DEBUG 1188 --- [ChiDaram App] [           main] o.h.boot.model.internal.EntityBinder     : Bind entity com.example.chi_daram.entity.Decreasedocument on table decreasedocument
2025-08-24T11:32:29.215+03:30 DEBUG 1188 --- [ChiDaram App] [           main] o.h.boot.model.internal.AnnotatedColumn  : Binding column: AnnotatedDiscriminatorColumn(column='DTYPE')
2025-08-24T11:32:29.219+03:30 DEBUG 1188 --- [ChiDaram App] [           main] o.h.boot.model.internal.AnnotatedColumn  : Binding column: AnnotatedColumn()
2025-08-24T11:32:29.220+03:30 DEBUG 1188 --- [ChiDaram App] [           main] o.h.boot.internal.ClassLoaderAccessImpl  : Not known whether passed class name [com.example.chi_daram.entity.Decreasedocument] is safe
2025-08-24T11:32:29.220+03:30 DEBUG 1188 --- [ChiDaram App] [           main] o.h.boot.internal.ClassLoaderAccessImpl  : No temp ClassLoader provided; using live ClassLoader for loading potentially unsafe class : com.example.chi_daram.entity.Decreasedocument
2025-08-24T11:32:29.221+03:30 DEBUG 1188 --- [ChiDaram App] [           main] o.h.boot.model.internal.PropertyBinder   : MetadataSourceProcessor property id with lazy=false
2025-08-24T11:32:29.221+03:30 DEBUG 1188 --- [ChiDaram App] [           main] o.h.b.m.internal.AbstractPropertyHolder  : Attempting to locate auto-apply AttributeConverter for property [com.example.chi_daram.entity.Decreasedocument:id]
2025-08-24T11:32:29.221+03:30 DEBUG 1188 --- [ChiDaram App] [           main] o.h.b.model.internal.BasicValueBinder    : building BasicValue for id
2025-08-24T11:32:29.225+03:30 DEBUG 1188 --- [ChiDaram App] [           main] org.hibernate.mapping.BasicValue         : Skipping column re-registration: decreasedocument.id
2025-08-24T11:32:29.226+03:30 DEBUG 1188 --- [ChiDaram App] [           main] o.h.boot.model.internal.PropertyBinder   : Building property id
2025-08-24T11:32:29.226+03:30 DEBUG 1188 --- [ChiDaram App] [           main] o.h.boot.model.internal.BinderHelper     : #makeIdGenerator(BasicValue([Column(id)]), id, identity, , ...)
2025-08-24T11:32:29.227+03:30 DEBUG 1188 --- [ChiDaram App] [           main] o.h.boot.model.internal.AnnotatedColumn  : Binding column: AnnotatedColumn(column='decreasedate')
2025-08-24T11:32:29.241+03:30 DEBUG 1188 --- [ChiDaram App] [           main] o.h.boot.model.internal.PropertyBinder   : MetadataSourceProcessor property decreaseDate with lazy=false
2025-08-24T11:32:29.241+03:30 DEBUG 1188 --- [ChiDaram App] [           main] o.h.b.m.internal.AbstractPropertyHolder  : Attempting to locate auto-apply AttributeConverter for property [com.example.chi_daram.entity.Decreasedocument:decreaseDate]
2025-08-24T11:32:29.241+03:30 DEBUG 1188 --- [ChiDaram App] [           main] o.h.b.model.internal.BasicValueBinder    : building BasicValue for decreaseDate
2025-08-24T11:32:29.242+03:30 DEBUG 1188 --- [ChiDaram App] [           main] org.hibernate.mapping.BasicValue         : Skipping column re-registration: decreasedocument.decreasedate
2025-08-24T11:32:29.242+03:30 DEBUG 1188 --- [ChiDaram App] [           main] o.h.boot.model.internal.PropertyBinder   : Building property decreaseDate
2025-08-24T11:32:29.243+03:30 DEBUG 1188 --- [ChiDaram App] [           main] o.h.boot.model.internal.AnnotatedColumn  : Binding column: AnnotatedJoinColumn(column='decreasetypeid')
2025-08-24T11:32:29.244+03:30 DEBUG 1188 --- [ChiDaram App] [           main] o.h.boot.model.internal.AnnotatedColumn  : Binding column: AnnotatedColumn()
2025-08-24T11:32:29.246+03:30 DEBUG 1188 --- [ChiDaram App] [           main] o.h.boot.model.internal.PropertyBinder   : Building property decreaseType
2025-08-24T11:32:29.248+03:30 DEBUG 1188 --- [ChiDaram App] [           main] o.h.boot.model.internal.AnnotatedColumn  : Binding column: AnnotatedColumn(column='description')
2025-08-24T11:32:29.249+03:30 DEBUG 1188 --- [ChiDaram App] [           main] o.h.boot.model.internal.PropertyBinder   : MetadataSourceProcessor property description with lazy=false
2025-08-24T11:32:29.249+03:30 DEBUG 1188 --- [ChiDaram App] [           main] o.h.b.m.internal.AbstractPropertyHolder  : Attempting to locate auto-apply AttributeConverter for property [com.example.chi_daram.entity.Decreasedocument:description]
2025-08-24T11:32:29.250+03:30 DEBUG 1188 --- [ChiDaram App] [           main] o.h.b.model.internal.BasicValueBinder    : building BasicValue for description
2025-08-24T11:32:29.250+03:30 DEBUG 1188 --- [ChiDaram App] [           main] org.hibernate.mapping.BasicValue         : Skipping column re-registration: decreasedocument.description
2025-08-24T11:32:29.251+03:30 DEBUG 1188 --- [ChiDaram App] [           main] o.h.boot.model.internal.PropertyBinder   : Building property description
2025-08-24T11:32:29.270+03:30 DEBUG 1188 --- [ChiDaram App] [           main] o.h.boot.model.internal.AnnotatedColumn  : Binding column: AnnotatedColumn(column='documentnumber')
2025-08-24T11:32:29.272+03:30 DEBUG 1188 --- [ChiDaram App] [           main] o.h.boot.model.internal.PropertyBinder   : MetadataSourceProcessor property documentNumber with lazy=false
2025-08-24T11:32:29.273+03:30 DEBUG 1188 --- [ChiDaram App] [           main] o.h.b.m.internal.AbstractPropertyHolder  : Attempting to locate auto-apply AttributeConverter for property [com.example.chi_daram.entity.Decreasedocument:documentNumber]
2025-08-24T11:32:29.273+03:30 DEBUG 1188 --- [ChiDaram App] [           main] o.h.b.model.internal.BasicValueBinder    : building BasicValue for documentNumber
2025-08-24T11:32:29.274+03:30 DEBUG 1188 --- [ChiDaram App] [           main] org.hibernate.mapping.BasicValue         : Skipping column re-registration: decreasedocument.documentnumber
2025-08-24T11:32:29.274+03:30 DEBUG 1188 --- [ChiDaram App] [           main] o.h.boot.model.internal.PropertyBinder   : Building property documentNumber
2025-08-24T11:32:29.275+03:30 DEBUG 1188 --- [ChiDaram App] [           main] o.h.boot.model.internal.AnnotatedColumn  : Binding column: AnnotatedJoinColumn(column='userid')
2025-08-24T11:32:29.276+03:30 DEBUG 1188 --- [ChiDaram App] [           main] o.h.boot.model.internal.AnnotatedColumn  : Binding column: AnnotatedColumn()
2025-08-24T11:32:29.277+03:30 DEBUG 1188 --- [ChiDaram App] [           main] o.h.boot.model.internal.PropertyBinder   : Building property user
2025-08-24T11:32:29.336+03:30 DEBUG 1188 --- [ChiDaram App] [           main] o.h.b.r.c.i.ClassLoaderServiceImpl       : HHH000194: Package not found or no package-info.java: com.example.chi_daram.entity
2025-08-24T11:32:29.394+03:30 DEBUG 1188 --- [ChiDaram App] [           main] o.h.boot.model.internal.EntityBinder     : Binding entity from annotated class: com.example.chi_daram.entity.Decreasedocumentrow
2025-08-24T11:32:29.396+03:30 DEBUG 1188 --- [ChiDaram App] [           main] o.h.boot.model.internal.EntityBinder     : Import with entity name Decreasedocumentrow
2025-08-24T11:32:29.399+03:30 DEBUG 1188 --- [ChiDaram App] [           main] o.h.boot.model.internal.EntityBinder     : Bind entity com.example.chi_daram.entity.Decreasedocumentrow on table decreasedocumentrow
2025-08-24T11:32:29.403+03:30 DEBUG 1188 --- [ChiDaram App] [           main] o.h.boot.model.internal.AnnotatedColumn  : Binding column: AnnotatedDiscriminatorColumn(column='DTYPE')
2025-08-24T11:32:29.407+03:30 DEBUG 1188 --- [ChiDaram App] [           main] o.h.boot.model.internal.AnnotatedColumn  : Binding column: AnnotatedColumn()
2025-08-24T11:32:29.408+03:30 DEBUG 1188 --- [ChiDaram App] [           main] o.h.boot.internal.ClassLoaderAccessImpl  : Not known whether passed class name [com.example.chi_daram.entity.Decreasedocumentrow] is safe
2025-08-24T11:32:29.408+03:30 DEBUG 1188 --- [ChiDaram App] [           main] o.h.boot.internal.ClassLoaderAccessImpl  : No temp ClassLoader provided; using live ClassLoader for loading potentially unsafe class : com.example.chi_daram.entity.Decreasedocumentrow
2025-08-24T11:32:29.409+03:30 DEBUG 1188 --- [ChiDaram App] [           main] o.h.boot.model.internal.PropertyBinder   : MetadataSourceProcessor property id with lazy=false
2025-08-24T11:32:29.410+03:30 DEBUG 1188 --- [ChiDaram App] [           main] o.h.b.m.internal.AbstractPropertyHolder  : Attempting to locate auto-apply AttributeConverter for property [com.example.chi_daram.entity.Decreasedocumentrow:id]
2025-08-24T11:32:29.410+03:30 DEBUG 1188 --- [ChiDaram App] [           main] o.h.b.model.internal.BasicValueBinder    : building BasicValue for id
2025-08-24T11:32:29.410+03:30 DEBUG 1188 --- [ChiDaram App] [           main] org.hibernate.mapping.BasicValue         : Skipping column re-registration: decreasedocumentrow.id
2025-08-24T11:32:29.412+03:30 DEBUG 1188 --- [ChiDaram App] [           main] o.h.boot.model.internal.PropertyBinder   : Building property id
2025-08-24T11:32:29.412+03:30 DEBUG 1188 --- [ChiDaram App] [           main] o.h.boot.model.internal.BinderHelper     : #makeIdGenerator(BasicValue([Column(id)]), id, identity, , ...)
2025-08-24T11:32:29.414+03:30 DEBUG 1188 --- [ChiDaram App] [           main] o.h.boot.model.internal.AnnotatedColumn  : Binding column: AnnotatedJoinColumn(column='decreasedocumentid')
2025-08-24T11:32:29.415+03:30 DEBUG 1188 --- [ChiDaram App] [           main] o.h.boot.model.internal.AnnotatedColumn  : Binding column: AnnotatedColumn()
2025-08-24T11:32:29.423+03:30 DEBUG 1188 --- [ChiDaram App] [           main] o.h.boot.model.internal.PropertyBinder   : Building property decreasedocument
2025-08-24T11:32:29.427+03:30 DEBUG 1188 --- [ChiDaram App] [           main] o.h.boot.model.internal.AnnotatedColumn  : Binding column: AnnotatedColumn(column='description')
2025-08-24T11:32:29.428+03:30 DEBUG 1188 --- [ChiDaram App] [           main] o.h.boot.model.internal.PropertyBinder   : MetadataSourceProcessor property description with lazy=false
2025-08-24T11:32:29.428+03:30 DEBUG 1188 --- [ChiDaram App] [           main] o.h.b.m.internal.AbstractPropertyHolder  : Attempting to locate auto-apply AttributeConverter for property [com.example.chi_daram.entity.Decreasedocumentrow:description]
2025-08-24T11:32:29.429+03:30 DEBUG 1188 --- [ChiDaram App] [           main] o.h.b.model.internal.BasicValueBinder    : building BasicValue for description
2025-08-24T11:32:29.433+03:30 DEBUG 1188 --- [ChiDaram App] [           main] org.hibernate.mapping.BasicValue         : Skipping column re-registration: decreasedocumentrow.description
2025-08-24T11:32:29.433+03:30 DEBUG 1188 --- [ChiDaram App] [           main] o.h.boot.model.internal.PropertyBinder   : Building property description
2025-08-24T11:32:29.437+03:30 DEBUG 1188 --- [ChiDaram App] [           main] o.h.boot.model.internal.AnnotatedColumn  : Binding column: AnnotatedJoinColumn(column='itemid')
2025-08-24T11:32:29.438+03:30 DEBUG 1188 --- [ChiDaram App] [           main] o.h.boot.model.internal.AnnotatedColumn  : Binding column: AnnotatedColumn()
2025-08-24T11:32:29.439+03:30 DEBUG 1188 --- [ChiDaram App] [           main] o.h.boot.model.internal.PropertyBinder   : Building property item
2025-08-24T11:32:29.440+03:30 DEBUG 1188 --- [ChiDaram App] [           main] o.h.boot.model.internal.AnnotatedColumn  : Binding column: AnnotatedColumn(column='quantity')
2025-08-24T11:32:29.444+03:30 DEBUG 1188 --- [ChiDaram App] [           main] o.h.boot.model.internal.PropertyBinder   : MetadataSourceProcessor property quantity with lazy=false
2025-08-24T11:32:29.444+03:30 DEBUG 1188 --- [ChiDaram App] [           main] o.h.b.m.internal.AbstractPropertyHolder  : Attempting to locate auto-apply AttributeConverter for property [com.example.chi_daram.entity.Decreasedocumentrow:quantity]
2025-08-24T11:32:29.448+03:30 DEBUG 1188 --- [ChiDaram App] [           main] o.h.b.model.internal.BasicValueBinder    : building BasicValue for quantity
2025-08-24T11:32:29.449+03:30 DEBUG 1188 --- [ChiDaram App] [           main] org.hibernate.mapping.BasicValue         : Skipping column re-registration: decreasedocumentrow.quantity
2025-08-24T11:32:29.449+03:30 DEBUG 1188 --- [ChiDaram App] [           main] o.h.boot.model.internal.PropertyBinder   : Building property quantity
2025-08-24T11:32:29.450+03:30 DEBUG 1188 --- [ChiDaram App] [           main] o.h.boot.model.internal.AnnotatedColumn  : Binding column: AnnotatedColumn(column='unitprice')
2025-08-24T11:32:29.450+03:30 DEBUG 1188 --- [ChiDaram App] [           main] o.h.boot.model.internal.PropertyBinder   : MetadataSourceProcessor property unitPrice with lazy=false
2025-08-24T11:32:29.450+03:30 DEBUG 1188 --- [ChiDaram App] [           main] o.h.b.m.internal.AbstractPropertyHolder  : Attempting to locate auto-apply AttributeConverter for property [com.example.chi_daram.entity.Decreasedocumentrow:unitPrice]
2025-08-24T11:32:29.451+03:30 DEBUG 1188 --- [ChiDaram App] [           main] o.h.b.model.internal.BasicValueBinder    : building BasicValue for unitPrice
2025-08-24T11:32:29.451+03:30 DEBUG 1188 --- [ChiDaram App] [           main] org.hibernate.mapping.BasicValue         : Skipping column re-registration: decreasedocumentrow.unitprice
2025-08-24T11:32:29.451+03:30 DEBUG 1188 --- [ChiDaram App] [           main] o.h.boot.model.internal.PropertyBinder   : Building property unitPrice
2025-08-24T11:32:29.453+03:30 DEBUG 1188 --- [ChiDaram App] [           main] o.h.b.r.c.i.ClassLoaderServiceImpl       : HHH000194: Package not found or no package-info.java: com.example.chi_daram.entity
2025-08-24T11:32:29.454+03:30 DEBUG 1188 --- [ChiDaram App] [           main] o.h.boot.model.internal.EntityBinder     : Binding entity from annotated class: com.example.chi_daram.entity.Decreasedocumenttype
2025-08-24T11:32:29.470+03:30 DEBUG 1188 --- [ChiDaram App] [           main] o.h.boot.model.internal.EntityBinder     : Import with entity name Decreasedocumenttype
2025-08-24T11:32:29.471+03:30 DEBUG 1188 --- [ChiDaram App] [           main] o.h.boot.model.internal.EntityBinder     : Bind entity com.example.chi_daram.entity.Decreasedocumenttype on table decreasedocumenttype
2025-08-24T11:32:29.472+03:30 DEBUG 1188 --- [ChiDaram App] [           main] o.h.boot.model.internal.AnnotatedColumn  : Binding column: AnnotatedDiscriminatorColumn(column='DTYPE')
2025-08-24T11:32:29.499+03:30 DEBUG 1188 --- [ChiDaram App] [           main] o.h.boot.model.internal.AnnotatedColumn  : Binding column: AnnotatedColumn()
2025-08-24T11:32:29.500+03:30 DEBUG 1188 --- [ChiDaram App] [           main] o.h.boot.internal.ClassLoaderAccessImpl  : Not known whether passed class name [com.example.chi_daram.entity.Decreasedocumenttype] is safe
2025-08-24T11:32:29.501+03:30 DEBUG 1188 --- [ChiDaram App] [           main] o.h.boot.internal.ClassLoaderAccessImpl  : No temp ClassLoader provided; using live ClassLoader for loading potentially unsafe class : com.example.chi_daram.entity.Decreasedocumenttype
2025-08-24T11:32:29.501+03:30 DEBUG 1188 --- [ChiDaram App] [           main] o.h.boot.model.internal.PropertyBinder   : MetadataSourceProcessor property id with lazy=false
2025-08-24T11:32:29.501+03:30 DEBUG 1188 --- [ChiDaram App] [           main] o.h.b.m.internal.AbstractPropertyHolder  : Attempting to locate auto-apply AttributeConverter for property [com.example.chi_daram.entity.Decreasedocumenttype:id]
2025-08-24T11:32:29.502+03:30 DEBUG 1188 --- [ChiDaram App] [           main] o.h.b.model.internal.BasicValueBinder    : building BasicValue for id
2025-08-24T11:32:29.502+03:30 DEBUG 1188 --- [ChiDaram App] [           main] org.hibernate.mapping.BasicValue         : Skipping column re-registration: decreasedocumenttype.id
2025-08-24T11:32:29.503+03:30 DEBUG 1188 --- [ChiDaram App] [           main] o.h.boot.model.internal.PropertyBinder   : Building property id
2025-08-24T11:32:29.504+03:30 DEBUG 1188 --- [ChiDaram App] [           main] o.h.boot.model.internal.BinderHelper     : #makeIdGenerator(BasicValue([Column(id)]), id, identity, , ...)
2025-08-24T11:32:29.506+03:30 DEBUG 1188 --- [ChiDaram App] [           main] o.h.boot.model.internal.AnnotatedColumn  : Binding column: AnnotatedColumn(column='description')
2025-08-24T11:32:29.510+03:30 DEBUG 1188 --- [ChiDaram App] [           main] o.h.boot.model.internal.PropertyBinder   : MetadataSourceProcessor property description with lazy=false
2025-08-24T11:32:29.510+03:30 DEBUG 1188 --- [ChiDaram App] [           main] o.h.b.m.internal.AbstractPropertyHolder  : Attempting to locate auto-apply AttributeConverter for property [com.example.chi_daram.entity.Decreasedocumenttype:description]
2025-08-24T11:32:29.513+03:30 DEBUG 1188 --- [ChiDaram App] [           main] o.h.b.model.internal.BasicValueBinder    : building BasicValue for description
2025-08-24T11:32:29.514+03:30 DEBUG 1188 --- [ChiDaram App] [           main] org.hibernate.mapping.BasicValue         : Skipping column re-registration: decreasedocumenttype.description
2025-08-24T11:32:29.514+03:30 DEBUG 1188 --- [ChiDaram App] [           main] o.h.boot.model.internal.PropertyBinder   : Building property description
2025-08-24T11:32:29.515+03:30 DEBUG 1188 --- [ChiDaram App] [           main] o.h.boot.model.internal.AnnotatedColumn  : Binding column: AnnotatedColumn(column='title')
2025-08-24T11:32:29.515+03:30 DEBUG 1188 --- [ChiDaram App] [           main] o.h.boot.model.internal.PropertyBinder   : MetadataSourceProcessor property title with lazy=false
2025-08-24T11:32:29.516+03:30 DEBUG 1188 --- [ChiDaram App] [           main] o.h.b.m.internal.AbstractPropertyHolder  : Attempting to locate auto-apply AttributeConverter for property [com.example.chi_daram.entity.Decreasedocumenttype:title]
2025-08-24T11:32:29.517+03:30 DEBUG 1188 --- [ChiDaram App] [           main] o.h.b.model.internal.BasicValueBinder    : building BasicValue for title
2025-08-24T11:32:29.518+03:30 DEBUG 1188 --- [ChiDaram App] [           main] org.hibernate.mapping.BasicValue         : Skipping column re-registration: decreasedocumenttype.title
2025-08-24T11:32:29.518+03:30 DEBUG 1188 --- [ChiDaram App] [           main] o.h.boot.model.internal.PropertyBinder   : Building property title
2025-08-24T11:32:29.524+03:30 DEBUG 1188 --- [ChiDaram App] [           main] o.h.b.r.c.i.ClassLoaderServiceImpl       : HHH000194: Package not found or no package-info.java: com.example.chi_daram.entity
2025-08-24T11:32:29.526+03:30 DEBUG 1188 --- [ChiDaram App] [           main] o.h.boot.model.internal.EntityBinder     : Binding entity from annotated class: com.example.chi_daram.entity.Dynamicfields
2025-08-24T11:32:29.527+03:30 DEBUG 1188 --- [ChiDaram App] [           main] o.h.boot.model.internal.EntityBinder     : Import with entity name Dynamicfields
2025-08-24T11:32:29.531+03:30 DEBUG 1188 --- [ChiDaram App] [           main] o.h.boot.model.internal.EntityBinder     : Bind entity com.example.chi_daram.entity.Dynamicfields on table dynamicfields
2025-08-24T11:32:29.534+03:30 DEBUG 1188 --- [ChiDaram App] [           main] o.h.boot.model.internal.AnnotatedColumn  : Binding column: AnnotatedDiscriminatorColumn(column='DTYPE')
2025-08-24T11:32:29.572+03:30 DEBUG 1188 --- [ChiDaram App] [           main] o.h.boot.model.internal.AnnotatedColumn  : Binding column: AnnotatedColumn()
2025-08-24T11:32:29.573+03:30 DEBUG 1188 --- [ChiDaram App] [           main] o.h.boot.internal.ClassLoaderAccessImpl  : Not known whether passed class name [com.example.chi_daram.entity.Dynamicfields] is safe
2025-08-24T11:32:29.573+03:30 DEBUG 1188 --- [ChiDaram App] [           main] o.h.boot.internal.ClassLoaderAccessImpl  : No temp ClassLoader provided; using live ClassLoader for loading potentially unsafe class : com.example.chi_daram.entity.Dynamicfields
2025-08-24T11:32:29.574+03:30 DEBUG 1188 --- [ChiDaram App] [           main] o.h.boot.model.internal.PropertyBinder   : MetadataSourceProcessor property id with lazy=false
2025-08-24T11:32:29.575+03:30 DEBUG 1188 --- [ChiDaram App] [           main] o.h.b.m.internal.AbstractPropertyHolder  : Attempting to locate auto-apply AttributeConverter for property [com.example.chi_daram.entity.Dynamicfields:id]
2025-08-24T11:32:29.585+03:30 DEBUG 1188 --- [ChiDaram App] [           main] o.h.b.model.internal.BasicValueBinder    : building BasicValue for id
2025-08-24T11:32:29.585+03:30 DEBUG 1188 --- [ChiDaram App] [           main] org.hibernate.mapping.BasicValue         : Skipping column re-registration: dynamicfields.id
2025-08-24T11:32:29.586+03:30 DEBUG 1188 --- [ChiDaram App] [           main] o.h.boot.model.internal.PropertyBinder   : Building property id
2025-08-24T11:32:29.587+03:30 DEBUG 1188 --- [ChiDaram App] [           main] o.h.boot.model.internal.BinderHelper     : #makeIdGenerator(BasicValue([Column(id)]), id, identity, , ...)
2025-08-24T11:32:29.589+03:30 DEBUG 1188 --- [ChiDaram App] [           main] o.h.boot.model.internal.AnnotatedColumn  : Binding column: AnnotatedColumn(column='descripsion')
2025-08-24T11:32:29.590+03:30 DEBUG 1188 --- [ChiDaram App] [           main] o.h.boot.model.internal.PropertyBinder   : MetadataSourceProcessor property description with lazy=false
2025-08-24T11:32:29.591+03:30 DEBUG 1188 --- [ChiDaram App] [           main] o.h.b.m.internal.AbstractPropertyHolder  : Attempting to locate auto-apply AttributeConverter for property [com.example.chi_daram.entity.Dynamicfields:description]
2025-08-24T11:32:29.591+03:30 DEBUG 1188 --- [ChiDaram App] [           main] o.h.b.model.internal.BasicValueBinder    : building BasicValue for description
2025-08-24T11:32:29.657+03:30 DEBUG 1188 --- [ChiDaram App] [           main] org.hibernate.mapping.BasicValue         : Skipping column re-registration: dynamicfields.descripsion
2025-08-24T11:32:29.681+03:30 DEBUG 1188 --- [ChiDaram App] [           main] o.h.boot.model.internal.PropertyBinder   : Building property description
2025-08-24T11:32:29.683+03:30 DEBUG 1188 --- [ChiDaram App] [           main] o.h.boot.model.internal.AnnotatedColumn  : Binding column: AnnotatedJoinColumn(column='itemid')
2025-08-24T11:32:29.684+03:30 DEBUG 1188 --- [ChiDaram App] [           main] o.h.boot.model.internal.AnnotatedColumn  : Binding column: AnnotatedColumn()
2025-08-24T11:32:29.685+03:30 DEBUG 1188 --- [ChiDaram App] [           main] o.h.boot.model.internal.PropertyBinder   : Building property item
2025-08-24T11:32:29.687+03:30 DEBUG 1188 --- [ChiDaram App] [           main] o.h.b.r.c.i.ClassLoaderServiceImpl       : HHH000194: Package not found or no package-info.java: com.example.chi_daram.entity
2025-08-24T11:32:29.688+03:30 DEBUG 1188 --- [ChiDaram App] [           main] o.h.boot.model.internal.EntityBinder     : Binding entity from annotated class: com.example.chi_daram.entity.Increasedocument
2025-08-24T11:32:29.689+03:30 DEBUG 1188 --- [ChiDaram App] [           main] o.h.boot.model.internal.EntityBinder     : Import with entity name Increasedocument
2025-08-24T11:32:29.690+03:30 DEBUG 1188 --- [ChiDaram App] [           main] o.h.boot.model.internal.EntityBinder     : Bind entity com.example.chi_daram.entity.Increasedocument on table increasedocument
2025-08-24T11:32:29.690+03:30 DEBUG 1188 --- [ChiDaram App] [           main] o.h.boot.model.internal.AnnotatedColumn  : Binding column: AnnotatedDiscriminatorColumn(column='DTYPE')
2025-08-24T11:32:29.692+03:30 DEBUG 1188 --- [ChiDaram App] [           main] o.h.boot.model.internal.AnnotatedColumn  : Binding column: AnnotatedColumn()
2025-08-24T11:32:29.693+03:30 DEBUG 1188 --- [ChiDaram App] [           main] o.h.boot.internal.ClassLoaderAccessImpl  : Not known whether passed class name [com.example.chi_daram.entity.Increasedocument] is safe
2025-08-24T11:32:29.694+03:30 DEBUG 1188 --- [ChiDaram App] [           main] o.h.boot.internal.ClassLoaderAccessImpl  : No temp ClassLoader provided; using live ClassLoader for loading potentially unsafe class : com.example.chi_daram.entity.Increasedocument
[...]
	at org.springframework.beans.factory.support.AbstractBeanFactory.getBean(AbstractBeanFactory.java:200) ~[spring-beans-6.1.10.jar:6.1.10]
	at org.springframework.beans.factory.config.DependencyDescriptor.resolveCandidate(DependencyDescriptor.java:254) ~[spring-beans-6.1.10.jar:6.1.10]
	at org.springframework.beans.factory.support.DefaultListableBeanFactory.doResolveDependency(DefaultListableBeanFactory.java:1443) ~[spring-beans-6.1.10.jar:6.1.10]
	at org.springframework.beans.factory.support.DefaultListableBeanFactory.resolveDependency(DefaultListableBeanFactory.java:1353) ~[spring-beans-6.1.10.jar:6.1.10]
	at org.springframework.beans.factory.support.ConstructorResolver.resolveAutowiredArgument(ConstructorResolver.java:904) ~[spring-beans-6.1.10.jar:6.1.10]
	at org.springframework.beans.factory.support.ConstructorResolver.createArgumentArray(ConstructorResolver.java:782) ~[spring-beans-6.1.10.jar:6.1.10]
	at org.springframework.beans.factory.support.ConstructorResolver.autowireConstructor(ConstructorResolver.java:237) ~[spring-beans-6.1.10.jar:6.1.10]
	at org.springframework.beans.factory.support.AbstractAutowireCapableBeanFactory.autowireConstructor(AbstractAutowireCapableBeanFactory.java:1357) ~[spring-beans-6.1.10.jar:6.1.10]
	at org.springframework.beans.factory.support.AbstractAutowireCapableBeanFactory.createBeanInstance(AbstractAutowireCapableBeanFactory.java:1194) ~[spring-beans-6.1.10.jar:6.1.10]
	at org.springframework.beans.factory.support.AbstractAutowireCapableBeanFactory.doCreateBean(AbstractAutowireCapableBeanFactory.java:562) ~[spring-beans-6.1.10.jar:6.1.10]
	at org.springframework.beans.factory.support.AbstractAutowireCapableBeanFactory.createBean(AbstractAutowireCapableBeanFactory.java:522) ~[spring-beans-6.1.10.jar:6.1.10]
	at org.springframework.beans.factory.support.AbstractBeanFactory.lambda$doGetBean$0(AbstractBeanFactory.java:337) ~[spring-beans-6.1.10.jar:6.1.10]
	at org.springframework.beans.factory.support.DefaultSingletonBeanRegistry.getSingleton(DefaultSingletonBeanRegistry.java:234) ~[spring-beans-6.1.10.jar:6.1.10]
	at org.springframework.beans.factory.support.AbstractBeanFactory.doGetBean(AbstractBeanFactory.java:335) ~[spring-beans-6.1.10.jar:6.1.10]
	at org.springframework.beans.factory.support.AbstractBeanFactory.getBean(AbstractBeanFactory.java:200) ~[spring-beans-6.1.10.jar:6.1.10]
	at org.springframework.beans.factory.support.DefaultListableBeanFactory.preInstantiateSingletons(DefaultListableBeanFactory.java:975) ~[spring-beans-6.1.10.jar:6.1.10]
	at org.springframework.context.support.AbstractApplicationContext.finishBeanFactoryInitialization(AbstractApplicationContext.java:962) ~[spring-context-6.1.10.jar:6.1.10]
	at org.springframework.context.support.AbstractApplicationContext.refresh(AbstractApplicationContext.java:624) ~[spring-context-6.1.10.jar:6.1.10]
	at org.springframework.boot.SpringApplication.refresh(SpringApplication.java:754) ~[spring-boot-3.3.1.jar:3.3.1]
	at org.springframework.boot.SpringApplication.refreshContext(SpringApplication.java:456) ~[spring-boot-3.3.1.jar:3.3.1]
	at org.springframework.boot.SpringApplication.run(SpringApplication.java:335) ~[spring-boot-3.3.1.jar:3.3.1]
	at org.springframework.boot.test.context.SpringBootContextLoader.lambda$loadContext$3(SpringBootContextLoader.java:137) ~[spring-boot-test-3.3.1.jar:3.3.1]
	at org.springframework.util.function.ThrowingSupplier.get(ThrowingSupplier.java:58) ~[spring-core-6.1.10.jar:6.1.10]
	at org.springframework.util.function.ThrowingSupplier.get(ThrowingSupplier.java:46) ~[spring-core-6.1.10.jar:6.1.10]
	at org.springframework.boot.SpringApplication.withHook(SpringApplication.java:1463) ~[spring-boot-3.3.1.jar:3.3.1]
	at org.springframework.boot.test.context.SpringBootContextLoader$ContextLoaderHook.run(SpringBootContextLoader.java:553) ~[spring-boot-test-3.3.1.jar:3.3.1]
	at org.springframework.boot.test.context.SpringBootContextLoader.loadContext(SpringBootContextLoader.java:137) ~[spring-boot-test-3.3.1.jar:3.3.1]
	at org.springframework.boot.test.context.SpringBootContextLoader.loadContext(SpringBootContextLoader.java:108) ~[spring-boot-test-3.3.1.jar:3.3.1]
	at org.springframework.test.context.cache.DefaultCacheAwareContextLoaderDelegate.loadContextInternal(DefaultCacheAwareContextLoaderDelegate.java:225) ~[spring-test-6.1.10.jar:6.1.10]
	at org.springframework.test.context.cache.DefaultCacheAwareContextLoaderDelegate.loadContext(DefaultCacheAwareContextLoaderDelegate.java:152) ~[spring-test-6.1.10.jar:6.1.10]
	at org.springframework.test.context.support.DefaultTestContext.getApplicationContext(DefaultTestContext.java:130) ~[spring-test-6.1.10.jar:6.1.10]
	at org.springframework.test.context.web.ServletTestExecutionListener.setUpRequestContextIfNecessary(ServletTestExecutionListener.java:191) ~[spring-test-6.1.10.jar:6.1.10]
	at org.springframework.test.context.web.ServletTestExecutionListener.prepareTestInstance(ServletTestExecutionListener.java:130) ~[spring-test-6.1.10.jar:6.1.10]
	at org.springframework.test.context.TestContextManager.prepareTestInstance(TestContextManager.java:260) ~[spring-test-6.1.10.jar:6.1.10]
	at org.springframework.test.context.junit.jupiter.SpringExtension.postProcessTestInstance(SpringExtension.java:163) ~[spring-test-6.1.10.jar:6.1.10]
	at org.junit.jupiter.engine.descriptor.ClassBasedTestDescriptor.lambda$invokeTestInstancePostProcessors$10(ClassBasedTestDescriptor.java:378) ~[junit-jupiter-engine-5.10.2.jar:5.10.2]
	at org.junit.jupiter.engine.descriptor.ClassBasedTestDescriptor.executeAndMaskThrowable(ClassBasedTestDescriptor.java:383) ~[junit-jupiter-engine-5.10.2.jar:5.10.2]
	at org.junit.jupiter.engine.descriptor.ClassBasedTestDescriptor.lambda$invokeTestInstancePostProcessors$11(ClassBasedTestDescriptor.java:378) ~[junit-jupiter-engine-5.10.2.jar:5.10.2]
	at java.base/java.util.stream.ReferencePipeline$3$1.accept(ReferencePipeline.java:215) ~[na:na]
	at java.base/java.util.stream.ReferencePipeline$2$1.accept(ReferencePipeline.java:197) ~[na:na]
	at java.base/java.util.ArrayList$ArrayListSpliterator.forEachRemaining(ArrayList.java:1709) ~[na:na]
	at java.base/java.util.stream.AbstractPipeline.copyInto(AbstractPipeline.java:570) ~[na:na]
	at java.base/java.util.stream.AbstractPipeline.wrapAndCopyInto(AbstractPipeline.java:560) ~[na:na]
	at java.base/java.util.stream.StreamSpliterators$WrappingSpliterator.forEachRemaining(StreamSpliterators.java:315) ~[na:na]
	at java.base/java.util.stream.Streams$ConcatSpliterator.forEachRemaining(Streams.java:735) ~[na:na]
	at java.base/java.util.stream.Streams$ConcatSpliterator.forEachRemaining(Streams.java:734) ~[na:na]
	at java.base/java.util.stream.ReferencePipeline$Head.forEach(ReferencePipeline.java:807) ~[na:na]
	at org.junit.jupiter.engine.descriptor.ClassBasedTestDescriptor.invokeTestInstancePostProcessors(ClassBasedTestDescriptor.java:377) ~[junit-jupiter-engine-5.10.2.jar:5.10.2]
	at org.junit.jupiter.engine.descriptor.ClassBasedTestDescriptor.lambda$instantiateAndPostProcessTestInstance$6(ClassBasedTestDescriptor.java:290) ~[junit-jupiter-engine-5.10.2.jar:5.10.2]
	at org.junit.platform.engine.support.hierarchical.ThrowableCollector.execute(ThrowableCollector.java:73) ~[junit-platform-engine-1.10.2.jar:1.10.2]
	at org.junit.jupiter.engine.descriptor.ClassBasedTestDescriptor.instantiateAndPostProcessTestInstance(ClassBasedTestDescriptor.java:289) ~[junit-jupiter-engine-5.10.2.jar:5.10.2]
	at org.junit.jupiter.engine.descriptor.ClassBasedTestDescriptor.lambda$testInstancesProvider$4(ClassBasedTestDescriptor.java:279) ~[junit-jupiter-engine-5.10.2.jar:5.10.2]
	at java.base/java.util.Optional.orElseGet(Optional.java:364) ~[na:na]
	at org.junit.jupiter.engine.descriptor.ClassBasedTestDescriptor.lambda$testInstancesProvider$5(ClassBasedTestDescriptor.java:278) ~[junit-jupiter-engine-5.10.2.jar:5.10.2]
	at org.junit.jupiter.engine.execution.TestInstancesProvider.getTestInstances(TestInstancesProvider.java:31) ~[junit-jupiter-engine-5.10.2.jar:5.10.2]
	at org.junit.jupiter.engine.descriptor.TestMethodTestDescriptor.lambda$prepare$0(TestMethodTestDescriptor.java:106) ~[junit-jupiter-engine-5.10.2.jar:5.10.2]
	at org.junit.platform.engine.support.hierarchical.ThrowableCollector.execute(ThrowableCollector.java:73) ~[junit-platform-engine-1.10.2.jar:1.10.2]
	at org.junit.jupiter.engine.descriptor.TestMethodTestDescriptor.prepare(TestMethodTestDescriptor.java:105) ~[junit-jupiter-engine-5.10.2.jar:5.10.2]
	at org.junit.jupiter.engine.descriptor.TestMethodTestDescriptor.prepare(TestMethodTestDescriptor.java:69) ~[junit-jupiter-engine-5.10.2.jar:5.10.2]
	at org.junit.platform.engine.support.hierarchical.NodeTestTask.lambda$prepare$2(NodeTestTask.java:123) ~[junit-platform-engine-1.10.2.jar:1.10.2]
	at org.junit.platform.engine.support.hierarchical.ThrowableCollector.execute(ThrowableCollector.java:73) ~[junit-platform-engine-1.10.2.jar:1.10.2]
	at org.junit.platform.engine.support.hierarchical.NodeTestTask.prepare(NodeTestTask.java:123) ~[junit-platform-engine-1.10.2.jar:1.10.2]
	at org.junit.platform.engine.support.hierarchical.NodeTestTask.execute(NodeTestTask.java:90) ~[junit-platform-engine-1.10.2.jar:1.10.2]
	at java.base/java.util.ArrayList.forEach(ArrayList.java:1597) ~[na:na]
	at org.junit.platform.engine.support.hierarchical.SameThreadHierarchicalTestExecutorService.invokeAll(SameThreadHierarchicalTestExecutorService.java:41) ~[junit-platform-engine-1.10.2.jar:1.10.2]
	at org.junit.platform.engine.support.hierarchical.NodeTestTask.lambda$executeRecursively$6(NodeTestTask.java:155) ~[junit-platform-engine-1.10.2.jar:1.10.2]
	at org.junit.platform.engine.support.hierarchical.ThrowableCollector.execute(ThrowableCollector.java:73) ~[junit-platform-engine-1.10.2.jar:1.10.2]
	at org.junit.platform.engine.support.hierarchical.NodeTestTask.lambda$executeRecursively$8(NodeTestTask.java:141) ~[junit-platform-engine-1.10.2.jar:1.10.2]
	at org.junit.platform.engine.support.hierarchical.Node.around(Node.java:137) ~[junit-platform-engine-1.10.2.jar:1.10.2]
	at org.junit.platform.engine.support.hierarchical.NodeTestTask.lambda$executeRecursively$9(NodeTestTask.java:139) ~[junit-platform-engine-1.10.2.jar:1.10.2]
	at org.junit.platform.engine.support.hierarchical.ThrowableCollector.execute(ThrowableCollector.java:73) ~[junit-platform-engine-1.10.2.jar:1.10.2]
	at org.junit.platform.engine.support.hierarchical.NodeTestTask.executeRecursively(NodeTestTask.java:138) ~[junit-platform-engine-1.10.2.jar:1.10.2]
	at org.junit.platform.engine.support.hierarchical.NodeTestTask.execute(NodeTestTask.java:95) ~[junit-platform-engine-1.10.2.jar:1.10.2]
	at java.base/java.util.ArrayList.forEach(ArrayList.java:1597) ~[na:na]
	at org.junit.platform.engine.support.hierarchical.SameThreadHierarchicalTestExecutorService.invokeAll(SameThreadHierarchicalTestExecutorService.java:41) ~[junit-platform-engine-1.10.2.jar:1.10.2]
	at org.junit.platform.engine.support.hierarchical.NodeTestTask.lambda$executeRecursively$6(NodeTestTask.java:155) ~[junit-platform-engine-1.10.2.jar:1.10.2]
	at org.junit.platform.engine.support.hierarchical.ThrowableCollector.execute(ThrowableCollector.java:73) ~[junit-platform-engine-1.10.2.jar:1.10.2]
	at org.junit.platform.engine.support.hierarchical.NodeTestTask.lambda$executeRecursively$8(NodeTestTask.java:141) ~[junit-platform-engine-1.10.2.jar:1.10.2]
	at org.junit.platform.engine.support.hierarchical.Node.around(Node.java:137) ~[junit-platform-engine-1.10.2.jar:1.10.2]
	at org.junit.platform.engine.support.hierarchical.NodeTestTask.lambda$executeRecursively$9(NodeTestTask.java:139) ~[junit-platform-engine-1.10.2.jar:1.10.2]
	at org.junit.platform.engine.support.hierarchical.ThrowableCollector.execute(ThrowableCollector.java:73) ~[junit-platform-engine-1.10.2.jar:1.10.2]
	at org.junit.platform.engine.support.hierarchical.NodeTestTask.executeRecursively(NodeTestTask.java:138) ~[junit-platform-engine-1.10.2.jar:1.10.2]
	at org.junit.platform.engine.support.hierarchical.NodeTestTask.execute(NodeTestTask.java:95) ~[junit-platform-engine-1.10.2.jar:1.10.2]
	at org.junit.platform.engine.support.hierarchical.SameThreadHierarchicalTestExecutorService.submit(SameThreadHierarchicalTestExecutorService.java:35) ~[junit-platform-engine-1.10.2.jar:1.10.2]
	at org.junit.platform.engine.support.hierarchical.HierarchicalTestExecutor.execute(HierarchicalTestExecutor.java:57) ~[junit-platform-engine-1.10.2.jar:1.10.2]
	at org.junit.platform.engine.support.hierarchical.HierarchicalTestEngine.execute(HierarchicalTestEngine.java:54) ~[junit-platform-engine-1.10.2.jar:1.10.2]
	at org.junit.platform.launcher.core.EngineExecutionOrchestrator.execute(EngineExecutionOrchestrator.java:198) ~[junit-platform-launcher-1.10.2.jar:1.10.2]
	at org.junit.platform.launcher.core.EngineExecutionOrchestrator.execute(EngineExecutionOrchestrator.java:169) ~[junit-platform-launcher-1.10.2.jar:1.10.2]
	at org.junit.platform.launcher.core.EngineExecutionOrchestrator.execute(EngineExecutionOrchestrator.java:93) ~[junit-platform-launcher-1.10.2.jar:1.10.2]
	at org.junit.platform.launcher.core.EngineExecutionOrchestrator.lambda$execute$0(EngineExecutionOrchestrator.java:58) ~[junit-platform-launcher-1.10.2.jar:1.10.2]
	at org.junit.platform.launcher.core.EngineExecutionOrchestrator.withInterceptedStreams(EngineExecutionOrchestrator.java:141) ~[junit-platform-launcher-1.10.2.jar:1.10.2]
	at org.junit.platform.launcher.core.EngineExecutionOrchestrator.execute(EngineExecutionOrchestrator.java:57) ~[junit-platform-launcher-1.10.2.jar:1.10.2]
	at org.junit.platform.launcher.core.DefaultLauncher.execute(DefaultLauncher.java:103) ~[junit-platform-launcher-1.10.2.jar:1.10.2]
	at org.junit.platform.launcher.core.DefaultLauncher.execute(DefaultLauncher.java:85) ~[junit-platform-launcher-1.10.2.jar:1.10.2]
	at org.junit.platform.launcher.core.DelegatingLauncher.execute(DelegatingLauncher.java:47) ~[junit-platform-launcher-1.10.2.jar:1.10.2]
	at org.apache.maven.surefire.junitplatform.LazyLauncher.execute(LazyLauncher.java:56) ~[surefire-junit-platform-3.2.5.jar:3.2.5]
	at org.apache.maven.surefire.junitplatform.JUnitPlatformProvider.execute(JUnitPlatformProvider.java:184) ~[surefire-junit-platform-3.2.5.jar:3.2.5]
	at org.apache.maven.surefire.junitplatform.JUnitPlatformProvider.invokeAllTests(JUnitPlatformProvider.java:148) ~[surefire-junit-platform-3.2.5.jar:3.2.5]
	at org.apache.maven.surefire.junitplatform.JUnitPlatformProvider.invoke(JUnitPlatformProvider.java:122) ~[surefire-junit-platform-3.2.5.jar:3.2.5]
	at org.apache.maven.surefire.booter.ForkedBooter.runSuitesInProcess(ForkedBooter.java:385) ~[surefire-booter-3.2.5.jar:3.2.5]
	at org.apache.maven.surefire.booter.ForkedBooter.execute(ForkedBooter.java:162) ~[surefire-booter-3.2.5.jar:3.2.5]
	at org.apache.maven.surefire.booter.ForkedBooter.run(ForkedBooter.java:507) ~[surefire-booter-3.2.5.jar:3.2.5]
	at org.apache.maven.surefire.booter.ForkedBooter.main(ForkedBooter.java:495) ~[surefire-booter-3.2.5.jar:3.2.5]

2025-08-24T11:32:39.298+03:30 DEBUG 1188 --- [ChiDaram App] [           main] tor$SharedEntityManagerInvocationHandler : Creating new EntityManager for shared EntityManager invocation
2025-08-24T11:32:42.724+03:30 DEBUG 1188 --- [ChiDaram App] [           main] .h.v.m.ResourceBundleMessageInterpolator : Loaded expression factory via original TCCL
2025-08-24T11:32:42.731+03:30 DEBUG 1188 --- [ChiDaram App] [           main] o.h.v.i.e.AbstractConfigurationImpl      : Setting custom MessageInterpolator of type org.springframework.validation.beanvalidation.LocaleContextMessageInterpolator
2025-08-24T11:32:42.732+03:30 DEBUG 1188 --- [ChiDaram App] [           main] o.h.v.i.e.AbstractConfigurationImpl      : Setting custom ConstraintValidatorFactory of type org.springframework.validation.beanvalidation.SpringConstraintValidatorFactory
2025-08-24T11:32:42.736+03:30 DEBUG 1188 --- [ChiDaram App] [           main] o.h.v.i.xml.config.ValidationXmlParser   : Trying to load META-INF/validation.xml for XML based Validator configuration.
2025-08-24T11:32:42.737+03:30 DEBUG 1188 --- [ChiDaram App] [           main] o.h.v.i.xml.config.ResourceLoaderHelper  : Trying to load META-INF/validation.xml via user class loader
2025-08-24T11:32:42.738+03:30 DEBUG 1188 --- [ChiDaram App] [           main] o.h.v.i.xml.config.ResourceLoaderHelper  : Trying to load META-INF/validation.xml via TCCL
2025-08-24T11:32:42.738+03:30 DEBUG 1188 --- [ChiDaram App] [           main] o.h.v.i.xml.config.ResourceLoaderHelper  : Trying to load META-INF/validation.xml via Hibernate Validator's class loader
2025-08-24T11:32:42.739+03:30 DEBUG 1188 --- [ChiDaram App] [           main] o.h.v.i.xml.config.ValidationXmlParser   : No META-INF/validation.xml found. Using annotation based configuration only.
2025-08-24T11:32:42.739+03:30 DEBUG 1188 --- [ChiDaram App] [           main] o.h.v.i.e.resolver.TraversableResolvers  : Found jakarta.persistence.Persistence on classpath containing 'getPersistenceUtil'. Assuming JPA 2 environment. Trying to instantiate JPA aware TraversableResolver
2025-08-24T11:32:42.739+03:30 DEBUG 1188 --- [ChiDaram App] [           main] o.h.v.i.e.resolver.TraversableResolvers  : Instantiated JPA aware TraversableResolver of type org.hibernate.validator.internal.engine.resolver.JPATraversableResolver.
2025-08-24T11:32:42.742+03:30 DEBUG 1188 --- [ChiDaram App] [           main] .i.e.ValidatorFactoryConfigurationHelper : HV000252: Using org.hibernate.validator.internal.engine.DefaultPropertyNodeNameProvider as property node name provider.
2025-08-24T11:32:42.743+03:30 DEBUG 1188 --- [ChiDaram App] [           main] .i.e.ValidatorFactoryConfigurationHelper : HV000234: Using org.springframework.validation.beanvalidation.LocaleContextMessageInterpolator as ValidatorFactory-scoped message interpolator.
2025-08-24T11:32:42.743+03:30 DEBUG 1188 --- [ChiDaram App] [           main] .i.e.ValidatorFactoryConfigurationHelper : HV000234: Using org.hibernate.validator.internal.engine.resolver.JPATraversableResolver as ValidatorFactory-scoped traversable resolver.
2025-08-24T11:32:42.743+03:30 DEBUG 1188 --- [ChiDaram App] [           main] .i.e.ValidatorFactoryConfigurationHelper : HV000234: Using org.hibernate.validator.internal.util.ExecutableParameterNameProvider as ValidatorFactory-scoped parameter name provider.
2025-08-24T11:32:42.743+03:30 DEBUG 1188 --- [ChiDaram App] [           main] .i.e.ValidatorFactoryConfigurationHelper : HV000234: Using org.hibernate.validator.internal.engine.DefaultClockProvider as ValidatorFactory-scoped clock provider.
2025-08-24T11:32:42.743+03:30 DEBUG 1188 --- [ChiDaram App] [           main] .i.e.ValidatorFactoryConfigurationHelper : HV000234: Using org.hibernate.validator.internal.engine.scripting.DefaultScriptEvaluatorFactory as ValidatorFactory-scoped script evaluator factory.
2025-08-24T11:32:43.294+03:30  WARN 1188 --- [ChiDaram App] [           main] ion$DefaultTemplateResolverConfiguration : Cannot find template location: classpath:/templates/ (please add some templates, check your Thymeleaf configuration, or set spring.thymeleaf.check-template-location=false)
2025-08-24T11:32:44.737+03:30  INFO 1188 --- [ChiDaram App] [           main] c.e.c.ChiDaramAppApplicationTests        : Started ChiDaramAppApplicationTests in 31.43 seconds (process running for 35.816)
]]></system-out>
    <system-err><![CDATA[WARNING: A Java agent has been loaded dynamically (C:\Users\Parnian\.m2\repository\net\bytebuddy\byte-buddy-agent\1.14.17\byte-buddy-agent-1.14.17.jar)
WARNING: If a serviceability tool is in use, please run with -XX:+EnableDynamicAgentLoading to hide this warning
WARNING: If a serviceability tool is not in use, please run with -Djdk.instrument.traceUsage for more information
WARNING: Dynamic loading of agents will be disallowed by default in a future release
]]></system-err>
  </testcase>
</testsuite>