<?xml version="1.0" encoding="UTF-8"?>
<testsuite xmlns:xsi="http://www.w3.org/2001/XMLSchema-instance" xsi:noNamespaceSchemaLocation="https://maven.apache.org/surefire/maven-surefire-plugin/xsd/surefire-test-report-3.0.xsd" version="3.0" name="com.example.chi_daram.controller.UserControllerIntegrationTest" time="22.144" tests="5" errors="0" skipped="0" failures="0">
  <properties>
[...]
</properties>
  <testcase name="testGetAllUsers_Authenticated" classname="com.example.chi_daram.controller.UserControllerIntegrationTest" time="3.57">
    <system-out><![CDATA[
  .   ____          _            __ _ _
 /\\ / ___'_ __ _ _(_)_ __  __ _ \ \ \ \
( ( )\___ | '_ | '_| | '_ \/ _` | \ \ \ \
 \\/  ___)| |_)| | | | | || (_| |  ) ) ) )
  '  |____| .__|_| |_|_| |_\__, | / / / /
 =========|_|==============|___/=/_/_/_/

 :: Spring Boot ::                (v3.3.1)

2025-08-24T11:32:47.996+03:30  INFO 1188 --- [ChiDaram App] [           main] c.e.c.c.UserControllerIntegrationTest    : Starting UserControllerIntegrationTest using Java 23.0.1 with PID 1188 (started by Parnian in D:\ChiDaram App\chi_daram)
2025-08-24T11:32:47.996+03:30  INFO 1188 --- [ChiDaram App] [           main] c.e.c.c.UserControllerIntegrationTest    : The following 1 profile is active: "test"
2025-08-24T11:32:50.642+03:30 DEBUG 1188 --- [ChiDaram App] [           main] j.LocalContainerEntityManagerFactoryBean : Building JPA container EntityManagerFactory for persistence unit 'default'
2025-08-24T11:32:50.643+03:30 DEBUG 1188 --- [ChiDaram App] [           main] o.hibernate.jpa.internal.util.LogHelper  : PersistenceUnitInfo [
	name: default
	persistence provider classname: null
	classloader: jdk.internal.loader.ClassLoaders$AppClassLoader@70dea4e
	excludeUnlistedClasses: true
	JTA datasource: null
	Non JTA datasource: HikariDataSource (null)
	Transaction type: RESOURCE_LOCAL
	PU root URL: file:/D:/ChiDaram%20App/chi_daram/target/test-classes/
	Shared Cache Mode: UNSPECIFIED
	Validation Mode: AUTO
	Jar files URLs []
	Managed classes names [
		com.example.chi_daram.entity.Categorylevel1
		com.example.chi_daram.entity.Categorylevel2
		com.example.chi_daram.entity.Decreasedocument
		com.example.chi_daram.entity.Decreasedocumentrow
		com.example.chi_daram.entity.Decreasedocumenttype
		com.example.chi_daram.entity.Dynamicfields
		com.example.chi_daram.entity.Increasedocument
		com.example.chi_daram.entity.Increasedocumentrow
		com.example.chi_daram.entity.Increasedocumenttype
		com.example.chi_daram.entity.Item
		com.example.chi_daram.entity.ItemStatus
		com.example.chi_daram.entity.User]
	Mapping files names []
	Properties []
2025-08-24T11:32:50.643+03:30 DEBUG 1188 --- [ChiDaram App] [           main] o.h.i.internal.IntegratorServiceImpl     : Adding Integrator [org.hibernate.boot.beanvalidation.BeanValidationIntegrator].
2025-08-24T11:32:50.643+03:30 DEBUG 1188 --- [ChiDaram App] [           main] o.h.i.internal.IntegratorServiceImpl     : Adding Integrator [org.hibernate.cache.internal.CollectionCacheInvalidator].
2025-08-24T11:32:50.649+03:30 DEBUG 1188 --- [ChiDaram App] [           main] org.hibernate.orm.idgen.factory          : Registering IdentifierGenerator strategy [uuid2] -> [org.hibernate.id.UUIDGenerator]
2025-08-24T11:32:50.649+03:30 DEBUG 1188 --- [ChiDaram App] [           main] org.hibernate.orm.idgen.factory          : Registering IdentifierGenerator strategy [guid] -> [org.hibernate.id.GUIDGenerator]
2025-08-24T11:32:50.649+03:30 DEBUG 1188 --- [ChiDaram App] [           main] org.hibernate.orm.idgen.factory          : Registering IdentifierGenerator strategy [uuid] -> [org.hibernate.id.UUIDHexGenerator]
2025-08-24T11:32:50.649+03:30 DEBUG 1188 --- [ChiDaram App] [           main] org.hibernate.orm.idgen.factory          : Registering IdentifierGenerator strategy [uuid.hex] -> [org.hibernate.id.UUIDHexGenerator]
2025-08-24T11:32:50.649+03:30 DEBUG 1188 --- [ChiDaram App] [           main] org.hibernate.orm.idgen.factory          : Registering IdentifierGenerator strategy [assigned] -> [org.hibernate.id.Assigned]
2025-08-24T11:32:50.649+03:30 DEBUG 1188 --- [ChiDaram App] [           main] org.hibernate.orm.idgen.factory          : Registering IdentifierGenerator strategy [identity] -> [org.hibernate.id.IdentityGenerator]
2025-08-24T11:32:50.649+03:30 DEBUG 1188 --- [ChiDaram App] [           main] org.hibernate.orm.idgen.factory          : Registering IdentifierGenerator strategy [select] -> [org.hibernate.id.SelectGenerator]
2025-08-24T11:32:50.649+03:30 DEBUG 1188 --- [ChiDaram App] [           main] org.hibernate.orm.idgen.factory          : Registering IdentifierGenerator strategy [sequence] -> [org.hibernate.id.enhanced.SequenceStyleGenerator]
2025-08-24T11:32:50.649+03:30 DEBUG 1188 --- [ChiDaram App] [           main] org.hibernate.orm.idgen.factory          : Registering IdentifierGenerator strategy [increment] -> [org.hibernate.id.IncrementGenerator]
2025-08-24T11:32:50.649+03:30 DEBUG 1188 --- [ChiDaram App] [           main] org.hibernate.orm.idgen.factory          : Registering IdentifierGenerator strategy [foreign] -> [org.hibernate.id.ForeignGenerator]
2025-08-24T11:32:50.649+03:30 DEBUG 1188 --- [ChiDaram App] [           main] org.hibernate.orm.idgen.factory          : Registering IdentifierGenerator strategy [enhanced-sequence] -> [org.hibernate.id.enhanced.SequenceStyleGenerator]
2025-08-24T11:32:50.649+03:30 DEBUG 1188 --- [ChiDaram App] [           main] org.hibernate.orm.idgen.factory          : Registering IdentifierGenerator strategy [enhanced-table] -> [org.hibernate.id.enhanced.TableGenerator]
2025-08-24T11:32:50.650+03:30 DEBUG 1188 --- [ChiDaram App] [           main] o.h.c.internal.RegionFactoryInitiator    : Cannot default RegionFactory based on registered strategies as `[]` RegionFactory strategies were registered
2025-08-24T11:32:50.650+03:30  INFO 1188 --- [ChiDaram App] [           main] o.h.c.internal.RegionFactoryInitiator    : HHH000026: Second-level cache disabled
2025-08-24T11:32:50.651+03:30 DEBUG 1188 --- [ChiDaram App] [           main] org.hibernate.type.BasicTypeRegistry     : Adding type registration boolean -> org.hibernate.type.BasicTypeReference@35ab4260
2025-08-24T11:32:50.651+03:30 DEBUG 1188 --- [ChiDaram App] [           main] org.hibernate.type.BasicTypeRegistry     : Adding type registration boolean -> org.hibernate.type.BasicTypeReference@35ab4260
2025-08-24T11:32:50.651+03:30 DEBUG 1188 --- [ChiDaram App] [           main] org.hibernate.type.BasicTypeRegistry     : Adding type registration java.lang.Boolean -> org.hibernate.type.BasicTypeReference@35ab4260
2025-08-24T11:32:50.651+03:30 DEBUG 1188 --- [ChiDaram App] [           main] org.hibernate.type.BasicTypeRegistry     : Adding type registration numeric_boolean -> org.hibernate.type.BasicTypeReference@76134b9b
2025-08-24T11:32:50.651+03:30 DEBUG 1188 --- [ChiDaram App] [           main] org.hibernate.type.BasicTypeRegistry     : Adding type registration org.hibernate.type.NumericBooleanConverter -> org.hibernate.type.BasicTypeReference@76134b9b
2025-08-24T11:32:50.651+03:30 DEBUG 1188 --- [ChiDaram App] [           main] org.hibernate.type.BasicTypeRegistry     : Adding type registration true_false -> org.hibernate.type.BasicTypeReference@38667005
2025-08-24T11:32:50.651+03:30 DEBUG 1188 --- [ChiDaram App] [           main] org.hibernate.type.BasicTypeRegistry     : Adding type registration org.hibernate.type.TrueFalseConverter -> org.hibernate.type.BasicTypeReference@38667005
2025-08-24T11:32:50.651+03:30 DEBUG 1188 --- [ChiDaram App] [           main] org.hibernate.type.BasicTypeRegistry     : Adding type registration yes_no -> org.hibernate.type.BasicTypeReference@7ee64b53
2025-08-24T11:32:50.651+03:30 DEBUG 1188 --- [ChiDaram App] [           main] org.hibernate.type.BasicTypeRegistry     : Adding type registration org.hibernate.type.YesNoConverter -> org.hibernate.type.BasicTypeReference@7ee64b53
2025-08-24T11:32:50.651+03:30 DEBUG 1188 --- [ChiDaram App] [           main] org.hibernate.type.BasicTypeRegistry     : Adding type registration byte -> org.hibernate.type.BasicTypeReference@1131aead
2025-08-24T11:32:50.651+03:30 DEBUG 1188 --- [ChiDaram App] [           main] org.hibernate.type.BasicTypeRegistry     : Adding type registration byte -> org.hibernate.type.BasicTypeReference@1131aead
2025-08-24T11:32:50.651+03:30 DEBUG 1188 --- [ChiDaram App] [           main] org.hibernate.type.BasicTypeRegistry     : Adding type registration java.lang.Byte -> org.hibernate.type.BasicTypeReference@1131aead
2025-08-24T11:32:50.651+03:30 DEBUG 1188 --- [ChiDaram App] [           main] org.hibernate.type.BasicTypeRegistry     : Adding type registration binary -> org.hibernate.type.BasicTypeReference@7d126083
2025-08-24T11:32:50.651+03:30 DEBUG 1188 --- [ChiDaram App] [           main] org.hibernate.type.BasicTypeRegistry     : Adding type registration byte[] -> org.hibernate.type.BasicTypeReference@7d126083
2025-08-24T11:32:50.651+03:30 DEBUG 1188 --- [ChiDaram App] [           main] org.hibernate.type.BasicTypeRegistry     : Adding type registration [B -> org.hibernate.type.BasicTypeReference@7d126083
2025-08-24T11:32:50.651+03:30 DEBUG 1188 --- [ChiDaram App] [           main] org.hibernate.type.BasicTypeRegistry     : Adding type registration binary_wrapper -> org.hibernate.type.BasicTypeReference@76ffc17c
2025-08-24T11:32:50.651+03:30 DEBUG 1188 --- [ChiDaram App] [           main] org.hibernate.type.BasicTypeRegistry     : Adding type registration wrapper-binary -> org.hibernate.type.BasicTypeReference@76ffc17c
2025-08-24T11:32:50.651+03:30 DEBUG 1188 --- [ChiDaram App] [           main] org.hibernate.type.BasicTypeRegistry     : Adding type registration image -> org.hibernate.type.BasicTypeReference@3a8fb023
2025-08-24T11:32:50.652+03:30 DEBUG 1188 --- [ChiDaram App] [           main] org.hibernate.type.BasicTypeRegistry     : Adding type registration blob -> org.hibernate.type.BasicTypeReference@26d73519
2025-08-24T11:32:50.652+03:30 DEBUG 1188 --- [ChiDaram App] [           main] org.hibernate.type.BasicTypeRegistry     : Adding type registration java.sql.Blob -> org.hibernate.type.BasicTypeReference@26d73519
2025-08-24T11:32:50.652+03:30 DEBUG 1188 --- [ChiDaram App] [           main] org.hibernate.type.BasicTypeRegistry     : Adding type registration materialized_blob -> org.hibernate.type.BasicTypeReference@48af5f38
2025-08-24T11:32:50.652+03:30 DEBUG 1188 --- [ChiDaram App] [           main] org.hibernate.type.BasicTypeRegistry     : Adding type registration materialized_blob_wrapper -> org.hibernate.type.BasicTypeReference@40538370
2025-08-24T11:32:50.652+03:30 DEBUG 1188 --- [ChiDaram App] [           main] org.hibernate.type.BasicTypeRegistry     : Adding type registration short -> org.hibernate.type.BasicTypeReference@71a2df1
2025-08-24T11:32:50.652+03:30 DEBUG 1188 --- [ChiDaram App] [           main] org.hibernate.type.BasicTypeRegistry     : Adding type registration short -> org.hibernate.type.BasicTypeReference@71a2df1
2025-08-24T11:32:50.652+03:30 DEBUG 1188 --- [ChiDaram App] [           main] org.hibernate.type.BasicTypeRegistry     : Adding type registration java.lang.Short -> org.hibernate.type.BasicTypeReference@71a2df1
2025-08-24T11:32:50.652+03:30 DEBUG 1188 --- [ChiDaram App] [           main] org.hibernate.type.BasicTypeRegistry     : Adding type registration integer -> org.hibernate.type.BasicTypeReference@18faaff6
2025-08-24T11:32:50.652+03:30 DEBUG 1188 --- [ChiDaram App] [           main] org.hibernate.type.BasicTypeRegistry     : Adding type registration int -> org.hibernate.type.BasicTypeReference@18faaff6
2025-08-24T11:32:50.652+03:30 DEBUG 1188 --- [ChiDaram App] [           main] org.hibernate.type.BasicTypeRegistry     : Adding type registration java.lang.Integer -> org.hibernate.type.BasicTypeReference@18faaff6
2025-08-24T11:32:50.652+03:30 DEBUG 1188 --- [ChiDaram App] [           main] org.hibernate.type.BasicTypeRegistry     : Adding type registration long -> org.hibernate.type.BasicTypeReference@2a9e754e
2025-08-24T11:32:50.652+03:30 DEBUG 1188 --- [ChiDaram App] [           main] org.hibernate.type.BasicTypeRegistry     : Adding type registration long -> org.hibernate.type.BasicTypeReference@2a9e754e
2025-08-24T11:32:50.652+03:30 DEBUG 1188 --- [ChiDaram App] [           main] org.hibernate.type.BasicTypeRegistry     : Adding type registration java.lang.Long -> org.hibernate.type.BasicTypeReference@2a9e754e
2025-08-24T11:32:50.652+03:30 DEBUG 1188 --- [ChiDaram App] [           main] org.hibernate.type.BasicTypeRegistry     : Adding type registration float -> org.hibernate.type.BasicTypeReference@760a2b6e
2025-08-24T11:32:50.652+03:30 DEBUG 1188 --- [ChiDaram App] [           main] org.hibernate.type.BasicTypeRegistry     : Adding type registration float -> org.hibernate.type.BasicTypeReference@760a2b6e
2025-08-24T11:32:50.652+03:30 DEBUG 1188 --- [ChiDaram App] [           main] org.hibernate.type.BasicTypeRegistry     : Adding type registration java.lang.Float -> org.hibernate.type.BasicTypeReference@760a2b6e
2025-08-24T11:32:50.652+03:30 DEBUG 1188 --- [ChiDaram App] [           main] org.hibernate.type.BasicTypeRegistry     : Adding type registration double -> org.hibernate.type.BasicTypeReference@20a9f5fb
2025-08-24T11:32:50.652+03:30 DEBUG 1188 --- [ChiDaram App] [           main] org.hibernate.type.BasicTypeRegistry     : Adding type registration double -> org.hibernate.type.BasicTypeReference@20a9f5fb
2025-08-24T11:32:50.652+03:30 DEBUG 1188 --- [ChiDaram App] [           main] org.hibernate.type.BasicTypeRegistry     : Adding type registration java.lang.Double -> org.hibernate.type.BasicTypeReference@20a9f5fb
2025-08-24T11:32:50.652+03:30 DEBUG 1188 --- [ChiDaram App] [           main] org.hibernate.type.BasicTypeRegistry     : Adding type registration big_integer -> org.hibernate.type.BasicTypeReference@6d617b07
2025-08-24T11:32:50.652+03:30 DEBUG 1188 --- [ChiDaram App] [           main] org.hibernate.type.BasicTypeRegistry     : Adding type registration java.math.BigInteger -> org.hibernate.type.BasicTypeReference@6d617b07
2025-08-24T11:32:50.652+03:30 DEBUG 1188 --- [ChiDaram App] [           main] org.hibernate.type.BasicTypeRegistry     : Adding type registration big_decimal -> org.hibernate.type.BasicTypeReference@340c57e0
2025-08-24T11:32:50.652+03:30 DEBUG 1188 --- [ChiDaram App] [           main] org.hibernate.type.BasicTypeRegistry     : Adding type registration java.math.BigDecimal -> org.hibernate.type.BasicTypeReference@340c57e0
2025-08-24T11:32:50.652+03:30 DEBUG 1188 --- [ChiDaram App] [           main] org.hibernate.type.BasicTypeRegistry     : Adding type registration character -> org.hibernate.type.BasicTypeReference@137a4b54
2025-08-24T11:32:50.653+03:30 DEBUG 1188 --- [ChiDaram App] [           main] org.hibernate.type.BasicTypeRegistry     : Adding type registration char -> org.hibernate.type.BasicTypeReference@137a4b54
2025-08-24T11:32:50.653+03:30 DEBUG 1188 --- [ChiDaram App] [           main] org.hibernate.type.BasicTypeRegistry     : Adding type registration java.lang.Character -> org.hibernate.type.BasicTypeReference@137a4b54
2025-08-24T11:32:50.653+03:30 DEBUG 1188 --- [ChiDaram App] [           main] org.hibernate.type.BasicTypeRegistry     : Adding type registration character_nchar -> org.hibernate.type.BasicTypeReference@7c9372ed
2025-08-24T11:32:50.654+03:30 DEBUG 1188 --- [ChiDaram App] [           main] org.hibernate.type.BasicTypeRegistry     : Adding type registration string -> org.hibernate.type.BasicTypeReference@1acc873b
2025-08-24T11:32:50.654+03:30 DEBUG 1188 --- [ChiDaram App] [           main] org.hibernate.type.BasicTypeRegistry     : Adding type registration java.lang.String -> org.hibernate.type.BasicTypeReference@1acc873b
2025-08-24T11:32:50.654+03:30 DEBUG 1188 --- [ChiDaram App] [           main] org.hibernate.type.BasicTypeRegistry     : Adding type registration nstring -> org.hibernate.type.BasicTypeReference@4ca970d5
2025-08-24T11:32:50.654+03:30 DEBUG 1188 --- [ChiDaram App] [           main] org.hibernate.type.BasicTypeRegistry     : Adding type registration characters -> org.hibernate.type.BasicTypeReference@dc8b2ff
2025-08-24T11:32:50.654+03:30 DEBUG 1188 --- [ChiDaram App] [           main] org.hibernate.type.BasicTypeRegistry     : Adding type registration char[] -> org.hibernate.type.BasicTypeReference@dc8b2ff
2025-08-24T11:32:50.654+03:30 DEBUG 1188 --- [ChiDaram App] [           main] org.hibernate.type.BasicTypeRegistry     : Adding type registration [C -> org.hibernate.type.BasicTypeReference@dc8b2ff
2025-08-24T11:32:50.654+03:30 DEBUG 1188 --- [ChiDaram App] [           main] org.hibernate.type.BasicTypeRegistry     : Adding type registration wrapper-characters -> org.hibernate.type.BasicTypeReference@6a2badb1
2025-08-24T11:32:50.654+03:30 DEBUG 1188 --- [ChiDaram App] [           main] org.hibernate.type.BasicTypeRegistry     : Adding type registration text -> org.hibernate.type.BasicTypeReference@14201a90
2025-08-24T11:32:50.654+03:30 DEBUG 1188 --- [ChiDaram App] [           main] org.hibernate.type.BasicTypeRegistry     : Adding type registration ntext -> org.hibernate.type.BasicTypeReference@1308ef19
2025-08-24T11:32:50.654+03:30 DEBUG 1188 --- [ChiDaram App] [           main] org.hibernate.type.BasicTypeRegistry     : Adding type registration clob -> org.hibernate.type.BasicTypeReference@5b1ff8cd
2025-08-24T11:32:50.654+03:30 DEBUG 1188 --- [ChiDaram App] [           main] org.hibernate.type.BasicTypeRegistry     : Adding type registration java.sql.Clob -> org.hibernate.type.BasicTypeReference@5b1ff8cd
2025-08-24T11:32:50.655+03:30 DEBUG 1188 --- [ChiDaram App] [           main] org.hibernate.type.BasicTypeRegistry     : Adding type registration nclob -> org.hibernate.type.BasicTypeReference@6cee903a
2025-08-24T11:32:50.655+03:30 DEBUG 1188 --- [ChiDaram App] [           main] org.hibernate.type.BasicTypeRegistry     : Adding type registration java.sql.NClob -> org.hibernate.type.BasicTypeReference@6cee903a
2025-08-24T11:32:50.655+03:30 DEBUG 1188 --- [ChiDaram App] [           main] org.hibernate.type.BasicTypeRegistry     : Adding type registration materialized_clob -> org.hibernate.type.BasicTypeReference@780ee3ad
2025-08-24T11:32:50.655+03:30 DEBUG 1188 --- [ChiDaram App] [           main] org.hibernate.type.BasicTypeRegistry     : Adding type registration materialized_clob_char_array -> org.hibernate.type.BasicTypeReference@2c2aab92
2025-08-24T11:32:50.655+03:30 DEBUG 1188 --- [ChiDaram App] [           main] org.hibernate.type.BasicTypeRegistry     : Adding type registration materialized_clob_character_array -> org.hibernate.type.BasicTypeReference@857f74a
2025-08-24T11:32:50.655+03:30 DEBUG 1188 --- [ChiDaram App] [           main] org.hibernate.type.BasicTypeRegistry     : Adding type registration materialized_nclob -> org.hibernate.type.BasicTypeReference@10a0d93a
2025-08-24T11:32:50.655+03:30 DEBUG 1188 --- [ChiDaram App] [           main] org.hibernate.type.BasicTypeRegistry     : Adding type registration materialized_nclob_character_array -> org.hibernate.type.BasicTypeReference@1f3c5308
2025-08-24T11:32:50.655+03:30 DEBUG 1188 --- [ChiDaram App] [           main] org.hibernate.type.BasicTypeRegistry     : Adding type registration materialized_nclob_char_array -> org.hibernate.type.BasicTypeReference@66b31d46
2025-08-24T11:32:50.655+03:30 DEBUG 1188 --- [ChiDaram App] [           main] org.hibernate.type.BasicTypeRegistry     : Adding type registration Duration -> org.hibernate.type.BasicTypeReference@51e94b7d
2025-08-24T11:32:50.655+03:30 DEBUG 1188 --- [ChiDaram App] [           main] org.hibernate.type.BasicTypeRegistry     : Adding type registration java.time.Duration -> org.hibernate.type.BasicTypeReference@51e94b7d
2025-08-24T11:32:50.655+03:30 DEBUG 1188 --- [ChiDaram App] [           main] org.hibernate.type.BasicTypeRegistry     : Adding type registration LocalDateTime -> org.hibernate.type.BasicTypeReference@47162173
2025-08-24T11:32:50.655+03:30 DEBUG 1188 --- [ChiDaram App] [           main] org.hibernate.type.BasicTypeRegistry     : Adding type registration java.time.LocalDateTime -> org.hibernate.type.BasicTypeReference@47162173
2025-08-24T11:32:50.655+03:30 DEBUG 1188 --- [ChiDaram App] [           main] org.hibernate.type.BasicTypeRegistry     : Adding type registration LocalDate -> org.hibernate.type.BasicTypeReference@3a4f8e8a
2025-08-24T11:32:50.655+03:30 DEBUG 1188 --- [ChiDaram App] [           main] org.hibernate.type.BasicTypeRegistry     : Adding type registration java.time.LocalDate -> org.hibernate.type.BasicTypeReference@3a4f8e8a
2025-08-24T11:32:50.655+03:30 DEBUG 1188 --- [ChiDaram App] [           main] org.hibernate.type.BasicTypeRegistry     : Adding type registration LocalTime -> org.hibernate.type.BasicTypeReference@4468fda8
2025-08-24T11:32:50.655+03:30 DEBUG 1188 --- [ChiDaram App] [           main] org.hibernate.type.BasicTypeRegistry     : Adding type registration java.time.LocalTime -> org.hibernate.type.BasicTypeReference@4468fda8
2025-08-24T11:32:50.655+03:30 DEBUG 1188 --- [ChiDaram App] [           main] org.hibernate.type.BasicTypeRegistry     : Adding type registration OffsetDateTime -> org.hibernate.type.BasicTypeReference@5fc1e4fb
2025-08-24T11:32:50.655+03:30 DEBUG 1188 --- [ChiDaram App] [           main] org.hibernate.type.BasicTypeRegistry     : Adding type registration java.time.OffsetDateTime -> org.hibernate.type.BasicTypeReference@5fc1e4fb
2025-08-24T11:32:50.655+03:30 DEBUG 1188 --- [ChiDaram App] [           main] org.hibernate.type.BasicTypeRegistry     : Adding type registration OffsetDateTimeWithTimezone -> org.hibernate.type.BasicTypeReference@29aa4bc9
2025-08-24T11:32:50.655+03:30 DEBUG 1188 --- [ChiDaram App] [           main] org.hibernate.type.BasicTypeRegistry     : Adding type registration OffsetDateTimeWithoutTimezone -> org.hibernate.type.BasicTypeReference@6fd7aba8
2025-08-24T11:32:50.656+03:30 DEBUG 1188 --- [ChiDaram App] [           main] org.hibernate.type.BasicTypeRegistry     : Adding type registration OffsetTime -> org.hibernate.type.BasicTypeReference@6c519e47
2025-08-24T11:32:50.656+03:30 DEBUG 1188 --- [ChiDaram App] [           main] org.hibernate.type.BasicTypeRegistry     : Adding type registration java.time.OffsetTime -> org.hibernate.type.BasicTypeReference@6c519e47
2025-08-24T11:32:50.656+03:30 DEBUG 1188 --- [ChiDaram App] [           main] org.hibernate.type.BasicTypeRegistry     : Adding type registration OffsetTimeUtc -> org.hibernate.type.BasicTypeReference@3ce7490a
2025-08-24T11:32:50.656+03:30 DEBUG 1188 --- [ChiDaram App] [           main] org.hibernate.type.BasicTypeRegistry     : Adding type registration OffsetTimeWithTimezone -> org.hibernate.type.BasicTypeReference@4768b95c
2025-08-24T11:32:50.656+03:30 DEBUG 1188 --- [ChiDaram App] [           main] org.hibernate.type.BasicTypeRegistry     : Adding type registration OffsetTimeWithoutTimezone -> org.hibernate.type.BasicTypeReference@1530d0f2
2025-08-24T11:32:50.656+03:30 DEBUG 1188 --- [ChiDaram App] [           main] org.hibernate.type.BasicTypeRegistry     : Adding type registration ZonedDateTime -> org.hibernate.type.BasicTypeReference@7573c7b5
2025-08-24T11:32:50.656+03:30 DEBUG 1188 --- [ChiDaram App] [           main] org.hibernate.type.BasicTypeRegistry     : Adding type registration java.time.ZonedDateTime -> org.hibernate.type.BasicTypeReference@7573c7b5
2025-08-24T11:32:50.656+03:30 DEBUG 1188 --- [ChiDaram App] [           main] org.hibernate.type.BasicTypeRegistry     : Adding type registration ZonedDateTimeWithTimezone -> org.hibernate.type.BasicTypeReference@73da7f08
2025-08-24T11:32:50.656+03:30 DEBUG 1188 --- [ChiDaram App] [           main] org.hibernate.type.BasicTypeRegistry     : Adding type registration ZonedDateTimeWithoutTimezone -> org.hibernate.type.BasicTypeReference@717a8a76
2025-08-24T11:32:50.656+03:30 DEBUG 1188 --- [ChiDaram App] [           main] org.hibernate.type.BasicTypeRegistry     : Adding type registration date -> org.hibernate.type.BasicTypeReference@62de73eb
2025-08-24T11:32:50.656+03:30 DEBUG 1188 --- [ChiDaram App] [           main] org.hibernate.type.BasicTypeRegistry     : Adding type registration java.sql.Date -> org.hibernate.type.BasicTypeReference@62de73eb
2025-08-24T11:32:50.656+03:30 DEBUG 1188 --- [ChiDaram App] [           main] org.hibernate.type.BasicTypeRegistry     : Adding type registration time -> org.hibernate.type.BasicTypeReference@97b5e6a
2025-08-24T11:32:50.656+03:30 DEBUG 1188 --- [ChiDaram App] [           main] org.hibernate.type.BasicTypeRegistry     : Adding type registration java.sql.Time -> org.hibernate.type.BasicTypeReference@97b5e6a
2025-08-24T11:32:50.656+03:30 DEBUG 1188 --- [ChiDaram App] [           main] org.hibernate.type.BasicTypeRegistry     : Adding type registration timestamp -> org.hibernate.type.BasicTypeReference@29f95272
2025-08-24T11:32:50.656+03:30 DEBUG 1188 --- [ChiDaram App] [           main] org.hibernate.type.BasicTypeRegistry     : Adding type registration java.sql.Timestamp -> org.hibernate.type.BasicTypeReference@29f95272
2025-08-24T11:32:50.657+03:30 DEBUG 1188 --- [ChiDaram App] [           main] org.hibernate.type.BasicTypeRegistry     : Adding type registration java.util.Date -> org.hibernate.type.BasicTypeReference@29f95272
2025-08-24T11:32:50.657+03:30 DEBUG 1188 --- [ChiDaram App] [           main] org.hibernate.type.BasicTypeRegistry     : Adding type registration calendar -> org.hibernate.type.BasicTypeReference@c754401
2025-08-24T11:32:50.657+03:30 DEBUG 1188 --- [ChiDaram App] [           main] org.hibernate.type.BasicTypeRegistry     : Adding type registration java.util.Calendar -> org.hibernate.type.BasicTypeReference@c754401
2025-08-24T11:32:50.657+03:30 DEBUG 1188 --- [ChiDaram App] [           main] org.hibernate.type.BasicTypeRegistry     : Adding type registration java.util.GregorianCalendar -> org.hibernate.type.BasicTypeReference@c754401
2025-08-24T11:32:50.657+03:30 DEBUG 1188 --- [ChiDaram App] [           main] org.hibernate.type.BasicTypeRegistry     : Adding type registration calendar_date -> org.hibernate.type.BasicTypeReference@1da53f4f
2025-08-24T11:32:50.657+03:30 DEBUG 1188 --- [ChiDaram App] [           main] org.hibernate.type.BasicTypeRegistry     : Adding type registration calendar_time -> org.hibernate.type.BasicTypeReference@2df71be0
2025-08-24T11:32:50.657+03:30 DEBUG 1188 --- [ChiDaram App] [           main] org.hibernate.type.BasicTypeRegistry     : Adding type registration instant -> org.hibernate.type.BasicTypeReference@b841713
2025-08-24T11:32:50.657+03:30 DEBUG 1188 --- [ChiDaram App] [           main] org.hibernate.type.BasicTypeRegistry     : Adding type registration java.time.Instant -> org.hibernate.type.BasicTypeReference@b841713
2025-08-24T11:32:50.657+03:30 DEBUG 1188 --- [ChiDaram App] [           main] org.hibernate.type.BasicTypeRegistry     : Adding type registration uuid -> org.hibernate.type.BasicTypeReference@3fef1e6b
2025-08-24T11:32:50.657+03:30 DEBUG 1188 --- [ChiDaram App] [           main] org.hibernate.type.BasicTypeRegistry     : Adding type registration java.util.UUID -> org.hibernate.type.BasicTypeReference@3fef1e6b
2025-08-24T11:32:50.658+03:30 DEBUG 1188 --- [ChiDaram App] [           main] org.hibernate.type.BasicTypeRegistry     : Adding type registration pg-uuid -> org.hibernate.type.BasicTypeReference@3fef1e6b
2025-08-24T11:32:50.658+03:30 DEBUG 1188 --- [ChiDaram App] [           main] org.hibernate.type.BasicTypeRegistry     : Adding type registration uuid-binary -> org.hibernate.type.BasicTypeReference@4fee14b
2025-08-24T11:32:50.658+03:30 DEBUG 1188 --- [ChiDaram App] [           main] org.hibernate.type.BasicTypeRegistry     : Adding type registration uuid-char -> org.hibernate.type.BasicTypeReference@11c3d22f
2025-08-24T11:32:50.658+03:30 DEBUG 1188 --- [ChiDaram App] [           main] org.hibernate.type.BasicTypeRegistry     : Adding type registration class -> org.hibernate.type.BasicTypeReference@3a54638b
2025-08-24T11:32:50.658+03:30 DEBUG 1188 --- [ChiDaram App] [           main] org.hibernate.type.BasicTypeRegistry     : Adding type registration java.lang.Class -> org.hibernate.type.BasicTypeReference@3a54638b
2025-08-24T11:32:50.658+03:30 DEBUG 1188 --- [ChiDaram App] [           main] org.hibernate.type.BasicTypeRegistry     : Adding type registration currency -> org.hibernate.type.BasicTypeReference@7d8f2eec
2025-08-24T11:32:50.658+03:30 DEBUG 1188 --- [ChiDaram App] [           main] org.hibernate.type.BasicTypeRegistry     : Adding type registration Currency -> org.hibernate.type.BasicTypeReference@7d8f2eec
2025-08-24T11:32:50.658+03:30 DEBUG 1188 --- [ChiDaram App] [           main] org.hibernate.type.BasicTypeRegistry     : Adding type registration java.util.Currency -> org.hibernate.type.BasicTypeReference@7d8f2eec
2025-08-24T11:32:50.659+03:30 DEBUG 1188 --- [ChiDaram App] [           main] org.hibernate.type.BasicTypeRegistry     : Adding type registration locale -> org.hibernate.type.BasicTypeReference@e886caf
2025-08-24T11:32:50.659+03:30 DEBUG 1188 --- [ChiDaram App] [           main] org.hibernate.type.BasicTypeRegistry     : Adding type registration java.util.Locale -> org.hibernate.type.BasicTypeReference@e886caf
2025-08-24T11:32:50.659+03:30 DEBUG 1188 --- [ChiDaram App] [           main] org.hibernate.type.BasicTypeRegistry     : Adding type registration serializable -> org.hibernate.type.BasicTypeReference@1d585fb
2025-08-24T11:32:50.659+03:30 DEBUG 1188 --- [ChiDaram App] [           main] org.hibernate.type.BasicTypeRegistry     : Adding type registration java.io.Serializable -> org.hibernate.type.BasicTypeReference@1d585fb
2025-08-24T11:32:50.659+03:30 DEBUG 1188 --- [ChiDaram App] [           main] org.hibernate.type.BasicTypeRegistry     : Adding type registration timezone -> org.hibernate.type.BasicTypeReference@1884e671
2025-08-24T11:32:50.659+03:30 DEBUG 1188 --- [ChiDaram App] [           main] org.hibernate.type.BasicTypeRegistry     : Adding type registration java.util.TimeZone -> org.hibernate.type.BasicTypeReference@1884e671
2025-08-24T11:32:50.659+03:30 DEBUG 1188 --- [ChiDaram App] [           main] org.hibernate.type.BasicTypeRegistry     : Adding type registration ZoneOffset -> org.hibernate.type.BasicTypeReference@1c7843c3
2025-08-24T11:32:50.659+03:30 DEBUG 1188 --- [ChiDaram App] [           main] org.hibernate.type.BasicTypeRegistry     : Adding type registration java.time.ZoneOffset -> org.hibernate.type.BasicTypeReference@1c7843c3
2025-08-24T11:32:50.659+03:30 DEBUG 1188 --- [ChiDaram App] [           main] org.hibernate.type.BasicTypeRegistry     : Adding type registration url -> org.hibernate.type.BasicTypeReference@5158a9f7
2025-08-24T11:32:50.659+03:30 DEBUG 1188 --- [ChiDaram App] [           main] org.hibernate.type.BasicTypeRegistry     : Adding type registration java.net.URL -> org.hibernate.type.BasicTypeReference@5158a9f7
2025-08-24T11:32:50.659+03:30 DEBUG 1188 --- [ChiDaram App] [           main] org.hibernate.type.BasicTypeRegistry     : Adding type registration vector -> org.hibernate.type.BasicTypeReference@7c8f047a
2025-08-24T11:32:50.659+03:30 DEBUG 1188 --- [ChiDaram App] [           main] org.hibernate.type.BasicTypeRegistry     : Adding type registration row_version -> org.hibernate.type.BasicTypeReference@4387d2f4
2025-08-24T11:32:50.660+03:30 DEBUG 1188 --- [ChiDaram App] [           main] org.hibernate.type.BasicTypeRegistry     : Adding type registration object -> org.hibernate.type.JavaObjectType@4ab455e2
2025-08-24T11:32:50.660+03:30 DEBUG 1188 --- [ChiDaram App] [           main] org.hibernate.type.BasicTypeRegistry     : Adding type registration java.lang.Object -> org.hibernate.type.JavaObjectType@4ab455e2
2025-08-24T11:32:50.660+03:30 DEBUG 1188 --- [ChiDaram App] [           main] org.hibernate.type.BasicTypeRegistry     : Adding type registration null -> org.hibernate.type.NullType@e0847a9
2025-08-24T11:32:50.660+03:30 DEBUG 1188 --- [ChiDaram App] [           main] org.hibernate.type.BasicTypeRegistry     : Adding type registration imm_date -> org.hibernate.type.BasicTypeReference@3a1c65ac
2025-08-24T11:32:50.660+03:30 DEBUG 1188 --- [ChiDaram App] [           main] org.hibernate.type.BasicTypeRegistry     : Adding type registration imm_time -> org.hibernate.type.BasicTypeReference@5ff24b0f
2025-08-24T11:32:50.660+03:30 DEBUG 1188 --- [ChiDaram App] [           main] org.hibernate.type.BasicTypeRegistry     : Adding type registration imm_timestamp -> org.hibernate.type.BasicTypeReference@a9f4621
2025-08-24T11:32:50.660+03:30 DEBUG 1188 --- [ChiDaram App] [           main] org.hibernate.type.BasicTypeRegistry     : Adding type registration imm_calendar -> org.hibernate.type.BasicTypeReference@42a4e5cb
2025-08-24T11:32:50.660+03:30 DEBUG 1188 --- [ChiDaram App] [           main] org.hibernate.type.BasicTypeRegistry     : Adding type registration imm_calendar_date -> org.hibernate.type.BasicTypeReference@1bccd936
2025-08-24T11:32:50.660+03:30 DEBUG 1188 --- [ChiDaram App] [           main] org.hibernate.type.BasicTypeRegistry     : Adding type registration imm_calendar_time -> org.hibernate.type.BasicTypeReference@562b4373
2025-08-24T11:32:50.660+03:30 DEBUG 1188 --- [ChiDaram App] [           main] org.hibernate.type.BasicTypeRegistry     : Adding type registration imm_binary -> org.hibernate.type.BasicTypeReference@26f5a9d9
2025-08-24T11:32:50.660+03:30 DEBUG 1188 --- [ChiDaram App] [           main] org.hibernate.type.BasicTypeRegistry     : Adding type registration imm_serializable -> org.hibernate.type.BasicTypeReference@431a9a71
2025-08-24T11:32:50.667+03:30 DEBUG 1188 --- [ChiDaram App] [           main] o.h.boot.internal.BootstrapContextImpl   : Injecting JPA temp ClassLoader [org.springframework.instrument.classloading.SimpleThrowawayClassLoader@325e1229] into BootstrapContext; was [null]
2025-08-24T11:32:50.667+03:30 DEBUG 1188 --- [ChiDaram App] [           main] o.h.boot.internal.ClassLoaderAccessImpl  : ClassLoaderAccessImpl#injectTempClassLoader(org.springframework.instrument.classloading.SimpleThrowawayClassLoader@325e1229) [was null]
2025-08-24T11:32:50.667+03:30 DEBUG 1188 --- [ChiDaram App] [           main] o.h.boot.internal.BootstrapContextImpl   : Injecting ScanEnvironment [org.hibernate.jpa.boot.internal.StandardJpaScanEnvironmentImpl@396eceda] into BootstrapContext; was [null]
2025-08-24T11:32:50.667+03:30 DEBUG 1188 --- [ChiDaram App] [           main] o.h.boot.internal.BootstrapContextImpl   : Injecting ScanOptions [org.hibernate.boot.archive.scan.internal.StandardScanOptions@2e300294] into BootstrapContext; was [org.hibernate.boot.archive.scan.internal.StandardScanOptions@7890189]
2025-08-24T11:32:50.707+03:30  INFO 1188 --- [ChiDaram App] [           main] o.s.o.j.p.SpringPersistenceUnitInfo      : No LoadTimeWeaver setup: ignoring JPA class transformer
2025-08-24T11:32:50.708+03:30 DEBUG 1188 --- [ChiDaram App] [           main] o.h.boot.internal.BootstrapContextImpl   : Injecting JPA temp ClassLoader [null] into BootstrapContext; was [org.springframework.instrument.classloading.SimpleThrowawayClassLoader@325e1229]
2025-08-24T11:32:50.708+03:30 DEBUG 1188 --- [ChiDaram App] [           main] o.h.boot.internal.ClassLoaderAccessImpl  : ClassLoaderAccessImpl#injectTempClassLoader(null) [was org.springframework.instrument.classloading.SimpleThrowawayClassLoader@325e1229]
2025-08-24T11:32:50.875+03:30 DEBUG 1188 --- [ChiDaram App] [           main] o.h.e.j.e.i.JdbcEnvironmentInitiator     : Database ->
	   name : PostgreSQL
	version : 17.0
	  major : 17
	  minor : 0
2025-08-24T11:32:50.875+03:30 DEBUG 1188 --- [ChiDaram App] [           main] o.h.e.j.e.i.JdbcEnvironmentInitiator     : Driver ->
	   name : PostgreSQL JDBC Driver
	version : 42.7.3
	  major : 42
	  minor : 7
2025-08-24T11:32:50.875+03:30 DEBUG 1188 --- [ChiDaram App] [           main] o.h.e.j.e.i.JdbcEnvironmentInitiator     : JDBC version : 4.2
2025-08-24T11:32:50.898+03:30  WARN 1188 --- [ChiDaram App] [           main] org.hibernate.orm.deprecation            : HHH90000025: PostgreSQLDialect does not need to be specified explicitly using 'hibernate.dialect' (remove the property setting and it will be selected by default)
2025-08-24T11:32:50.899+03:30 DEBUG 1188 --- [ChiDaram App] [           main] org.hibernate.orm.dialect                : HHH035001: Using dialect: org.hibernate.dialect.PostgreSQLDialect, version: 17.0
2025-08-24T11:32:50.899+03:30 DEBUG 1188 --- [ChiDaram App] [           main] o.h.e.j.env.spi.IdentifierHelperBuilder  : JDBC driver metadata reported database stores quoted identifiers in neither upper, lower nor mixed case
2025-08-24T11:32:50.903+03:30 DEBUG 1188 --- [ChiDaram App] [           main] org.hibernate.orm.jdbc.lob               : HHH10010004: Disabling contextual LOB creation as Dialect reported it is not supported
2025-08-24T11:32:50.905+03:30 DEBUG 1188 --- [ChiDaram App] [           main] o.h.t.d.sql.spi.DdlTypeRegistry          : addDescriptor(2003, org.hibernate.type.descriptor.sql.internal.ArrayDdlTypeImpl@1343eae6) replaced previous registration(org.hibernate.type.descriptor.sql.internal.ArrayDdlTypeImpl@58c7bb01)
2025-08-24T11:32:50.906+03:30 DEBUG 1188 --- [ChiDaram App] [           main] o.h.t.d.sql.spi.DdlTypeRegistry          : addDescriptor(6, org.hibernate.type.descriptor.sql.internal.CapacityDependentDdlType@75e32c4c) replaced previous registration(org.hibernate.type.descriptor.sql.internal.DdlTypeImpl@2945a3c1)
2025-08-24T11:32:50.906+03:30 DEBUG 1188 --- [ChiDaram App] [           main] o.h.t.d.jdbc.spi.JdbcTypeRegistry        : addDescriptor(2004, BlobTypeDescriptor(BLOB_BINDING)) replaced previous registration(BlobTypeDescriptor(DEFAULT))
2025-08-24T11:32:50.906+03:30 DEBUG 1188 --- [ChiDaram App] [           main] o.h.t.d.jdbc.spi.JdbcTypeRegistry        : addDescriptor(2005, ClobTypeDescriptor(CLOB_BINDING)) replaced previous registration(ClobTypeDescriptor(DEFAULT))
2025-08-24T11:32:50.907+03:30 DEBUG 1188 --- [ChiDaram App] [           main] org.hibernate.type.BasicTypeRegistry     : Adding type registration JAVA_OBJECT -> org.hibernate.type.JavaObjectType@255d68d5
2025-08-24T11:32:50.907+03:30 DEBUG 1188 --- [ChiDaram App] [           main] org.hibernate.type.BasicTypeRegistry     : Adding type registration java.lang.Object -> org.hibernate.type.JavaObjectType@255d68d5
2025-08-24T11:32:50.907+03:30 DEBUG 1188 --- [ChiDaram App] [           main] org.hibernate.type.BasicTypeRegistry     : Type registration key [java.lang.Object] overrode previous entry : `org.hibernate.type.JavaObjectType@4ab455e2`
2025-08-24T11:32:50.908+03:30 DEBUG 1188 --- [ChiDaram App] [           main] org.hibernate.type.BasicTypeRegistry     : Adding type registration org.hibernate.type.DurationType -> basicType@24(java.time.Duration,3015)
2025-08-24T11:32:50.908+03:30 DEBUG 1188 --- [ChiDaram App] [           main] org.hibernate.type.BasicTypeRegistry     : Adding type registration Duration -> basicType@24(java.time.Duration,3015)
2025-08-24T11:32:50.908+03:30 DEBUG 1188 --- [ChiDaram App] [           main] org.hibernate.type.BasicTypeRegistry     : Adding type registration java.time.Duration -> basicType@24(java.time.Duration,3015)
2025-08-24T11:32:50.908+03:30 DEBUG 1188 --- [ChiDaram App] [           main] org.hibernate.type.BasicTypeRegistry     : Adding type registration org.hibernate.type.OffsetDateTimeType -> basicType@25(java.time.OffsetDateTime,3003)
2025-08-24T11:32:50.908+03:30 DEBUG 1188 --- [ChiDaram App] [           main] org.hibernate.type.BasicTypeRegistry     : Adding type registration OffsetDateTime -> basicType@25(java.time.OffsetDateTime,3003)
2025-08-24T11:32:50.908+03:30 DEBUG 1188 --- [ChiDaram App] [           main] org.hibernate.type.BasicTypeRegistry     : Adding type registration java.time.OffsetDateTime -> basicType@25(java.time.OffsetDateTime,3003)
2025-08-24T11:32:50.908+03:30 DEBUG 1188 --- [ChiDaram App] [           main] org.hibernate.type.BasicTypeRegistry     : Adding type registration org.hibernate.type.ZonedDateTimeType -> basicType@26(java.time.ZonedDateTime,3003)
2025-08-24T11:32:50.908+03:30 DEBUG 1188 --- [ChiDaram App] [           main] org.hibernate.type.BasicTypeRegistry     : Adding type registration ZonedDateTime -> basicType@26(java.time.ZonedDateTime,3003)
2025-08-24T11:32:50.908+03:30 DEBUG 1188 --- [ChiDaram App] [           main] org.hibernate.type.BasicTypeRegistry     : Adding type registration java.time.ZonedDateTime -> basicType@26(java.time.ZonedDateTime,3003)
2025-08-24T11:32:50.908+03:30 DEBUG 1188 --- [ChiDaram App] [           main] org.hibernate.type.BasicTypeRegistry     : Adding type registration org.hibernate.type.OffsetTimeType -> basicType@27(java.time.OffsetTime,3007)
2025-08-24T11:32:50.908+03:30 DEBUG 1188 --- [ChiDaram App] [           main] org.hibernate.type.BasicTypeRegistry     : Adding type registration OffsetTime -> basicType@27(java.time.OffsetTime,3007)
2025-08-24T11:32:50.908+03:30 DEBUG 1188 --- [ChiDaram App] [           main] org.hibernate.type.BasicTypeRegistry     : Adding type registration java.time.OffsetTime -> basicType@27(java.time.OffsetTime,3007)
2025-08-24T11:32:50.908+03:30 DEBUG 1188 --- [ChiDaram App] [           main] o.h.type.spi.TypeConfiguration$Scope     : Scoping TypeConfiguration [org.hibernate.type.spi.TypeConfiguration@40a7c0cc] to MetadataBuildingContext [org.hibernate.boot.internal.MetadataBuildingContextRootImpl@2cca15d8]
2025-08-24T11:32:50.910+03:30 DEBUG 1188 --- [ChiDaram App] [           main] o.h.boot.model.relational.Namespace      : Created database namespace [logicalName=Name{catalog=null, schema=null}, physicalName=Name{catalog=null, schema=null}]
2025-08-24T11:32:50.911+03:30 DEBUG 1188 --- [ChiDaram App] [           main] o.h.boot.model.internal.EntityBinder     : Binding entity from annotated class: com.example.chi_daram.entity.Categorylevel1
2025-08-24T11:32:50.912+03:30 DEBUG 1188 --- [ChiDaram App] [           main] o.h.boot.model.internal.EntityBinder     : Import with entity name Categorylevel1
2025-08-24T11:32:50.912+03:30 DEBUG 1188 --- [ChiDaram App] [           main] o.h.boot.model.internal.EntityBinder     : Bind entity com.example.chi_daram.entity.Categorylevel1 on table categorylevel1
2025-08-24T11:32:50.913+03:30 DEBUG 1188 --- [ChiDaram App] [           main] o.h.boot.model.internal.AnnotatedColumn  : Binding column: AnnotatedDiscriminatorColumn(column='DTYPE')
2025-08-24T11:32:50.915+03:30 DEBUG 1188 --- [ChiDaram App] [           main] o.h.boot.model.internal.AnnotatedColumn  : Binding column: AnnotatedColumn()
2025-08-24T11:32:50.915+03:30 DEBUG 1188 --- [ChiDaram App] [           main] o.h.boot.internal.ClassLoaderAccessImpl  : Not known whether passed class name [com.example.chi_daram.entity.Categorylevel1] is safe
2025-08-24T11:32:50.915+03:30 DEBUG 1188 --- [ChiDaram App] [           main] o.h.boot.internal.ClassLoaderAccessImpl  : No temp ClassLoader provided; using live ClassLoader for loading potentially unsafe class : com.example.chi_daram.entity.Categorylevel1
2025-08-24T11:32:50.915+03:30 DEBUG 1188 --- [ChiDaram App] [           main] o.h.boot.model.internal.PropertyBinder   : MetadataSourceProcessor property id with lazy=false
2025-08-24T11:32:50.915+03:30 DEBUG 1188 --- [ChiDaram App] [           main] o.h.b.m.internal.AbstractPropertyHolder  : Attempting to locate auto-apply AttributeConverter for property [com.example.chi_daram.entity.Categorylevel1:id]
2025-08-24T11:32:50.915+03:30 DEBUG 1188 --- [ChiDaram App] [           main] o.h.b.model.internal.BasicValueBinder    : building BasicValue for id
2025-08-24T11:32:50.916+03:30 DEBUG 1188 --- [ChiDaram App] [           main] org.hibernate.mapping.BasicValue         : Skipping column re-registration: categorylevel1.id
2025-08-24T11:32:50.916+03:30 DEBUG 1188 --- [ChiDaram App] [           main] o.h.boot.model.internal.PropertyBinder   : Building property id
2025-08-24T11:32:50.916+03:30 DEBUG 1188 --- [ChiDaram App] [           main] o.h.boot.model.internal.BinderHelper     : #makeIdGenerator(BasicValue([Column(id)]), id, assigned, , ...)
2025-08-24T11:32:50.917+03:30 DEBUG 1188 --- [ChiDaram App] [           main] o.h.boot.model.internal.AnnotatedColumn  : Binding column: AnnotatedColumn()
2025-08-24T11:32:50.917+03:30 DEBUG 1188 --- [ChiDaram App] [           main] o.h.boot.model.internal.PropertyBinder   : MetadataSourceProcessor property description with lazy=false
2025-08-24T11:32:50.917+03:30 DEBUG 1188 --- [ChiDaram App] [           main] o.h.b.m.internal.AbstractPropertyHolder  : Attempting to locate auto-apply AttributeConverter for property [com.example.chi_daram.entity.Categorylevel1:description]
2025-08-24T11:32:50.917+03:30 DEBUG 1188 --- [ChiDaram App] [           main] o.h.b.model.internal.BasicValueBinder    : building BasicValue for description
2025-08-24T11:32:50.917+03:30 DEBUG 1188 --- [ChiDaram App] [           main] org.hibernate.mapping.BasicValue         : Skipping column re-registration: categorylevel1.description
2025-08-24T11:32:50.917+03:30 DEBUG 1188 --- [ChiDaram App] [           main] o.h.boot.model.internal.PropertyBinder   : Building property description
2025-08-24T11:32:50.918+03:30 DEBUG 1188 --- [ChiDaram App] [           main] o.h.boot.model.internal.AnnotatedColumn  : Binding column: AnnotatedColumn()
2025-08-24T11:32:50.918+03:30 DEBUG 1188 --- [ChiDaram App] [           main] o.h.boot.model.internal.PropertyBinder   : MetadataSourceProcessor property name with lazy=false
2025-08-24T11:32:50.918+03:30 DEBUG 1188 --- [ChiDaram App] [           main] o.h.b.m.internal.AbstractPropertyHolder  : Attempting to locate auto-apply AttributeConverter for property [com.example.chi_daram.entity.Categorylevel1:name]
2025-08-24T11:32:50.919+03:30 DEBUG 1188 --- [ChiDaram App] [           main] o.h.b.model.internal.BasicValueBinder    : building BasicValue for name
2025-08-24T11:32:50.919+03:30 DEBUG 1188 --- [ChiDaram App] [           main] org.hibernate.mapping.BasicValue         : Skipping column re-registration: categorylevel1.name
2025-08-24T11:32:50.919+03:30 DEBUG 1188 --- [ChiDaram App] [           main] o.h.boot.model.internal.PropertyBinder   : Building property name
2025-08-24T11:32:50.922+03:30 DEBUG 1188 --- [ChiDaram App] [           main] o.h.b.r.c.i.ClassLoaderServiceImpl       : HHH000194: Package not found or no package-info.java: com.example.chi_daram.entity
2025-08-24T11:32:50.925+03:30 DEBUG 1188 --- [ChiDaram App] [           main] o.h.boot.model.internal.EntityBinder     : Binding entity from annotated class: com.example.chi_daram.entity.Categorylevel2
2025-08-24T11:32:50.925+03:30 DEBUG 1188 --- [ChiDaram App] [           main] o.h.boot.model.internal.EntityBinder     : Import with entity name Categorylevel2
2025-08-24T11:32:50.926+03:30 DEBUG 1188 --- [ChiDaram App] [           main] o.h.boot.model.internal.EntityBinder     : Bind entity com.example.chi_daram.entity.Categorylevel2 on table categorylevel2
2025-08-24T11:32:50.928+03:30 DEBUG 1188 --- [ChiDaram App] [           main] o.h.boot.model.internal.AnnotatedColumn  : Binding column: AnnotatedDiscriminatorColumn(column='DTYPE')
2025-08-24T11:32:50.929+03:30 DEBUG 1188 --- [ChiDaram App] [           main] o.h.boot.model.internal.AnnotatedColumn  : Binding column: AnnotatedColumn()
2025-08-24T11:32:50.929+03:30 DEBUG 1188 --- [ChiDaram App] [           main] o.h.boot.internal.ClassLoaderAccessImpl  : Not known whether passed class name [com.example.chi_daram.entity.Categorylevel2] is safe
2025-08-24T11:32:50.929+03:30 DEBUG 1188 --- [ChiDaram App] [           main] o.h.boot.internal.ClassLoaderAccessImpl  : No temp ClassLoader provided; using live ClassLoader for loading potentially unsafe class : com.example.chi_daram.entity.Categorylevel2
2025-08-24T11:32:50.930+03:30 DEBUG 1188 --- [ChiDaram App] [           main] o.h.boot.model.internal.PropertyBinder   : MetadataSourceProcessor property id with lazy=false
2025-08-24T11:32:50.930+03:30 DEBUG 1188 --- [ChiDaram App] [           main] o.h.b.m.internal.AbstractPropertyHolder  : Attempting to locate auto-apply AttributeConverter for property [com.example.chi_daram.entity.Categorylevel2:id]
2025-08-24T11:32:50.930+03:30 DEBUG 1188 --- [ChiDaram App] [           main] o.h.b.model.internal.BasicValueBinder    : building BasicValue for id
2025-08-24T11:32:50.930+03:30 DEBUG 1188 --- [ChiDaram App] [           main] org.hibernate.mapping.BasicValue         : Skipping column re-registration: categorylevel2.id
2025-08-24T11:32:50.930+03:30 DEBUG 1188 --- [ChiDaram App] [           main] o.h.boot.model.internal.PropertyBinder   : Building property id
2025-08-24T11:32:50.931+03:30 DEBUG 1188 --- [ChiDaram App] [           main] o.h.boot.model.internal.BinderHelper     : #makeIdGenerator(BasicValue([Column(id)]), id, identity, , ...)
2025-08-24T11:32:50.931+03:30 DEBUG 1188 --- [ChiDaram App] [           main] o.h.boot.model.internal.AnnotatedColumn  : Binding column: AnnotatedJoinColumn(column='categorylevel1id')
2025-08-24T11:32:50.932+03:30 DEBUG 1188 --- [ChiDaram App] [           main] o.h.boot.model.internal.AnnotatedColumn  : Binding column: AnnotatedColumn()
2025-08-24T11:32:50.933+03:30 DEBUG 1188 --- [ChiDaram App] [           main] o.h.boot.model.internal.PropertyBinder   : Building property categorylevel1
2025-08-24T11:32:50.934+03:30 DEBUG 1188 --- [ChiDaram App] [           main] o.h.boot.model.internal.AnnotatedColumn  : Binding column: AnnotatedColumn(column='description')
2025-08-24T11:32:50.935+03:30 DEBUG 1188 --- [ChiDaram App] [           main] o.h.boot.model.internal.PropertyBinder   : MetadataSourceProcessor property description with lazy=false
2025-08-24T11:32:50.935+03:30 DEBUG 1188 --- [ChiDaram App] [           main] o.h.b.m.internal.AbstractPropertyHolder  : Attempting to locate auto-apply AttributeConverter for property [com.example.chi_daram.entity.Categorylevel2:description]
2025-08-24T11:32:50.935+03:30 DEBUG 1188 --- [ChiDaram App] [           main] o.h.b.model.internal.BasicValueBinder    : building BasicValue for description
2025-08-24T11:32:50.938+03:30 DEBUG 1188 --- [ChiDaram App] [           main] org.hibernate.mapping.BasicValue         : Skipping column re-registration: categorylevel2.description
2025-08-24T11:32:50.938+03:30 DEBUG 1188 --- [ChiDaram App] [           main] o.h.boot.model.internal.PropertyBinder   : Building property description
2025-08-24T11:32:50.939+03:30 DEBUG 1188 --- [ChiDaram App] [           main] o.h.boot.model.internal.AnnotatedColumn  : Binding column: AnnotatedColumn(column='name')
2025-08-24T11:32:50.939+03:30 DEBUG 1188 --- [ChiDaram App] [           main] o.h.boot.model.internal.PropertyBinder   : MetadataSourceProcessor property name with lazy=false
2025-08-24T11:32:50.939+03:30 DEBUG 1188 --- [ChiDaram App] [           main] o.h.b.m.internal.AbstractPropertyHolder  : Attempting to locate auto-apply AttributeConverter for property [com.example.chi_daram.entity.Categorylevel2:name]
2025-08-24T11:32:50.939+03:30 DEBUG 1188 --- [ChiDaram App] [           main] o.h.b.model.internal.BasicValueBinder    : building BasicValue for name
2025-08-24T11:32:50.939+03:30 DEBUG 1188 --- [ChiDaram App] [           main] org.hibernate.mapping.BasicValue         : Skipping column re-registration: categorylevel2.name
2025-08-24T11:32:50.940+03:30 DEBUG 1188 --- [ChiDaram App] [           main] o.h.boot.model.internal.PropertyBinder   : Building property name
2025-08-24T11:32:50.944+03:30 DEBUG 1188 --- [ChiDaram App] [           main] o.h.b.r.c.i.ClassLoaderServiceImpl       : HHH000194: Package not found or no package-info.java: com.example.chi_daram.entity
2025-08-24T11:32:50.945+03:30 DEBUG 1188 --- [ChiDaram App] [           main] o.h.boot.model.internal.EntityBinder     : Binding entity from annotated class: com.example.chi_daram.entity.Decreasedocument
2025-08-24T11:32:50.946+03:30 DEBUG 1188 --- [ChiDaram App] [           main] o.h.boot.model.internal.EntityBinder     : Import with entity name Decreasedocument
2025-08-24T11:32:50.946+03:30 DEBUG 1188 --- [ChiDaram App] [           main] o.h.boot.model.internal.EntityBinder     : Bind entity com.example.chi_daram.entity.Decreasedocument on table decreasedocument
2025-08-24T11:32:50.947+03:30 DEBUG 1188 --- [ChiDaram App] [           main] o.h.boot.model.internal.AnnotatedColumn  : Binding column: AnnotatedDiscriminatorColumn(column='DTYPE')
2025-08-24T11:32:50.949+03:30 DEBUG 1188 --- [ChiDaram App] [           main] o.h.boot.model.internal.AnnotatedColumn  : Binding column: AnnotatedColumn()
2025-08-24T11:32:50.949+03:30 DEBUG 1188 --- [ChiDaram App] [           main] o.h.boot.internal.ClassLoaderAccessImpl  : Not known whether passed class name [com.example.chi_daram.entity.Decreasedocument] is safe
2025-08-24T11:32:50.949+03:30 DEBUG 1188 --- [ChiDaram App] [           main] o.h.boot.internal.ClassLoaderAccessImpl  : No temp ClassLoader provided; using live ClassLoader for loading potentially unsafe class : com.example.chi_daram.entity.Decreasedocument
2025-08-24T11:32:50.949+03:30 DEBUG 1188 --- [ChiDaram App] [           main] o.h.boot.model.internal.PropertyBinder   : MetadataSourceProcessor property id with lazy=false
2025-08-24T11:32:50.949+03:30 DEBUG 1188 --- [ChiDaram App] [           main] o.h.b.m.internal.AbstractPropertyHolder  : Attempting to locate auto-apply AttributeConverter for property [com.example.chi_daram.entity.Decreasedocument:id]
2025-08-24T11:32:50.950+03:30 DEBUG 1188 --- [ChiDaram App] [           main] o.h.b.model.internal.BasicValueBinder    : building BasicValue for id
2025-08-24T11:32:50.950+03:30 DEBUG 1188 --- [ChiDaram App] [           main] org.hibernate.mapping.BasicValue         : Skipping column re-registration: decreasedocument.id
2025-08-24T11:32:50.950+03:30 DEBUG 1188 --- [ChiDaram App] [           main] o.h.boot.model.internal.PropertyBinder   : Building property id
2025-08-24T11:32:50.951+03:30 DEBUG 1188 --- [ChiDaram App] [           main] o.h.boot.model.internal.BinderHelper     : #makeIdGenerator(BasicValue([Column(id)]), id, identity, , ...)
2025-08-24T11:32:50.951+03:30 DEBUG 1188 --- [ChiDaram App] [           main] o.h.boot.model.internal.AnnotatedColumn  : Binding column: AnnotatedColumn(column='decreasedate')
2025-08-24T11:32:50.951+03:30 DEBUG 1188 --- [ChiDaram App] [           main] o.h.boot.model.internal.PropertyBinder   : MetadataSourceProcessor property decreaseDate with lazy=false
2025-08-24T11:32:50.952+03:30 DEBUG 1188 --- [ChiDaram App] [           main] o.h.b.m.internal.AbstractPropertyHolder  : Attempting to locate auto-apply AttributeConverter for property [com.example.chi_daram.entity.Decreasedocument:decreaseDate]
2025-08-24T11:32:50.952+03:30 DEBUG 1188 --- [ChiDaram App] [           main] o.h.b.model.internal.BasicValueBinder    : building BasicValue for decreaseDate
2025-08-24T11:32:50.953+03:30 DEBUG 1188 --- [ChiDaram App] [           main] org.hibernate.mapping.BasicValue         : Skipping column re-registration: decreasedocument.decreasedate
2025-08-24T11:32:50.953+03:30 DEBUG 1188 --- [ChiDaram App] [           main] o.h.boot.model.internal.PropertyBinder   : Building property decreaseDate
2025-08-24T11:32:50.955+03:30 DEBUG 1188 --- [ChiDaram App] [           main] o.h.boot.model.internal.AnnotatedColumn  : Binding column: AnnotatedJoinColumn(column='decreasetypeid')
2025-08-24T11:32:50.956+03:30 DEBUG 1188 --- [ChiDaram App] [           main] o.h.boot.model.internal.AnnotatedColumn  : Binding column: AnnotatedColumn()
2025-08-24T11:32:50.958+03:30 DEBUG 1188 --- [ChiDaram App] [           main] o.h.boot.model.internal.PropertyBinder   : Building property decreaseType
2025-08-24T11:32:50.959+03:30 DEBUG 1188 --- [ChiDaram App] [           main] o.h.boot.model.internal.AnnotatedColumn  : Binding column: AnnotatedColumn(column='description')
2025-08-24T11:32:50.960+03:30 DEBUG 1188 --- [ChiDaram App] [           main] o.h.boot.model.internal.PropertyBinder   : MetadataSourceProcessor property description with lazy=false
2025-08-24T11:32:50.961+03:30 DEBUG 1188 --- [ChiDaram App] [           main] o.h.b.m.internal.AbstractPropertyHolder  : Attempting to locate auto-apply AttributeConverter for property [com.example.chi_daram.entity.Decreasedocument:description]
2025-08-24T11:32:50.961+03:30 DEBUG 1188 --- [ChiDaram App] [           main] o.h.b.model.internal.BasicValueBinder    : building BasicValue for description
2025-08-24T11:32:50.961+03:30 DEBUG 1188 --- [ChiDaram App] [           main] org.hibernate.mapping.BasicValue         : Skipping column re-registration: decreasedocument.description
2025-08-24T11:32:50.961+03:30 DEBUG 1188 --- [ChiDaram App] [           main] o.h.boot.model.internal.PropertyBinder   : Building property description
2025-08-24T11:32:50.964+03:30 DEBUG 1188 --- [ChiDaram App] [           main] o.h.boot.model.internal.AnnotatedColumn  : Binding column: AnnotatedColumn(column='documentnumber')
2025-08-24T11:32:50.964+03:30 DEBUG 1188 --- [ChiDaram App] [           main] o.h.boot.model.internal.PropertyBinder   : MetadataSourceProcessor property documentNumber with lazy=false
2025-08-24T11:32:50.964+03:30 DEBUG 1188 --- [ChiDaram App] [           main] o.h.b.m.internal.AbstractPropertyHolder  : Attempting to locate auto-apply AttributeConverter for property [com.example.chi_daram.entity.Decreasedocument:documentNumber]
2025-08-24T11:32:50.964+03:30 DEBUG 1188 --- [ChiDaram App] [           main] o.h.b.model.internal.BasicValueBinder    : building BasicValue for documentNumber
2025-08-24T11:32:50.965+03:30 DEBUG 1188 --- [ChiDaram App] [           main] org.hibernate.mapping.BasicValue         : Skipping column re-registration: decreasedocument.documentnumber
2025-08-24T11:32:50.965+03:30 DEBUG 1188 --- [ChiDaram App] [           main] o.h.boot.model.internal.PropertyBinder   : Building property documentNumber
2025-08-24T11:32:50.965+03:30 DEBUG 1188 --- [ChiDaram App] [           main] o.h.boot.model.internal.AnnotatedColumn  : Binding column: AnnotatedJoinColumn(column='userid')
2025-08-24T11:32:50.966+03:30 DEBUG 1188 --- [ChiDaram App] [           main] o.h.boot.model.internal.AnnotatedColumn  : Binding column: AnnotatedColumn()
2025-08-24T11:32:50.966+03:30 DEBUG 1188 --- [ChiDaram App] [           main] o.h.boot.model.internal.PropertyBinder   : Building property user
2025-08-24T11:32:50.974+03:30 DEBUG 1188 --- [ChiDaram App] [           main] o.h.b.r.c.i.ClassLoaderServiceImpl       : HHH000194: Package not found or no package-info.java: com.example.chi_daram.entity
2025-08-24T11:32:50.976+03:30 DEBUG 1188 --- [ChiDaram App] [           main] o.h.boot.model.internal.EntityBinder     : Binding entity from annotated class: com.example.chi_daram.entity.Decreasedocumentrow
2025-08-24T11:32:50.977+03:30 DEBUG 1188 --- [ChiDaram App] [           main] o.h.boot.model.internal.EntityBinder     : Import with entity name Decreasedocumentrow
2025-08-24T11:32:50.977+03:30 DEBUG 1188 --- [ChiDaram App] [           main] o.h.boot.model.internal.EntityBinder     : Bind entity com.example.chi_daram.entity.Decreasedocumentrow on table decreasedocumentrow
2025-08-24T11:32:50.977+03:30 DEBUG 1188 --- [ChiDaram App] [           main] o.h.boot.model.internal.AnnotatedColumn  : Binding column: AnnotatedDiscriminatorColumn(column='DTYPE')
2025-08-24T11:32:50.977+03:30 DEBUG 1188 --- [ChiDaram App] [           main] o.h.boot.model.internal.AnnotatedColumn  : Binding column: AnnotatedColumn()
2025-08-24T11:32:50.979+03:30 DEBUG 1188 --- [ChiDaram App] [           main] o.h.boot.internal.ClassLoaderAccessImpl  : Not known whether passed class name [com.example.chi_daram.entity.Decreasedocumentrow] is safe
2025-08-24T11:32:50.979+03:30 DEBUG 1188 --- [ChiDaram App] [           main] o.h.boot.internal.ClassLoaderAccessImpl  : No temp ClassLoader provided; using live ClassLoader for loading potentially unsafe class : com.example.chi_daram.entity.Decreasedocumentrow
2025-08-24T11:32:50.979+03:30 DEBUG 1188 --- [ChiDaram App] [           main] o.h.boot.model.internal.PropertyBinder   : MetadataSourceProcessor property id with lazy=false
2025-08-24T11:32:50.979+03:30 DEBUG 1188 --- [ChiDaram App] [           main] o.h.b.m.internal.AbstractPropertyHolder  : Attempting to locate auto-apply AttributeConverter for property [com.example.chi_daram.entity.Decreasedocumentrow:id]
2025-08-24T11:32:50.979+03:30 DEBUG 1188 --- [ChiDaram App] [           main] o.h.b.model.internal.BasicValueBinder    : building BasicValue for id
2025-08-24T11:32:50.979+03:30 DEBUG 1188 --- [ChiDaram App] [           main] org.hibernate.mapping.BasicValue         : Skipping column re-registration: decreasedocumentrow.id
2025-08-24T11:32:50.979+03:30 DEBUG 1188 --- [ChiDaram App] [           main] o.h.boot.model.internal.PropertyBinder   : Building property id
2025-08-24T11:32:50.980+03:30 DEBUG 1188 --- [ChiDaram App] [           main] o.h.boot.model.internal.BinderHelper     : #makeIdGenerator(BasicValue([Column(id)]), id, identity, , ...)
2025-08-24T11:32:50.980+03:30 DEBUG 1188 --- [ChiDaram App] [           main] o.h.boot.model.internal.AnnotatedColumn  : Binding column: AnnotatedJoinColumn(column='decreasedocumentid')
2025-08-24T11:32:50.980+03:30 DEBUG 1188 --- [ChiDaram App] [           main] o.h.boot.model.internal.AnnotatedColumn  : Binding column: AnnotatedColumn()
2025-08-24T11:32:50.981+03:30 DEBUG 1188 --- [ChiDaram App] [           main] o.h.boot.model.internal.PropertyBinder   : Building property decreasedocument
2025-08-24T11:32:50.981+03:30 DEBUG 1188 --- [ChiDaram App] [           main] o.h.boot.model.internal.AnnotatedColumn  : Binding column: AnnotatedColumn(column='description')
2025-08-24T11:32:50.981+03:30 DEBUG 1188 --- [ChiDaram App] [           main] o.h.boot.model.internal.PropertyBinder   : MetadataSourceProcessor property description with lazy=false
2025-08-24T11:32:50.981+03:30 DEBUG 1188 --- [ChiDaram App] [           main] o.h.b.m.internal.AbstractPropertyHolder  : Attempting to locate auto-apply AttributeConverter for property [com.example.chi_daram.entity.Decreasedocumentrow:description]
2025-08-24T11:32:50.981+03:30 DEBUG 1188 --- [ChiDaram App] [           main] o.h.b.model.internal.BasicValueBinder    : building BasicValue for description
2025-08-24T11:32:50.982+03:30 DEBUG 1188 --- [ChiDaram App] [           main] org.hibernate.mapping.BasicValue         : Skipping column re-registration: decreasedocumentrow.description
2025-08-24T11:32:50.982+03:30 DEBUG 1188 --- [ChiDaram App] [           main] o.h.boot.model.internal.PropertyBinder   : Building property description
2025-08-24T11:32:50.982+03:30 DEBUG 1188 --- [ChiDaram App] [           main] o.h.boot.model.internal.AnnotatedColumn  : Binding column: AnnotatedJoinColumn(column='itemid')
2025-08-24T11:32:50.983+03:30 DEBUG 1188 --- [ChiDaram App] [           main] o.h.boot.model.internal.AnnotatedColumn  : Binding column: AnnotatedColumn()
2025-08-24T11:32:50.983+03:30 DEBUG 1188 --- [ChiDaram App] [           main] o.h.boot.model.internal.PropertyBinder   : Building property item
2025-08-24T11:32:50.984+03:30 DEBUG 1188 --- [ChiDaram App] [           main] o.h.boot.model.internal.AnnotatedColumn  : Binding column: AnnotatedColumn(column='quantity')
2025-08-24T11:32:50.984+03:30 DEBUG 1188 --- [ChiDaram App] [           main] o.h.boot.model.internal.PropertyBinder   : MetadataSourceProcessor property quantity with lazy=false
2025-08-24T11:32:50.984+03:30 DEBUG 1188 --- [ChiDaram App] [           main] o.h.b.m.internal.AbstractPropertyHolder  : Attempting to locate auto-apply AttributeConverter for property [com.example.chi_daram.entity.Decreasedocumentrow:quantity]
2025-08-24T11:32:50.984+03:30 DEBUG 1188 --- [ChiDaram App] [           main] o.h.b.model.internal.BasicValueBinder    : building BasicValue for quantity
2025-08-24T11:32:50.984+03:30 DEBUG 1188 --- [ChiDaram App] [           main] org.hibernate.mapping.BasicValue         : Skipping column re-registration: decreasedocumentrow.quantity
2025-08-24T11:32:50.984+03:30 DEBUG 1188 --- [ChiDaram App] [           main] o.h.boot.model.internal.PropertyBinder   : Building property quantity
2025-08-24T11:32:50.986+03:30 DEBUG 1188 --- [ChiDaram App] [           main] o.h.boot.model.internal.AnnotatedColumn  : Binding column: AnnotatedColumn(column='unitprice')
2025-08-24T11:32:50.986+03:30 DEBUG 1188 --- [ChiDaram App] [           main] o.h.boot.model.internal.PropertyBinder   : MetadataSourceProcessor property unitPrice with lazy=false
2025-08-24T11:32:50.986+03:30 DEBUG 1188 --- [ChiDaram App] [           main] o.h.b.m.internal.AbstractPropertyHolder  : Attempting to locate auto-apply AttributeConverter for property [com.example.chi_daram.entity.Decreasedocumentrow:unitPrice]
2025-08-24T11:32:50.986+03:30 DEBUG 1188 --- [ChiDaram App] [           main] o.h.b.model.internal.BasicValueBinder    : building BasicValue for unitPrice
2025-08-24T11:32:50.987+03:30 DEBUG 1188 --- [ChiDaram App] [           main] org.hibernate.mapping.BasicValue         : Skipping column re-registration: decreasedocumentrow.unitprice
2025-08-24T11:32:50.987+03:30 DEBUG 1188 --- [ChiDaram App] [           main] o.h.boot.model.internal.PropertyBinder   : Building property unitPrice
2025-08-24T11:32:50.995+03:30 DEBUG 1188 --- [ChiDaram App] [           main] o.h.b.r.c.i.ClassLoaderServiceImpl       : HHH000194: Package not found or no package-info.java: com.example.chi_daram.entity
2025-08-24T11:32:50.996+03:30 DEBUG 1188 --- [ChiDaram App] [           main] o.h.boot.model.internal.EntityBinder     : Binding entity from annotated class: com.example.chi_daram.entity.Decreasedocumenttype
2025-08-24T11:32:50.996+03:30 DEBUG 1188 --- [ChiDaram App] [           main] o.h.boot.model.internal.EntityBinder     : Import with entity name Decreasedocumenttype
2025-08-24T11:32:50.997+03:30 DEBUG 1188 --- [ChiDaram App] [           main] o.h.boot.model.internal.EntityBinder     : Bind entity com.example.chi_daram.entity.Decreasedocumenttype on table decreasedocumenttype
2025-08-24T11:32:50.998+03:30 DEBUG 1188 --- [ChiDaram App] [           main] o.h.boot.model.internal.AnnotatedColumn  : Binding column: AnnotatedDiscriminatorColumn(column='DTYPE')
2025-08-24T11:32:51.001+03:30 DEBUG 1188 --- [ChiDaram App] [           main] o.h.boot.model.internal.AnnotatedColumn  : Binding column: AnnotatedColumn()
2025-08-24T11:32:51.002+03:30 DEBUG 1188 --- [ChiDaram App] [           main] o.h.boot.internal.ClassLoaderAccessImpl  : Not known whether passed class name [com.example.chi_daram.entity.Decreasedocumenttype] is safe
2025-08-24T11:32:51.002+03:30 DEBUG 1188 --- [ChiDaram App] [           main] o.h.boot.internal.ClassLoaderAccessImpl  : No temp ClassLoader provided; using live ClassLoader for loading potentially unsafe class : com.example.chi_daram.entity.Decreasedocumenttype
2025-08-24T11:32:51.002+03:30 DEBUG 1188 --- [ChiDaram App] [           main] o.h.boot.model.internal.PropertyBinder   : MetadataSourceProcessor property id with lazy=false
2025-08-24T11:32:51.002+03:30 DEBUG 1188 --- [ChiDaram App] [           main] o.h.b.m.internal.AbstractPropertyHolder  : Attempting to locate auto-apply AttributeConverter for property [com.example.chi_daram.entity.Decreasedocumenttype:id]
2025-08-24T11:32:51.002+03:30 DEBUG 1188 --- [ChiDaram App] [           main] o.h.b.model.internal.BasicValueBinder    : building BasicValue for id
2025-08-24T11:32:51.002+03:30 DEBUG 1188 --- [ChiDaram App] [           main] org.hibernate.mapping.BasicValue         : Skipping column re-registration: decreasedocumenttype.id
2025-08-24T11:32:51.003+03:30 DEBUG 1188 --- [ChiDaram App] [           main] o.h.boot.model.internal.PropertyBinder   : Building property id
2025-08-24T11:32:51.004+03:30 DEBUG 1188 --- [ChiDaram App] [           main] o.h.boot.model.internal.BinderHelper     : #makeIdGenerator(BasicValue([Column(id)]), id, identity, , ...)
2025-08-24T11:32:51.006+03:30 DEBUG 1188 --- [ChiDaram App] [           main] o.h.boot.model.internal.AnnotatedColumn  : Binding column: AnnotatedColumn(column='description')
2025-08-24T11:32:51.006+03:30 DEBUG 1188 --- [ChiDaram App] [           main] o.h.boot.model.internal.PropertyBinder   : MetadataSourceProcessor property description with lazy=false
2025-08-24T11:32:51.006+03:30 DEBUG 1188 --- [ChiDaram App] [           main] o.h.b.m.internal.AbstractPropertyHolder  : Attempting to locate auto-apply AttributeConverter for property [com.example.chi_daram.entity.Decreasedocumenttype:description]
2025-08-24T11:32:51.006+03:30 DEBUG 1188 --- [ChiDaram App] [           main] o.h.b.model.internal.BasicValueBinder    : building BasicValue for description
2025-08-24T11:32:51.007+03:30 DEBUG 1188 --- [ChiDaram App] [           main] org.hibernate.mapping.BasicValue         : Skipping column re-registration: decreasedocumenttype.description
2025-08-24T11:32:51.007+03:30 DEBUG 1188 --- [ChiDaram App] [           main] o.h.boot.model.internal.PropertyBinder   : Building property description
2025-08-24T11:32:51.008+03:30 DEBUG 1188 --- [ChiDaram App] [           main] o.h.boot.model.internal.AnnotatedColumn  : Binding column: AnnotatedColumn(column='title')
2025-08-24T11:32:51.008+03:30 DEBUG 1188 --- [ChiDaram App] [           main] o.h.boot.model.internal.PropertyBinder   : MetadataSourceProcessor property title with lazy=false
2025-08-24T11:32:51.008+03:30 DEBUG 1188 --- [ChiDaram App] [           main] o.h.b.m.internal.AbstractPropertyHolder  : Attempting to locate auto-apply AttributeConverter for property [com.example.chi_daram.entity.Decreasedocumenttype:title]
2025-08-24T11:32:51.008+03:30 DEBUG 1188 --- [ChiDaram App] [           main] o.h.b.model.internal.BasicValueBinder    : building BasicValue for title
2025-08-24T11:32:51.008+03:30 DEBUG 1188 --- [ChiDaram App] [           main] org.hibernate.mapping.BasicValue         : Skipping column re-registration: decreasedocumenttype.title
2025-08-24T11:32:51.008+03:30 DEBUG 1188 --- [ChiDaram App] [           main] o.h.boot.model.internal.PropertyBinder   : Building property title
2025-08-24T11:32:51.010+03:30 DEBUG 1188 --- [ChiDaram App] [           main] o.h.b.r.c.i.ClassLoaderServiceImpl       : HHH000194: Package not found or no package-info.java: com.example.chi_daram.entity
2025-08-24T11:32:51.013+03:30 DEBUG 1188 --- [ChiDaram App] [           main] o.h.boot.model.internal.EntityBinder     : Binding entity from annotated class: com.example.chi_daram.entity.Dynamicfields
2025-08-24T11:32:51.014+03:30 DEBUG 1188 --- [ChiDaram App] [           main] o.h.boot.model.internal.EntityBinder     : Import with entity name Dynamicfields
2025-08-24T11:32:51.014+03:30 DEBUG 1188 --- [ChiDaram App] [           main] o.h.boot.model.internal.EntityBinder     : Bind entity com.example.chi_daram.entity.Dynamicfields on table dynamicfields
2025-08-24T11:32:51.019+03:30 DEBUG 1188 --- [ChiDaram App] [           main] o.h.boot.model.internal.AnnotatedColumn  : Binding column: AnnotatedDiscriminatorColumn(column='DTYPE')
2025-08-24T11:32:51.021+03:30 DEBUG 1188 --- [ChiDaram App] [           main] o.h.boot.model.internal.AnnotatedColumn  : Binding column: AnnotatedColumn()
2025-08-24T11:32:51.021+03:30 DEBUG 1188 --- [ChiDaram App] [           main] o.h.boot.internal.ClassLoaderAccessImpl  : Not known whether passed class name [com.example.chi_daram.entity.Dynamicfields] is safe
2025-08-24T11:32:51.021+03:30 DEBUG 1188 --- [ChiDaram App] [           main] o.h.boot.internal.ClassLoaderAccessImpl  : No temp ClassLoader provided; using live ClassLoader for loading potentially unsafe class : com.example.chi_daram.entity.Dynamicfields
2025-08-24T11:32:51.021+03:30 DEBUG 1188 --- [ChiDaram App] [           main] o.h.boot.model.internal.PropertyBinder   : MetadataSourceProcessor property id with lazy=false
2025-08-24T11:32:51.021+03:30 DEBUG 1188 --- [ChiDaram App] [           main] o.h.b.m.internal.AbstractPropertyHolder  : Attempting to locate auto-apply AttributeConverter for property [com.example.chi_daram.entity.Dynamicfields:id]
2025-08-24T11:32:51.021+03:30 DEBUG 1188 --- [ChiDaram App] [           main] o.h.b.model.internal.BasicValueBinder    : building BasicValue for id
2025-08-24T11:32:51.022+03:30 DEBUG 1188 --- [ChiDaram App] [           main] org.hibernate.mapping.BasicValue         : Skipping column re-registration: dynamicfields.id
2025-08-24T11:32:51.022+03:30 DEBUG 1188 --- [ChiDaram App] [           main] o.h.boot.model.internal.PropertyBinder   : Building property id
2025-08-24T11:32:51.022+03:30 DEBUG 1188 --- [ChiDaram App] [           main] o.h.boot.model.internal.BinderHelper     : #makeIdGenerator(BasicValue([Column(id)]), id, identity, , ...)
2025-08-24T11:32:51.022+03:30 DEBUG 1188 --- [ChiDaram App] [           main] o.h.boot.model.internal.AnnotatedColumn  : Binding column: AnnotatedColumn(column='descripsion')
2025-08-24T11:32:51.023+03:30 DEBUG 1188 --- [ChiDaram App] [           main] o.h.boot.model.internal.PropertyBinder   : MetadataSourceProcessor property description with lazy=false
2025-08-24T11:32:51.023+03:30 DEBUG 1188 --- [ChiDaram App] [           main] o.h.b.m.internal.AbstractPropertyHolder  : Attempting to locate auto-apply AttributeConverter for property [com.example.chi_daram.entity.Dynamicfields:description]
2025-08-24T11:32:51.023+03:30 DEBUG 1188 --- [ChiDaram App] [           main] o.h.b.model.internal.BasicValueBinder    : building BasicValue for description
2025-08-24T11:32:51.023+03:30 DEBUG 1188 --- [ChiDaram App] [           main] org.hibernate.mapping.BasicValue         : Skipping column re-registration: dynamicfields.descripsion
2025-08-24T11:32:51.024+03:30 DEBUG 1188 --- [ChiDaram App] [           main] o.h.boot.model.internal.PropertyBinder   : Building property description
2025-08-24T11:32:51.028+03:30 DEBUG 1188 --- [ChiDaram App] [           main] o.h.boot.model.internal.AnnotatedColumn  : Binding column: AnnotatedJoinColumn(column='itemid')
2025-08-24T11:32:51.029+03:30 DEBUG 1188 --- [ChiDaram App] [           main] o.h.boot.model.internal.AnnotatedColumn  : Binding column: AnnotatedColumn()
2025-08-24T11:32:51.029+03:30 DEBUG 1188 --- [ChiDaram App] [           main] o.h.boot.model.internal.PropertyBinder   : Building property item
2025-08-24T11:32:51.033+03:30 DEBUG 1188 --- [ChiDaram App] [           main] o.h.b.r.c.i.ClassLoaderServiceImpl       : HHH000194: Package not found or no package-info.java: com.example.chi_daram.entity
2025-08-24T11:32:51.034+03:30 DEBUG 1188 --- [ChiDaram App] [           main] o.h.boot.model.internal.EntityBinder     : Binding entity from annotated class: com.example.chi_daram.entity.Increasedocument
2025-08-24T11:32:51.035+03:30 DEBUG 1188 --- [ChiDaram App] [           main] o.h.boot.model.internal.EntityBinder     : Import with entity name Increasedocument
2025-08-24T11:32:51.035+03:30 DEBUG 1188 --- [ChiDaram App] [           main] o.h.boot.model.internal.EntityBinder     : Bind entity com.example.chi_daram.entity.Increasedocument on table increasedocument
2025-08-24T11:32:51.036+03:30 DEBUG 1188 --- [ChiDaram App] [           main] o.h.boot.model.internal.AnnotatedColumn  : Binding column: AnnotatedDiscriminatorColumn(column='DTYPE')
2025-08-24T11:32:51.037+03:30 DEBUG 1188 --- [ChiDaram App] [           main] o.h.boot.model.internal.AnnotatedColumn  : Binding column: AnnotatedColumn()
2025-08-24T11:32:51.038+03:30 DEBUG 1188 --- [ChiDaram App] [           main] o.h.boot.internal.ClassLoaderAccessImpl  : Not known whether passed class name [com.example.chi_daram.entity.Increasedocument] is safe
2025-08-24T11:32:51.038+03:30 DEBUG 1188 --- [ChiDaram App] [           main] o.h.boot.internal.ClassLoaderAccessImpl  : No temp ClassLoader provided; using live ClassLoader for loading potentially unsafe class : com.example.chi_daram.entity.Increasedocument
2025-08-24T11:32:51.038+03:30 DEBUG 1188 --- [ChiDaram App] [           main] o.h.boot.model.internal.PropertyBinder   : MetadataSourceProcessor property id with lazy=false
2025-08-24T11:32:51.038+03:30 DEBUG 1188 --- [ChiDaram App] [           main] o.h.b.m.internal.AbstractPropertyHolder  : Attempting to locate auto-apply AttributeConverter for property [com.example.chi_daram.entity.Increasedocument:id]
2025-08-24T11:32:51.038+03:30 DEBUG 1188 --- [ChiDaram App] [           main] o.h.b.model.internal.BasicValueBinder    : building BasicValue for id
2025-08-24T11:32:51.038+03:30 DEBUG 1188 --- [ChiDaram App] [           main] org.hibernate.mapping.BasicValue         : Skipping column re-registration: increasedocument.id
2025-08-24T11:32:51.039+03:30 DEBUG 1188 --- [ChiDaram App] [           main] o.h.boot.model.internal.PropertyBinder   : Building property id
2025-08-24T11:32:51.039+03:30 DEBUG 1188 --- [ChiDaram App] [           main] o.h.boot.model.internal.BinderHelper     : #makeIdGenerator(BasicValue([Column(id)]), id, identity, , ...)
2025-08-24T11:32:51.039+03:30 DEBUG 1188 --- [ChiDaram App] [           main] o.h.boot.model.internal.AnnotatedColumn  : Binding column: AnnotatedColumn(column='description')
2025-08-24T11:32:51.040+03:30 DEBUG 1188 --- [ChiDaram App] [           main] o.h.boot.model.internal.PropertyBinder   : MetadataSourceProcessor property description with lazy=false
2025-08-24T11:32:51.041+03:30 DEBUG 1188 --- [ChiDaram App] [           main] o.h.b.m.internal.AbstractPropertyHolder  : Attempting to locate auto-apply AttributeConverter for property [com.example.chi_daram.entity.Increasedocument:description]
2025-08-24T11:32:51.041+03:30 DEBUG 1188 --- [ChiDaram App] [           main] o.h.b.model.internal.BasicValueBinder    : building BasicValue for description
2025-08-24T11:32:51.042+03:30 DEBUG 1188 --- [ChiDaram App] [           main] org.hibernate.mapping.BasicValue         : Skipping column re-registration: increasedocument.description
2025-08-24T11:32:51.042+03:30 DEBUG 1188 --- [ChiDaram App] [           main] o.h.boot.model.internal.PropertyBinder   : Building property description
2025-08-24T11:32:51.043+03:30 DEBUG 1188 --- [ChiDaram App] [           main] o.h.boot.model.internal.AnnotatedColumn  : Binding column: AnnotatedColumn(column='documentnumber')
2025-08-24T11:32:51.044+03:30 DEBUG 1188 --- [ChiDaram App] [           main] o.h.boot.model.internal.PropertyBinder   : MetadataSourceProcessor property documentNumber with lazy=false
2025-08-24T11:32:51.044+03:30 DEBUG 1188 --- [ChiDaram App] [           main] o.h.b.m.internal.AbstractPropertyHolder  : Attempting to locate auto-apply AttributeConverter for property [com.example.chi_daram.entity.Increasedocument:documentNumber]
2025-08-24T11:32:51.044+03:30 DEBUG 1188 --- [ChiDaram App] [           main] o.h.b.model.internal.BasicValueBinder    : building BasicValue for documentNumber
2025-08-24T11:32:51.044+03:30 DEBUG 1188 --- [ChiDaram App] [           main] org.hibernate.mapping.BasicValue         : Skipping column re-registration: increasedocument.documentnumber
2025-08-24T11:32:51.045+03:30 DEBUG 1188 --- [ChiDaram App] [           main] o.h.boot.model.internal.PropertyBinder   : Building property documentNumber
2025-08-24T11:32:51.045+03:30 DEBUG 1188 --- [ChiDaram App] [           main] o.h.boot.model.internal.AnnotatedColumn  : Binding column: AnnotatedColumn(column='increasedate')
2025-08-24T11:32:51.045+03:30 DEBUG 1188 --- [ChiDaram App] [           main] o.h.boot.model.internal.PropertyBinder   : MetadataSourceProcessor property increaseDate with lazy=false
2025-08-24T11:32:51.046+03:30 DEBUG 1188 --- [ChiDaram App] [           main] o.h.b.m.internal.AbstractPropertyHolder  : Attempting to locate auto-apply AttributeConverter for property [com.example.chi_daram.entity.Increasedocument:increaseDate]
[...]
	  com.example.chi_daram.entity.User(217200953974500).roles -> SelectEagerCollectionInitializer(com.example.chi_daram.entity.User(217200953974500).roles)@304996756 (PluralAttribute(com.example.chi_daram.entity.User.roles))

2025-08-24T11:33:09.562+03:30 DEBUG 1188 --- [ChiDaram App] [           main] org.hibernate.SQL                        : select u1_0.id,u1_0.account_non_expired,u1_0.account_non_locked,u1_0.credentials_non_expired,u1_0.description,u1_0.enabled,u1_0.otp_code,u1_0.otp_enabled_for_login,u1_0.otp_generated_time,u1_0.password,u1_0.phone_number,u1_0.title,u1_0.username from "user_security" u1_0 where u1_0.username=?
2025-08-24T11:33:09.564+03:30 DEBUG 1188 --- [ChiDaram App] [           main] org.hibernate.orm.results                : Extracted JDBC value [0] - [204]
2025-08-24T11:33:09.564+03:30 DEBUG 1188 --- [ChiDaram App] [           main] o.hibernate.orm.results.loading.entity   : (EntityResultInitializer) Hydrated EntityKey (com.example.chi_daram.entity.User(217200953974500)): 204
2025-08-24T11:33:09.564+03:30 DEBUG 1188 --- [ChiDaram App] [           main] o.h.o.r.l.o.h.o.r.loading.collection     : (SelectEagerCollectionInitializer) Current row collection key : com.example.chi_daram.entity.User(217200953974500).roles#204
2025-08-24T11:33:09.564+03:30 DEBUG 1188 --- [ChiDaram App] [           main] o.hibernate.orm.results.loading.entity   : (EntityResultInitializer) Created new entity instance [com.example.chi_daram.entity.User(217200953974500)#204] : 1082840602
2025-08-24T11:33:09.565+03:30 DEBUG 1188 --- [ChiDaram App] [           main] org.hibernate.orm.results                : Extracted JDBC value [1] - [true]
2025-08-24T11:33:09.565+03:30 DEBUG 1188 --- [ChiDaram App] [           main] org.hibernate.orm.results                : Extracted JDBC value [2] - [true]
2025-08-24T11:33:09.565+03:30 DEBUG 1188 --- [ChiDaram App] [           main] org.hibernate.orm.results                : Extracted JDBC value [3] - [true]
2025-08-24T11:33:09.565+03:30 DEBUG 1188 --- [ChiDaram App] [           main] org.hibernate.orm.results                : Extracted JDBC value [4] - [Desc]
2025-08-24T11:33:09.568+03:30 DEBUG 1188 --- [ChiDaram App] [           main] org.hibernate.orm.results                : Extracted JDBC value [5] - [true]
2025-08-24T11:33:09.568+03:30 DEBUG 1188 --- [ChiDaram App] [           main] org.hibernate.orm.results                : Extracted JDBC value [6] - [null]
2025-08-24T11:33:09.568+03:30 DEBUG 1188 --- [ChiDaram App] [           main] org.hibernate.orm.results                : Extracted JDBC value [7] - [false]
2025-08-24T11:33:09.569+03:30 DEBUG 1188 --- [ChiDaram App] [           main] org.hibernate.orm.results                : Extracted JDBC value [8] - [null]
2025-08-24T11:33:09.569+03:30 DEBUG 1188 --- [ChiDaram App] [           main] org.hibernate.orm.results                : Extracted JDBC value [9] - [$2a$10$z0KU/Orx6ShjQ3zO86e/lueD8CLdT1YLvCHRmtb9P.wEdx48FU7u.]
2025-08-24T11:33:09.569+03:30 DEBUG 1188 --- [ChiDaram App] [           main] org.hibernate.orm.results                : Extracted JDBC value [10] - [09121234567]
2025-08-24T11:33:09.569+03:30 DEBUG 1188 --- [ChiDaram App] [           main] org.hibernate.orm.results                : Extracted JDBC value [11] - [Integration Test User]
2025-08-24T11:33:09.569+03:30 DEBUG 1188 --- [ChiDaram App] [           main] org.hibernate.orm.results                : Extracted JDBC value [12] - [testuser_int]
2025-08-24T11:33:09.569+03:30 DEBUG 1188 --- [ChiDaram App] [           main] o.hibernate.orm.results.loading.entity   : (EntityResultInitializer) Done materializing entityInstance : com.example.chi_daram.entity.User(217200953974500)#204
2025-08-24T11:33:09.569+03:30 DEBUG 1188 --- [ChiDaram App] [           main] org.hibernate.orm.results.loading        : Calling top-level assembler (0 / 1) : org.hibernate.sql.results.graph.entity.internal.EntityAssembler@5b0bfe86
2025-08-24T11:33:09.570+03:30 DEBUG 1188 --- [ChiDaram App] [           main] org.hibernate.orm.sql.exec               : Skipping reading Query result cache data: cache-enabled = false, cache-mode = IGNORE
2025-08-24T11:33:09.570+03:30 DEBUG 1188 --- [ChiDaram App] [           main] org.hibernate.orm.results                : Initializer list:
	  com.example.chi_daram.entity.User.roles -> SetInitializer(com.example.chi_daram.entity.User.roles)@959987612 (PluralAttribute(com.example.chi_daram.entity.User.roles))

2025-08-24T11:33:09.571+03:30 DEBUG 1188 --- [ChiDaram App] [           main] org.hibernate.SQL                        : select r1_0.user_id,r1_0.role from user_roles r1_0 where r1_0.user_id=?
2025-08-24T11:33:09.572+03:30 DEBUG 1188 --- [ChiDaram App] [           main] org.hibernate.orm.results                : Extracted JDBC value [0] - [204]
2025-08-24T11:33:09.573+03:30 DEBUG 1188 --- [ChiDaram App] [           main] o.h.o.r.l.o.h.o.r.loading.collection     : (SetInitializer) Current row collection key : com.example.chi_daram.entity.User.roles#204
2025-08-24T11:33:09.573+03:30 DEBUG 1188 --- [ChiDaram App] [           main] o.h.o.r.l.o.h.o.r.loading.collection     : (SetInitializer) Responsible for loading collection [com.example.chi_daram.entity.User.roles#204] : org.hibernate.collection.spi.PersistentSet@1037479646
2025-08-24T11:33:09.573+03:30 DEBUG 1188 --- [ChiDaram App] [           main] o.h.o.r.l.o.h.o.r.loading.collection     : (SetInitializer) Reading element from row for collection [com.example.chi_daram.entity.User.roles#204] -> org.hibernate.collection.spi.PersistentSet@1037479646
2025-08-24T11:33:09.574+03:30 DEBUG 1188 --- [ChiDaram App] [           main] org.hibernate.orm.results                : Extracted JDBC value [1] - [USER]
2025-08-24T11:33:09.574+03:30 DEBUG 1188 --- [ChiDaram App] [           main] org.hibernate.orm.results.loading        : Calling top-level assembler (0 / 1) : org.hibernate.sql.results.graph.collection.internal.CollectionAssembler@2347ca7a
2025-08-24T11:33:09.575+03:30 DEBUG 1188 --- [ChiDaram App] [           main] o.h.sql.results.internal.ResultsHelper   : Collection fully initialized: [com.example.chi_daram.entity.User.roles#204]
2025-08-24T11:33:09.589+03:30 DEBUG 1188 --- [ChiDaram App] [           main] o.s.orm.jpa.JpaTransactionManager        : Creating new transaction with name [com.example.chi_daram.service.impl.UserServiceImpl.deleteUser]: PROPAGATION_REQUIRED,ISOLATION_DEFAULT
2025-08-24T11:33:09.590+03:30 DEBUG 1188 --- [ChiDaram App] [           main] o.s.orm.jpa.JpaTransactionManager        : Opened new EntityManager [SessionImpl(1555068899<open>)] for JPA transaction
2025-08-24T11:33:09.590+03:30 DEBUG 1188 --- [ChiDaram App] [           main] o.h.e.t.internal.TransactionImpl         : On TransactionImpl creation, JpaCompliance#isJpaTransactionComplianceEnabled == false
2025-08-24T11:33:09.590+03:30 DEBUG 1188 --- [ChiDaram App] [           main] o.h.e.t.internal.TransactionImpl         : begin
2025-08-24T11:33:09.590+03:30 DEBUG 1188 --- [ChiDaram App] [           main] o.s.orm.jpa.JpaTransactionManager        : Exposing JPA transaction as JDBC [org.springframework.orm.jpa.vendor.HibernateJpaDialect$HibernateConnectionHandle@278758da]
2025-08-24T11:33:09.590+03:30 DEBUG 1188 --- [ChiDaram App] [           main] o.s.orm.jpa.JpaTransactionManager        : Found thread-bound EntityManager [SessionImpl(1555068899<open>)] for JPA transaction
2025-08-24T11:33:09.591+03:30 DEBUG 1188 --- [ChiDaram App] [           main] o.s.orm.jpa.JpaTransactionManager        : Participating in existing transaction
2025-08-24T11:33:09.591+03:30 DEBUG 1188 --- [ChiDaram App] [           main] org.hibernate.orm.sql.exec               : Skipping reading Query result cache data: cache-enabled = false, cache-mode = IGNORE
2025-08-24T11:33:09.591+03:30 DEBUG 1188 --- [ChiDaram App] [           main] org.hibernate.orm.results                : Initializer list:
	  com.example.chi_daram.entity.User.roles -> SetInitializer(com.example.chi_daram.entity.User.roles)@2100060293 (PluralAttribute(com.example.chi_daram.entity.User.roles))
	  com.example.chi_daram.entity.User -> EntityResultInitializer(com.example.chi_daram.entity.User)@1819847944 (SingleTableEntityPersister(com.example.chi_daram.entity.User))

2025-08-24T11:33:09.592+03:30 DEBUG 1188 --- [ChiDaram App] [           main] org.hibernate.SQL                        : select u1_0.id,u1_0.account_non_expired,u1_0.account_non_locked,u1_0.credentials_non_expired,u1_0.description,u1_0.enabled,u1_0.otp_code,u1_0.otp_enabled_for_login,u1_0.otp_generated_time,u1_0.password,u1_0.phone_number,r1_0.user_id,r1_0.role,u1_0.title,u1_0.username from "user_security" u1_0 left join user_roles r1_0 on u1_0.id=r1_0.user_id where u1_0.id=?
2025-08-24T11:33:09.604+03:30 DEBUG 1188 --- [ChiDaram App] [           main] o.hibernate.orm.results.loading.entity   : (EntityResultInitializer) Hydrated EntityKey (com.example.chi_daram.entity.User): 204
2025-08-24T11:33:09.604+03:30 DEBUG 1188 --- [ChiDaram App] [           main] o.h.o.r.l.o.h.o.r.loading.collection     : (SetInitializer) Current row collection key : com.example.chi_daram.entity.User.roles#204
2025-08-24T11:33:09.605+03:30 DEBUG 1188 --- [ChiDaram App] [           main] org.hibernate.orm.results                : Extracted JDBC value [11] - [204]
2025-08-24T11:33:09.605+03:30 DEBUG 1188 --- [ChiDaram App] [           main] o.hibernate.orm.results.loading.entity   : (EntityResultInitializer) Created new entity instance [com.example.chi_daram.entity.User#204] : 809663039
2025-08-24T11:33:09.606+03:30 DEBUG 1188 --- [ChiDaram App] [           main] o.h.o.r.l.o.h.o.r.loading.collection     : (SetInitializer) Created new collection wrapper [com.example.chi_daram.entity.User.roles#204] : org.hibernate.collection.spi.PersistentSet@427528658
2025-08-24T11:33:09.606+03:30 DEBUG 1188 --- [ChiDaram App] [           main] o.h.o.r.l.o.h.o.r.loading.collection     : (SetInitializer) Responsible for loading collection [com.example.chi_daram.entity.User.roles#204] : org.hibernate.collection.spi.PersistentSet@427528658
2025-08-24T11:33:09.606+03:30 DEBUG 1188 --- [ChiDaram App] [           main] o.h.o.r.l.o.h.o.r.loading.collection     : (SetInitializer) Reading element from row for collection [com.example.chi_daram.entity.User.roles#204] -> org.hibernate.collection.spi.PersistentSet@427528658
2025-08-24T11:33:09.607+03:30 DEBUG 1188 --- [ChiDaram App] [           main] org.hibernate.orm.results                : Extracted JDBC value [12] - [USER]
2025-08-24T11:33:09.607+03:30 DEBUG 1188 --- [ChiDaram App] [           main] org.hibernate.orm.results                : Extracted JDBC value [1] - [true]
2025-08-24T11:33:09.607+03:30 DEBUG 1188 --- [ChiDaram App] [           main] org.hibernate.orm.results                : Extracted JDBC value [2] - [true]
2025-08-24T11:33:09.607+03:30 DEBUG 1188 --- [ChiDaram App] [           main] org.hibernate.orm.results                : Extracted JDBC value [3] - [true]
2025-08-24T11:33:09.608+03:30 DEBUG 1188 --- [ChiDaram App] [           main] org.hibernate.orm.results                : Extracted JDBC value [4] - [Desc]
2025-08-24T11:33:09.608+03:30 DEBUG 1188 --- [ChiDaram App] [           main] org.hibernate.orm.results                : Extracted JDBC value [5] - [true]
2025-08-24T11:33:09.608+03:30 DEBUG 1188 --- [ChiDaram App] [           main] org.hibernate.orm.results                : Extracted JDBC value [6] - [null]
2025-08-24T11:33:09.609+03:30 DEBUG 1188 --- [ChiDaram App] [           main] org.hibernate.orm.results                : Extracted JDBC value [7] - [false]
2025-08-24T11:33:09.610+03:30 DEBUG 1188 --- [ChiDaram App] [           main] org.hibernate.orm.results                : Extracted JDBC value [8] - [null]
2025-08-24T11:33:09.612+03:30 DEBUG 1188 --- [ChiDaram App] [           main] org.hibernate.orm.results                : Extracted JDBC value [9] - [$2a$10$z0KU/Orx6ShjQ3zO86e/lueD8CLdT1YLvCHRmtb9P.wEdx48FU7u.]
2025-08-24T11:33:09.612+03:30 DEBUG 1188 --- [ChiDaram App] [           main] org.hibernate.orm.results                : Extracted JDBC value [10] - [09121234567]
2025-08-24T11:33:09.612+03:30 DEBUG 1188 --- [ChiDaram App] [           main] org.hibernate.orm.results                : Extracted JDBC value [13] - [Integration Test User]
2025-08-24T11:33:09.612+03:30 DEBUG 1188 --- [ChiDaram App] [           main] org.hibernate.orm.results                : Extracted JDBC value [14] - [testuser_int]
2025-08-24T11:33:09.613+03:30 DEBUG 1188 --- [ChiDaram App] [           main] o.hibernate.orm.results.loading.entity   : (EntityResultInitializer) Done materializing entityInstance : com.example.chi_daram.entity.User#204
2025-08-24T11:33:09.613+03:30 DEBUG 1188 --- [ChiDaram App] [           main] org.hibernate.orm.results.loading        : Calling top-level assembler (0 / 1) : org.hibernate.sql.results.graph.entity.internal.EntityAssembler@6c26a27e
2025-08-24T11:33:09.613+03:30 DEBUG 1188 --- [ChiDaram App] [           main] o.h.sql.results.internal.ResultsHelper   : Collection fully initialized: [com.example.chi_daram.entity.User.roles#204]
2025-08-24T11:33:09.615+03:30 DEBUG 1188 --- [ChiDaram App] [           main] o.s.orm.jpa.JpaTransactionManager        : Found thread-bound EntityManager [SessionImpl(1555068899<open>)] for JPA transaction
2025-08-24T11:33:09.616+03:30 DEBUG 1188 --- [ChiDaram App] [           main] o.s.orm.jpa.JpaTransactionManager        : Participating in existing transaction
2025-08-24T11:33:09.616+03:30 DEBUG 1188 --- [ChiDaram App] [           main] o.h.j.internal.PersistenceUnitUtilImpl   : jakarta.persistence.PersistenceUnitUtil.getIdentifier is only intended to work with enhanced entities (although Hibernate also adapts this support to its proxies); however the passed entity was not enhanced (nor a proxy).. may not be able to read identifier
2025-08-24T11:33:09.617+03:30 DEBUG 1188 --- [ChiDaram App] [           main] o.h.j.internal.PersistenceUnitUtilImpl   : jakarta.persistence.PersistenceUnitUtil.getIdentifier is only intended to work with enhanced entities (although Hibernate also adapts this support to its proxies); however the passed entity was not enhanced (nor a proxy).. may not be able to read identifier
2025-08-24T11:33:09.619+03:30 DEBUG 1188 --- [ChiDaram App] [           main] o.s.orm.jpa.JpaTransactionManager        : Initiating transaction commit
2025-08-24T11:33:09.619+03:30 DEBUG 1188 --- [ChiDaram App] [           main] o.s.orm.jpa.JpaTransactionManager        : Committing JPA transaction on EntityManager [SessionImpl(1555068899<open>)]
2025-08-24T11:33:09.620+03:30 DEBUG 1188 --- [ChiDaram App] [           main] o.h.e.t.internal.TransactionImpl         : committing
2025-08-24T11:33:09.620+03:30 DEBUG 1188 --- [ChiDaram App] [           main] o.h.e.i.AbstractFlushingEventListener    : Processing flush-time cascades
2025-08-24T11:33:09.621+03:30 DEBUG 1188 --- [ChiDaram App] [           main] o.h.e.i.AbstractFlushingEventListener    : Dirty checking collections
2025-08-24T11:33:09.630+03:30 DEBUG 1188 --- [ChiDaram App] [           main] o.hibernate.engine.internal.Collections  : Collection dereferenced: [com.example.chi_daram.entity.User.roles#204]
2025-08-24T11:33:09.631+03:30 DEBUG 1188 --- [ChiDaram App] [           main] o.h.e.i.AbstractFlushingEventListener    : Flushed: 0 insertions, 0 updates, 1 deletions to 1 objects
2025-08-24T11:33:09.631+03:30 DEBUG 1188 --- [ChiDaram App] [           main] o.h.e.i.AbstractFlushingEventListener    : Flushed: 0 (re)creations, 0 updates, 1 removals to 1 collections
2025-08-24T11:33:09.631+03:30 DEBUG 1188 --- [ChiDaram App] [           main] o.hibernate.internal.util.EntityPrinter  : Listing entities:
2025-08-24T11:33:09.632+03:30 DEBUG 1188 --- [ChiDaram App] [           main] o.hibernate.internal.util.EntityPrinter  : com.example.chi_daram.entity.User{credentialsNonExpired=true, roles=[USER], otpCode=null, description=Desc, title=Integration Test User, enabled=true, otpGeneratedTime=null, password=$2a$10$z0KU/Orx6ShjQ3zO86e/lueD8CLdT1YLvCHRmtb9P.wEdx48FU7u., phoneNumber=09121234567, otpEnabledForLogin=false, accountNonExpired=true, id=204, accountNonLocked=true, username=testuser_int}
2025-08-24T11:33:09.632+03:30 DEBUG 1188 --- [ChiDaram App] [           main] org.hibernate.orm.jdbc.mutation          : Deleting collection - com.example.chi_daram.entity.User.roles : 204
2025-08-24T11:33:09.632+03:30 DEBUG 1188 --- [ChiDaram App] [           main] org.hibernate.SQL                        : delete from user_roles where user_id=?
2025-08-24T11:33:09.635+03:30 DEBUG 1188 --- [ChiDaram App] [           main] org.hibernate.SQL                        : delete from "user_security" where id=?
2025-08-24T11:33:09.640+03:30 DEBUG 1188 --- [ChiDaram App] [           main] o.s.orm.jpa.JpaTransactionManager        : Closing JPA EntityManager [SessionImpl(1555068899<open>)] after transaction
2025-08-24T11:33:09.652+03:30 DEBUG 1188 --- [ChiDaram App] [           main] o.s.orm.jpa.JpaTransactionManager        : Creating new transaction with name [org.springframework.data.jpa.repository.support.SimpleJpaRepository.findById]: PROPAGATION_REQUIRED,ISOLATION_DEFAULT,readOnly
2025-08-24T11:33:09.660+03:30 DEBUG 1188 --- [ChiDaram App] [           main] o.s.orm.jpa.JpaTransactionManager        : Opened new EntityManager [SessionImpl(1025662953<open>)] for JPA transaction
2025-08-24T11:33:09.660+03:30 DEBUG 1188 --- [ChiDaram App] [           main] o.h.e.t.internal.TransactionImpl         : On TransactionImpl creation, JpaCompliance#isJpaTransactionComplianceEnabled == false
2025-08-24T11:33:09.660+03:30 DEBUG 1188 --- [ChiDaram App] [           main] o.h.e.t.internal.TransactionImpl         : begin
2025-08-24T11:33:09.660+03:30 DEBUG 1188 --- [ChiDaram App] [           main] o.s.orm.jpa.JpaTransactionManager        : Exposing JPA transaction as JDBC [org.springframework.orm.jpa.vendor.HibernateJpaDialect$HibernateConnectionHandle@6d024898]
2025-08-24T11:33:09.661+03:30 DEBUG 1188 --- [ChiDaram App] [           main] org.hibernate.orm.sql.exec               : Skipping reading Query result cache data: cache-enabled = false, cache-mode = IGNORE
2025-08-24T11:33:09.662+03:30 DEBUG 1188 --- [ChiDaram App] [           main] org.hibernate.orm.results                : Initializer list:
	  com.example.chi_daram.entity.User.roles -> SetInitializer(com.example.chi_daram.entity.User.roles)@2071180745 (PluralAttribute(com.example.chi_daram.entity.User.roles))
	  com.example.chi_daram.entity.User -> EntityResultInitializer(com.example.chi_daram.entity.User)@1245719459 (SingleTableEntityPersister(com.example.chi_daram.entity.User))

2025-08-24T11:33:09.662+03:30 DEBUG 1188 --- [ChiDaram App] [           main] org.hibernate.SQL                        : select u1_0.id,u1_0.account_non_expired,u1_0.account_non_locked,u1_0.credentials_non_expired,u1_0.description,u1_0.enabled,u1_0.otp_code,u1_0.otp_enabled_for_login,u1_0.otp_generated_time,u1_0.password,u1_0.phone_number,r1_0.user_id,r1_0.role,u1_0.title,u1_0.username from "user_security" u1_0 left join user_roles r1_0 on u1_0.id=r1_0.user_id where u1_0.id=?
2025-08-24T11:33:09.665+03:30 DEBUG 1188 --- [ChiDaram App] [           main] o.s.orm.jpa.JpaTransactionManager        : Initiating transaction commit
2025-08-24T11:33:09.666+03:30 DEBUG 1188 --- [ChiDaram App] [           main] o.s.orm.jpa.JpaTransactionManager        : Committing JPA transaction on EntityManager [SessionImpl(1025662953<open>)]
2025-08-24T11:33:09.768+03:30 DEBUG 1188 --- [ChiDaram App] [           main] o.h.e.t.internal.TransactionImpl         : committing
2025-08-24T11:33:09.771+03:30 DEBUG 1188 --- [ChiDaram App] [           main] o.s.orm.jpa.JpaTransactionManager        : Closing JPA EntityManager [SessionImpl(1025662953<open>)] after transaction
]]></system-out>
  </testcase>
</testsuite>